Unity Player [version: Unity 5.4.2f2_b7e030c65c9b]

dbz.exe caused an Access Violation (0xc0000005)
  in module dbz.exe at 0023:00feb296.

Error occurred at 2016-12-22_092400.
D:\Projects\Unity\DBZ Contra\dbz.exe, run by bruno.
61% memory in use.
0 MB physical memory [0 MB free].
0 MB paging file [3464 MB free].
0 MB user address space [3659 MB free].
Read from location 000005d4 caused an access violation.

Context:
EDI:    0x00000000  ESI: 0x04b00750  EAX:   0x008fe930
EBX:    0x00011b9e  ECX: 0x00000000  EDX:   0x00000002
EIP:    0x00feb296  EBP: 0x008fe91c  SegCs: 0x00000023
EFlags: 0x00210287  ESP: 0x008fe918  SegSs: 0x0000002b

Bytes at CS:EIP:
83 bf d4 05 00 00 00 75 07 32 c0 5f 5d c2 04 00 

Stack:
0x008fe918: 01822f2d 008fe94c 00fd3609 008fe930 -/..L....6..0...
0x008fe928: 00000003 04b00750 666e6f63 00006769 ....P...config..
0x008fe938: 00040000 008fe974 00000006 0000000f ....t...........
0x008fe948: 00000000 008fe954 00fd24c7 008fe96c ....T....$..l...
0x008fe958: 00fd25f6 00000002 00fd4800 00000000 .%.......H......
0x008fe968: 019a9670 008fe988 00fd485f 00000003 p......._H......
0x008fe978: 1e7d1480 1e7d1480 00011b9e 00000000 ..}...}.........
0x008fe988: 008fe9bc 00fd14d5 04b00750 00000003 ........P.......
0x008fe998: 1e7d1480 1e7d1480 00011b9e 00000000 ..}...}.........
0x008fe9a8: 00000003 04b006f8 00000000 019a9670 ............p...
0x008fe9b8: 00000000 008fea24 00fd2144 00000003 ....$...D!......
0x008fe9c8: 1e7d1480 1e7d1480 00011b9e 00000000 ..}...}.........
0x008fe9d8: 019a9974 00000000 019a9974 bdde1a7f t.......t.......
0x008fe9e8: 008fea5c 77c308c6 0449ffc0 044a9e30 \......w..I.0.J.
0x008fe9f8: 008fea08 016180f7 0449ffc0 04508df0 ......a...I...P.
0x008fea08: 008fea2c 00e48c23 04a05f88 008fea28 ,...#...._..(...
0x008fea18: 00000000 2645f2f6 00000000 008fea30 ......E&....0...
0x008fea28: 00fd2167 00000003 008fea4c 00a0f381 g!......L.......
0x008fea38: 04b006f8 00000000 00000000 0449ffc0 ..............I.
0x008fea48: 00000000 008fea6c 00bf97df 00000000 ....l...........
0x008fea58: 00000006 00000000 5e8e1695 00000000 ...........^....
0x008fea68: 00000000 008feab4 00c91c02 00000000 ................
0x008fea78: 00000001 00000000 00000001 00c91950 ............P...
0x008fea88: 00000000 008fead8 00000006 00000000 ................
0x008fea98: 77beaed3 00040001 00000000 00000000 ...w............
0x008feaa8: 008feae0 00000000 bdde1923 008feae0 ........#.......
0x008feab8: 7515d2b3 001c0a64 00000006 00000001 ...ud...........
0x008feac8: 00000000 00000001 dcbaabcd 00c91950 ............P...
0x008fead8: 00000000 00000001 008febc8 7513e88a ...............u
0x008feae8: 00c91950 001c0a64 00000006 00000001 P...d...........
0x008feaf8: 00000000 bdde185f 00000000 00000000 ...._...........
0x008feb08: 00000006 00000000 00000000 00000000 ................
0x008feb18: 00000000 00000000 00000000 bdde18bf ................
0x008feb28: 00000000 77c308c6 008feb44 00000020 .......wD... ...
0x008feb38: 008fec78 77c30810 008feb64 024e7240 x......wd...@rN.
0x008feb48: 00000024 00000001 00000000 00000000 $...............
0x008feb58: 00000030 ffffffff ffffffff 7513e71c 0..............u
0x008feb68: 00000000 00000000 00000000 00000000 ................
0x008feb78: 00000000 00000000 00c91950 00000000 ........P.......
0x008feb88: 021e09f8 00000000 80000011 00000000 ................
0x008feb98: 00000000 80000011 00000000 00000001 ................
0x008feba8: 001c0a64 bdde185f 008fec18 008fe348 d..._.......H...
0x008febb8: 008fec18 751615b0 c84cbc17 00000000 .......u..L.....
0x008febc8: 008fec28 7513e4c0 00c91950 00000000 (......uP.......
0x008febd8: 00000006 00000001 00000000 006e0000 ..............n.
0x008febe8: 00000001 bdde1fbf 008fed90 77c424b0 .............$.w
0x008febf8: 00000000 00040000 00000000 00000000 ................
0x008fec08: 001c0a64 00000000 008febec 008fe348 d...........H...
0x008fec18: 008fec78 751615b0 c84cbcf7 fffffffe x......u..L.....
0x008fec28: 008fec68 75148b09 024e7240 00000000 h......u@rN.....
0x008fec38: 00000006 00000001 00000000 00c91950 ............P...
0x008fec48: 00000104 00000000 00000000 00000000 ................
0x008fec58: 008fec6c 00000000 00000000 bdde1fff l...............
0x008fec68: 008fecd4 77c308c6 008fec84 00000020 .......w.... ...
0x008fec78: 008fed54 77c30810 008feca8 024e7240 T......w....@rN.
0x008fec88: 00000000 00000006 00000001 00000000 ................
0x008fec98: 00c91950 77c424b0 00000000 7733249c P....$.w.....$3w
0x008feca8: 75146ad7 008fed90 00000000 00000104 .j.u............
0x008fecb8: 00000104 00000002 02527bb0 006e0000 .........{R...n.
0x008fecc8: 01100100 00000102 02527bb0 008fed0c .........{R.....
0x008fecd8: 75146a6d 00000104 00000104 00000002 mj.u............
0x008fece8: 00000000 008ff098 008fed90 008ff098 ................
0x008fecf8: 84191b03 008ff098 02527bb0 006e0000 .........{R...n.
0x008fed08: 008fed1c 008fed64 75c8aae6 008fed90 ....d......u....
0x008fed18: 00000000 00000104 00000104 00000002 ................
0x008fed28: 84191b53 008ff098 00000000 00000003 S...............
0x008fed38: 75c8ad8f 008fed5c 00000000 008ff098 ...u\...........
0x008fed48: 00000000 008fed28 008ff098 008fee00 ....(...........
0x008fed58: 75cf0330 f14df157 00000000 008fedb0 0..uW.M.........
0x008fed68: 75c8abb7 008fed90 00000000 00000104 ...u............
0x008fed78: 00000104 00000002 008ff098 008ff098 ................
0x008fed88: 00000002 86d80e2e fffffffe 008fedfc ................
0x008fed98: 773324ac 751485f6 00005cff 75148600 .$3w...u.\.....u
0x008feda8: bdde1e3b 84191b87 008fee10 75c8ae08 ;..............u
0x008fedb8: 84191827 050ecdaa 008ff098 00000002 '...............
0x008fedc8: 00005dff 00000000 000000ac 000007a8 .]..............
0x008fedd8: 000007ac 000000ac f101d63a 00000144 ........:...D...
0x008fede8: 008ff098 008ff6b0 04410041 84191827 ........A.A.'...
0x008fedf8: 008fedb8 008fee34 008ff6b0 75cf0330 ....4.......0..u
0x008fee08: f14df1bf fffffffe 008fee34 75c8b2bc ..M.....4......u
0x008fee18: 01cf1910 107a2b28 008ff098 00000000 ....(+z.........
0x008fee28: 050ecdaa 000003e8 84191803 008feef4 ................
0x008fee38: 75c77301 008fee80 00000002 008fee78 .s.u........x...
0x008fee48: 01cf1910 01ced1e0 1208cdf8 01cf1910 ................
0x008fee58: 00000000 01cf1910 00000002 1209cfdc ................
0x008fee68: 00000000 008ff1c4 00000000 107a2b28 ............(+z.
0x008fee78: ffffffff 008ff098 000007a8 000007ac ................
0x008fee88: 75c7ef98 00000000 00000000 00000000 ...u............
0x008fee98: 00000000 11d22e00 00000000 00000000 ................
0x008feea8: 00000000 00000000 00000000 00000000 ................
0x008feeb8: 00000000 00000000 00000000 00000000 ................
0x008feec8: 00000000 00000000 00000000 00000000 ................
0x008feed8: 00000000 423ec01e 11d22e35 100004b6 ......>B5.......
0x008feee8: fd3e704b 84191863 00000000 008ff008 Kp>.c...........
0x008feef8: 75c88306 1209cfdc 75c88160 008ff1c4 ...u....`..u....
0x008fef08: 01cf1910 12099ab0 008ff19c 755bdad2 ..............[u
0x008fef18: 008ff1c4 00000000 008ff1c4 75be44a0 .............D.u
0x008fef28: 00000000 00000000 050ecdaa 00000000 ................
0x008fef38: 12099b54 ffffffff ffffffff 00000000 T...............
0x008fef48: 00000000 00000000 12099b5c 755bf640 ........\...@.[u
0x008fef58: 00000000 1209a8d0 423ec01e 11d22e35 ..........>B5...
0x008fef68: 100004b6 fd3e704b 00001008 01d40ec8 ....Kp>.........
0x008fef78: e903695b 008ff01c 755bc03d 1209a8b8 [i......=.[u....
0x008fef88: 00000000 12099a40 12099988 00000000 ....@...........
0x008fef98: 12099ab0 12099988 00000000 008ff01c ................
0x008fefa8: 755bc0a8 12099ab0 008fefcc 77bfb490 ..[u...........w
0x008fefb8: 77cce508 00001008 00000003 01cfed18 ...w............
0x008fefc8: 01d40ec8 008fefd4 00000003 774d1820 ............ .Mw
0x008fefd8: 008feff4 77a2103a 00000003 00000000 ....:..w........
0x008fefe8: 01ced1e0 77a21046 6dae4fbd 008ff02c ....F..w.O.m,...
0x008feff8: 77a20fe0 77a20fc7 6dae5065 8419193b ...w...weP.m;...
0x008ff008: 008ff178 75c87bef 008ff1c4 008ff19c x....{.u........
0x008ff018: 01cf1910 008ff2b0 008ff1c4 1a8a8a59 ............Y...
0x008ff028: 00000000 008ff1c4 008ff19c 00000000 ................
0x008ff038: 01ced1e0 00000000 75c7e5c3 120a4fe0 ...........u.O..
0x008ff048: 00000000 00000030 01cf1910 01ced1e0 ....0...........
0x008ff058: 75c7e6d1 008ff1c4 693174e8 00000001 ...u.....t1i....
0x008ff068: 00000000 0cc733d8 01ced1e0 00000000 .....3..........
0x008ff078: 00000000 1209cfdc 00000000 75c88880 ...............u
0x008ff088: 120a4fd8 00000000 00000040 00000000 .O......@.......
0x008ff098: 75be4704 01000000 00000000 00000000 .G.u............
0x008ff0a8: 00000000 00000000 80010115 00000000 ................
0x008ff0b8: 00000000 00000000 00000000 75cfbb50 ............P..u
0x008ff0c8: 00000000 00000000 00005dff e20f6c3d .........]..=l..
0x008ff0d8: 402404ad f3fedc96 d39faa88 00000010 ..$@............
0x008ff0e8: 00000000 008ff1c4 050ecdaa 00000000 ................
0x008ff0f8: 00000000 00000001 00000000 0cd02f88 ............./..
0x008ff108: 00000000 00000000 00000000 00000000 ................
0x008ff118: 00000000 10000bb6 fd3e704b 84190723 ........Kp>.#...
0x008ff128: 008ff148 008ff088 00000000 00000000 H...............
0x008ff138: 00000000 00000000 00000000 00000000 ................
0x008ff148: 00000000 00000000 00000000 00000000 ................
0x008ff158: 75595ae7 423ec01e 11d22e35 100004b6 .ZYu..>B5.......
0x008ff168: fd3e704b 8419067b 00000000 84190613 Kp>.{...........
0x008ff178: 008ff1a4 75c03045 008ff1c4 008ff19c ....E0.u........
0x008ff188: 008ff704 008ff3f0 75c02f70 01cf1910 ........p/.u....
0x008ff198: 008ff1c4 00000000 84190793 008ff6c0 ................
0x008ff1a8: 75595a9a 1207f57c 008ff2b0 e90370e7 .ZYu|........p..
0x008ff1b8: 75cf2ad0 008ff6f8 108cab6c 01cf1910 .*.u....l.......
0x008ff1c8: 00000010 00000000 00000018 00008003 ................
0x008ff1d8: 00000000 1209a8b8 00000000 00000000 ................
0x008ff1e8: 00000000 00000000 108cab1c 00000000 ................
0x008ff1f8: 00000000 006e2000 00000000 00000000 ..... n.........
0x008ff208: 00000000 00000000 01cf1760 008ff290 ........`.......
0x008ff218: 00000000 00000000 00000000 75beb0b8 ...............u
0x008ff228: 00000000 008ff2b0 008ff2b0 00000000 ................
0x008ff238: 693168d4 008ff2b0 008ff704 00000000 .h1i............
0x008ff248: 006e2000 008ff2d0 00000000 008ff2b0 . n.............
0x008ff258: 00000000 120a5004 120a4fb0 00000000 .....P...O......
0x008ff268: 01cf1760 00000000 00000000 00000000 `...............
0x008ff278: 00000000 75beb0b8 00000000 00000000 .......u........
0x008ff288: 00000007 00000000 01cf1760 00000000 ........`.......
0x008ff298: 00000000 00000000 69319920 69319850 ........ .1iP.1i
0x008ff2a8: 00000000 00000001 008ff1c4 120a5030 ............0P..
0x008ff2b8: 00000000 00000000 120a5018 00000054 .........P..T...
0x008ff2c8: 00000000 00000000 00000001 00000000 ................
0x008ff2d8: 00000000 00000000 00000000 00000000 ................
0x008ff2e8: 00000002 00000000 00000000 00000000 ................
0x008ff2f8: 69319920 69319850 008ff6f8 00000000  .1iP.1i........
0x008ff308: 00000000 00000000 693118d8 00000000 ..........1i....
0x008ff318: 00000000 00000000 00000140 00000000 ........@.......
0x008ff328: 00000000 00000000 00000000 120a12f0 ................
0x008ff338: 00000000 00000000 00000000 00000000 ................
0x008ff348: 00000000 00000003 008fe170 00000000 ........p.......
0x008ff358: 008ff498 008ff6f8 00000000 00000000 ................
0x008ff368: 00000000 00000000 00000000 008ff3f0 ................
0x008ff378: 00000000 00000000 00000000 00000000 ................
0x008ff388: 00000000 008ff258 00000003 00000060 ....X.......`...
0x008ff398: 01cf179c 0000006c 00000001 00000000 ....l...........
0x008ff3a8: 6931672a 6931503a 008ff6a0 008ff704 *g1i:P1i........
0x008ff3b8: 00000000 6931502c 00000000 755af540 ....,P1i....@.Zu
0x008ff3c8: 00000000 008ff3f0 00000000 00000000 ................
0x008ff3d8: 1207f57c 00000000 69314ff8 008ff2b0 |........O1i....
0x008ff3e8: 00000003 00000010 8a885d04 0000006c .........]..l...
0x008ff3f8: 69314fea 69314fe0 00000007 69314ff8 .O1i.O1i.....O1i
0x008ff408: 008ff6f8 00000233 00000000 69314fea ....3........O1i
0x008ff418: 6931672a 00000022 00000000 00000000 *g1i"...........
0x008ff428: 00000000 00000001 00000020 00000000 ........ .......
0x008ff438: 00000000 00000000 00000000 755d2340 ............@#]u
0x008ff448: 00000000 00000000 00000000 00000000 ................
0x008ff458: 755cf2b0 755cf3a0 00000000 00000000 ..\u..\u........
0x008ff468: 00000000 00000000 00000000 00000000 ................
0x008ff478: 00000000 00000000 00000000 008ff628 ............(...
0x008ff488: 008ff488 008ff488 00000068 80004002 ........h....@..
0x008ff498: 008ff498 008ff498 00000017 00000000 ................
0x008ff4a8: 008ff4a8 008ff4a8 000001f8 bf643e6a ............j>d.
0x008ff4b8: 008ff7c8 108cab78 6931488c 77cce500 ....x....H1i...w
0x008ff4c8: 755925fc 008ff150 008ff290 1209e91c .%YuP...........
0x008ff4d8: 00000000 00000000 00000000 1207f728 ............(...
0x008ff4e8: 1207f72c 008ff554 01d4cef8 008ff644 ,...T.......D...
0x008ff4f8: 1208cdf8 00000000 75c897e7 75cfbb50 ...........uP..u
0x008ff508: 01ced1e0 008ff520 75c01c67 1209e9bc .... ...g..u....
0x008ff518: 75c01c72 84190317 008ff534 755ce8ee r..u....4.....\u
0x008ff528: 1207f72c 755ce8f9 008ff610 75cd4d30 ,.....\u....0M.u
0x008ff538: 00000000 1207f72c 10a2db38 1207e148 ....,...8...H...
0x008ff548: 00000043 00000000 10a2db48 00000064 C.......H...d...
0x008ff558: 004d004f 80004002 008ff63c 008ff644 O.M..@..<...D...
0x008ff568: 1209e91c 75c145ea 75db7098 008ff584 .....E.u.p.u....
0x008ff578: 75c88a87 75db70ac 00000000 008ff5d8 ...u.p.u........
0x008ff588: 75c8cd20 75c10300 00001588 8496f637  ..u...u....7...
0x008ff598: 008ff63c 1209e91c 75c8cd30 00000001 <.......0..u....
0x008ff5a8: 1207f490 008ff63c 008ff640 008ff644 ....<...@...D...
0x008ff5b8: 00000000 008ff654 1207f488 00000000 ....T...........
0x008ff5c8: 00000000 1209e91c 00000000 77c302ac ...............w
0x008ff5d8: 750e9980 01ce4ba0 00000010 01ce4ba0 ...u.K.......K..
0x008ff5e8: 00000000 008ff648 750e976f 01ce4c08 ....H...o..u.L..
0x008ff5f8: 00000010 008ff6cc 750e977f 00000000 ...........u....
0x008ff608: 01ce4bf8 008ff6dc 00000013 00000000 .K..............
0x008ff618: 008f0001 008ff668 01ce4c08 1207f458 ....h....L..X...
0x008ff628: 01d4c898 00000000 008ff638 008ff63c ........8...<...
0x008ff638: 75c8a41a 1207f72c 75c890d0 108cab2c ...u,......u,...
0x008ff648: 75cfbc50 75c89138 1209e918 00000001 P..u8..u........
0x008ff658: 108caaf0 008ff6cc 00000000 fffffffe ................
0x008ff668: 00000001 00000002 84190043 008ff688 ........C.......
0x008ff678: 75c0077f 1209e9bc 75c0078a 841900bf ...u.......u....
0x008ff688: 008ff69c 755ce93e 1207f72c 755ce949 ....>.\u,...I.\u
0x008ff698: e90370bb 008ff6ec 6927414e e90370e7 .p......NA'i.p..
0x008ff6a8: 008ff1b4 008ff7d8 008ff748 755d4aa0 ........H....J]u
0x008ff6b8: 9cef2607 00000001 008ff6e0 75c03a80 .&...........:.u
0x008ff6c8: 693118d8 69314fe0 008ff6f8 008ff7dc ..1i.O1i........
0x008ff6d8: 108cab78 00000020 008ff6f0 75cf2abf x... ........*.u
0x008ff6e8: 008ff6f8 00000003 008ff754 69269653 ........T...S.&i
0x008ff6f8: 1207f57c 108cab1c ffffffff 00000001 |...............
0x008ff708: 008ff7dc 008ff73c 008ff740 9841522b ....<...@...+RA.
0x008ff718: 03e7eb08 01794bb4 00000000 03801610 .....Ky.........
0x008ff728: 008ff740 00ae556f 03e7eb00 03e7eb00 @...oU..........
0x008ff738: 019f0000 00000000 00000000 9841522b ............+RA.
0x008ff748: 008ffdfc 69277b58 ffffffff 008ff7cc ....X{'i........
0x008ff758: 00af532f 108cab78 ffffffff 00000001 /S..x...........
0x008ff768: 008ff7d8 008ff7dc 00000010 00000010 ................
0x008ff778: 00000000 009dfc24 03ebb1b0 008ff804 ....$...........
0x008ff788: 0000000e 00000018 008ff804 0000000a ................
0x008ff798: 03ebb1b0 008ff804 008ff78c 008ff804 ................
0x008ff7a8: 00000018 008ff7cc 009eec14 00000000 ................
0x008ff7b8: 00000000 00000000 00000010 1209a3a8 ................
0x008ff7c8: 108cab78 008ff824 00af55c7 008ff7e8 x...$....U......
0x008ff7d8: 00000000 00000000 04b00750 00000000 ........P.......
0x008ff7e8: 354a5242 46303334 32004242 00004d36 BRJ5430FBB.26M..
0x008ff7f8: 0000000a 0000000f 03ec2e90 03ebb1b0 ................
0x008ff808: 47413045 32473941 00004d36 00000018 E0AGA9G26M......
0x008ff818: 0000001f 008ff918 1209a3a8 008ff918 ................
0x008ff828: 00fd34f5 00000010 04b00750 00000000 .4......P.......
0x008ff838: 008ff850 00ae5185 03eae020 00000010 P....Q.. .......
0x008ff848: 00000010 019f0000 008ff888 342e3575 ............u5.4
0x008ff858: 3266322e 00000000 0000002f 00000008 .2f2..../.......
0x008ff868: 0000000f 00000000 03ec2e90 00ae7292 .............r..
0x008ff878: 00000030 00000010 00000020 0000002f 0....... .../...
0x008ff888: 008ff8a8 646e6957 5073776f 6579616c ....WindowsPlaye
0x008ff898: 00000072 0000000d 0000000f 0000004b r...........K...
0x008ff8a8: 03ec2e90 009df599 00000030 00000010 ........0.......
0x008ff8b8: 00000020 0000002f 0177eea8 0000004b  .../.....w.K...
0x008ff8c8: 008ff8fc 009dfbc6 00000030 00000000 ........0.......
0x008ff8d8: 00000024 04b00760 342e3500 3266322e $...`....5.4.2f2
0x008ff8e8: 04b00700 008ff8d8 00000000 0000000f ................
0x008ff8f8: 008ff918 03ec2e00 03eae020 03eadf90 ........ .......
0x008ff908: 00000024 00000000 0000000f 00000000 $...............
0x008ff918: 008ff920 00fd24ba 008ff930 00fd2f97  ....$..0..../..
0x008ff928: 00000001 04b00750 008ff9a4 00fd471b ....P........G..
0x008ff938: 008ff948 00000001 04b00750 00011b9e H.......P.......
0x008ff948: 03eadf90 04b006f8 00000000 0197f548 ............H...
0x008ff958: 00000024 0000002f 00c8eb00 00000000 $.../...........
0x008ff968: 00000000 00000005 00000000 00000000 ................
0x008ff978: 0000000f 2645f269 00000100 00000000 ....i.E&........
0x008ff988: 008ff9fd 00000010 00000000 0000000f ................
0x008ff998: 0197f624 04b00750 008ff9b4 008ff9b4 $...P...........
0x008ff9a8: 00fd47e5 00000000 019a9670 008ff9d0 .G......p.......
0x008ff9b8: 00fd485f 00000001 1e7d1480 1e7d1480 _H........}...}.
0x008ff9c8: 00011b9e 00000000 008ffa04 00fd14d5 ................
0x008ff9d8: 04b00750 00000001 1e7d1480 1e7d1480 P.........}...}.
0x008ff9e8: 00011b9e 00000000 01822de5 04b006f8 .........-......
0x008ff9f8: 00000000 019a9670 00000000 008ffa6c ....p.......l...
0x008ffa08: 00fd2144 00000001 1e7d1480 1e7d1480 D!........}...}.
0x008ffa18: 00011b9e 00000000 00000002 00000003 ................
0x008ffa28: 019a6350 03eae000 03ebb190 03e923b0 Pc...........#..
0x008ffa38: 008ffaa8 00000000 0000000f 00000002 ................
0x008ffa48: 03eae020 008ffa3c 008ffdfc 00000000  ...<...........
0x008ffa58: 00000024 0000002f 008ffa7c 2645f295 $.../...|.....E&
0x008ffa68: 00000000 008ffa78 00fd229a 00000001 ....x...."......
0x008ffa78: 008ffaa0 00c1efa0 04b006f8 ffffffbc ................
0x008ffa88: 044d1e40 00000002 044d1e40 03e8fa01 @.M.....@.M.....
0x008ffa98: 044d1db0 019a632c 008ffb08 00c1fcaf ..M.,c..........
0x008ffaa8: ffffffbc 044d1e40 00000002 03e8fa40 ....@.M.....@...
0x008ffab8: 044d1db0 03e8fa01 03ebb030 03ebb030 ..M.....0...0...
0x008ffac8: 00000000 044d1e04 008ffae4 03ebb050 ......M.....P...
0x008ffad8: 00000000 03ebb030 00000000 008ffaf4 ....0...........
0x008ffae8: 00ae68f0 03ebb030 00000008 008ffb2c .h..0.......,...
0x008ffaf8: 009e8700 03ebb030 044d1db0 044d1db0 ....0.....M...M.
0x008ffb08: 008ffb2c 00c1fe6f 03e8fa40 044d1db0 ,...o...@.....M.
0x008ffb18: 00c1eb9a 00000010 03e8fa40 00000001 ........@.......
0x008ffb28: 03e8fa40 008ffb4c 00c1ec2a 00000002 @...L...*.......
0x008ffb38: 7fffffff 00000010 044d1db0 00000000 ..........M.....
0x008ffb48: 00000001 008ffb5c 00ac81f1 0000000f ....\...........
0x008ffb58: 044e8c80 008ffbf0 00bfadec 008ffb88 ..N.............
0x008ffb68: 008ffba4 008ffbc0 008ffbdc 00000000 ................
0x008ffb78: 00000002 75152480 75146760 00000004 .....$.u`g.u....
0x008ffb88: 03ebb0d0 008ffbc4 00a51094 008ffbc4 ................
0x008ffb98: 00000016 0000001f 019adbcc 6576656c ............leve
0x008ffba8: 0000306c 00000000 00000000 00000006 l0..............
0x008ffbb8: 0000000f 00000000 03ebb0b0 008ffbe0 ................
0x008ffbc8: 00ac7286 03ebb0d0 00000014 0000001f .r..............
0x008ffbd8: 00000000 00000000 00000000 00000000 ................
0x008ffbe8: 00000000 75146760 008ffc2c 00bfae92 ....`g.u,.......
0x008ffbf8: 00000000 00c91852 00c92079 00000000 ....R...y ......
0x008ffc08: 00000001 001c0a64 000000ff 00000001 ....d...........
0x008ffc18: 01da0105 050eccdf 000002c6 00000145 ............E...
0x008ffc28: 00000700 008ffd64 00c940ae 010bdbdb ....d....@......
0x008ffc38: 00000000 006df000 03e775b0 01c0003f ......m..u..?...
0x008ffc48: 000001ff 00000000 0000002e 0000002f ............/...
0x008ffc58: 00000fff 03e73910 7fffffff 02211d08 .....9........!.
0x008ffc68: 018c3de0 00000033 0000003f 010dc580 .=..3...?.......
0x008ffc78: 02211d08 018c3de0 00000010 00000010 ..!..=..........
0x008ffc88: 7fffffff 00000000 0197f548 02211940 ........H...@.!.
0x008ffc98: 00000010 008ffc00 008ffcd0 010d9240 ............@...
0x008ffca8: 02211d08 018c3de0 03e73a10 008ffcc0 ..!..=...:......
0x008ffcb8: 7fffffff 00000000 00000034 0000003f ........4...?...
0x008ffcc8: 022105a8 03e77670 008ffd00 010ca72c ..!.pv......,...
0x008ffcd8: 02211d08 00000025 0000002f 008ffc20 ..!.%.../... ...
0x008ffce8: 616e614d 00646567 6c65746e 00000000 Managed.ntel....
0x008ffcf8: 00000007 0000000f 008ffd0c 03e73950 ............P9..
0x008ffd08: 03e73988 03e73988 0000000d 03800040 .9...9......@...
0x008ffd18: 65646900 646e6957 6c00776f 008f006c .ideWindow.ll...
0x008ffd28: 00000000 0000000f 00000000 00000000 ................
0x008ffd38: 65726100 5748746e 0100444e 01ce3e05 .arentHWND...>..
0x008ffd48: 00000000 0000000f 00000000 03800040 ............@...
0x008ffd58: 03800080 00000000 00100801 008ffd7c ............|...
0x008ffd68: 0108e478 009d0000 00000000 01ce3e07 x............>..
0x008ffd78: 00000001 008ffe0c 010bdb88 009d0000 ................
0x008ffd88: 00000000 01ce3e07 00000001 d471b236 .....>......6.q.
0x008ffd98: 010bdbdb 010bdbdb 006df000 00000044 ..........m.D...
0x008ffda8: 01ce21d0 01ce21b0 01ce2166 00000000 .!...!..f!......
0x008ffdb8: 00000000 00000000 00000000 00000000 ................
0x008ffdc8: 00000000 00000000 00000401 00000001 ................
0x008ffdd8: 00000000 00000000 00010001 00000000 ................
0x008ffde8: 008ffdf8 010bdbdb 00000000 008ffd94 ................
0x008ffdf8: 0cb47995 008ffe58 010bf500 d56d7782 .y..X........wm.
0x008ffe08: 00000000 008ffe20 753c62c4 006df000 .... ....b<u..m.
0x008ffe18: 753c62a0 dddc7040 008ffe68 77c20fd9 .b<u@p..h......w
0x008ffe28: 006df000 4877de6e 00000000 00000000 ..m.n.wH........
0x008ffe38: 006df000 00000000 00000000 00000000 ..m.............
0x008ffe48: 00000000 4877de6e 008ffe2c 00000000 ....n.wH,.......
0x008ffe58: 008ffe70 77c367b0 3f33a716 00000000 p....g.w..3?....
0x008ffe68: 008ffe78 77c20fa4 ffffffff 77c42efb x......w.......w
0x008ffe78: 00000000 00000000 010bdbdb 006df000 ..............m.
0x008ffe88: 00000000 00000000 00000000 00000000 ................
0x008ffe98: 00000000 00000000 00000000 00000000 ................
0x008ffea8: 00000000 00000000 00000000 00000000 ................
0x008ffeb8: 00000000 00000000 00000000 00000000 ................
0x008ffec8: 00000000 00000000 00000000 00000000 ................
0x008ffed8: 00000000 00000000 00000000 00000000 ................
0x008ffee8: 00000000 00000000 00000000 00000000 ................
0x008ffef8: 00000000 00000000 00000000 00000000 ................
0x008fff08: 00000000 00000000 00000000 00000000 ................
0x008fff18: 00000000 00000000 00000000 00000000 ................
0x008fff28: 00000000 00000000 00000000 00000000 ................
0x008fff38: 00000000 00000000 00000000 00000000 ................
0x008fff48: 00000000 00000000 00000000 00000000 ................
0x008fff58: 00000000 00000000 00000000 00000000 ................
0x008fff68: 00000000 00000000 00000000 00000000 ................
0x008fff78: 00000000 00000000 00000000 00000000 ................
0x008fff88: 00000000 00000000 00000000 00000000 ................
0x008fff98: 00000000 00000000 00000000 00000000 ................
0x008fffa8: 00000000 00000000 00000000 00000000 ................
0x008fffb8: 00000000 00000000 00000000 00000000 ................
0x008fffc8: 00000000 00000000 00000000 00000000 ................
0x008fffd8: 00000000 00000000 00000000 00000000 ................
0x008fffe8: 00000000 00000000 00000000 00000000 ................
0x008ffff8: 00000000 00000000                   ........

Module 1
C:\WINDOWS\SYSTEM32\WINMMBASE.dll
Image Base: 0x005d0000  Image Size: 0x00023000
File Size:  131208      File Time:  2016-07-16_094250
Version:
   Company:    Microsoft Corporation
   Product:    Microsoft® Windows® Operating System
   FileDesc:   Base Multimedia Extension API DLL
   FileVer:    10.0.14393.0
   ProdVer:    10.0.14393.0

Module 2
D:\Projects\Unity\DBZ Contra\dbz.exe
Image Base: 0x009d0000  Image Size: 0x011b9000
File Size:  17737216    File Time:  2016-10-20_052638
Version:
   Company:    
   Product:    
   FileDesc:   
   FileVer:    5.4.2.57392
   ProdVer:    5.4.2.57392

Module 3
C:\WINDOWS\System32\DriverStore\FileRepository\nvhm.inf_amd64_6e0cf60def1446c6\nvwgf2um.dll
Image Base: 0x074a0000  Image Size: 0x0133f000
File Size:  20606952    File Time:  2016-12-02_020832
Version:
   Company:    NVIDIA Corporation
   Product:    NVIDIA D3D10 drivers
   FileDesc:   NVIDIA D3D10 Driver, Version 373.19 
   FileVer:    21.21.13.7319
   ProdVer:    21.21.13.7319

Module 4
D:\Projects\Unity\DBZ Contra\dbz_Data\Mono\mono.dll
Image Base: 0x10000000  Image Size: 0x00230000
File Size:  2113496     File Time:  2016-10-20_053136
Version:
   Company:    Unity Technologies
   Product:    libmono
   FileDesc:   Unity Technologies fork of mono runtime
   FileVer:    1.0.0.1
   ProdVer:    1.0.0.1

Module 5
C:\WINDOWS\system32\nvapi.dll
Image Base: 0x50030000  Image Size: 0x00383000
File Size:  3535776     File Time:  2016-12-02_020830
Version:
   Company:    NVIDIA Corporation
   Product:    NVIDIA Windows drivers
   FileDesc:   NVIDIA NVAPI Library, Version 373.19 
   FileVer:    21.21.13.7319
   ProdVer:    21.21.13.7319

Module 6
C:\WINDOWS\system32\nvspcap.dll
Image Base: 0x503c0000  Image Size: 0x00151000
File Size:  1377800     File Time:  2016-06-14_180128
Version:
   Company:    NVIDIA Corporation
   Product:    NVIDIA GeForce Experience
   FileDesc:   NVIDIA Capture Server Proxy
   FileVer:    2.11.4.0
   ProdVer:    2.11.4.0

Module 7
C:\WINDOWS\SYSTEM32\wdmaud.drv
Image Base: 0x520e0000  Image Size: 0x00039000
File Size:  207360      File Time:  2016-07-16_094250
Version:
   Company:    Microsoft Corporation
   Product:    Microsoft® Windows® Operating System
   FileDesc:   Winmm  audio system driver
   FileVer:    10.0.14393.0
   ProdVer:    10.0.14393.0

Module 8
C:\WINDOWS\SYSTEM32\xinput9_1_0.dll
Image Base: 0x56290000  Image Size: 0x00007000
File Size:  9216        File Time:  2016-07-16_094306
Version:
   Company:    Microsoft Corporation
   Product:    Microsoft® Windows® Operating System
   FileDesc:   XNA Common Controller
   FileVer:    10.0.14393.0
   ProdVer:    10.0.14393.0

Module 9
C:\WINDOWS\SYSTEM32\midimap.dll
Image Base: 0x562d0000  Image Size: 0x00008000
File Size:  18944       File Time:  2016-07-16_094250
Version:
   Company:    Microsoft Corporation
   Product:    Microsoft® Windows® Operating System
   FileDesc:   Microsoft MIDI Mapper
   FileVer:    10.0.14393.0
   ProdVer:    10.0.14393.0

Module 10
C:\WINDOWS\SYSTEM32\msacm32.drv
Image Base: 0x562e0000  Image Size: 0x0000a000
File Size:  24576       File Time:  2016-07-16_094250
Version:
   Company:    Microsoft Corporation
   Product:    Microsoft® Windows® Operating System
   FileDesc:   Microsoft Sound Mapper
   FileVer:    10.0.14393.0
   ProdVer:    10.0.14393.0

Module 11
C:\WINDOWS\SYSTEM32\ig75icd32.dll
Image Base: 0x5e4a0000  Image Size: 0x00865000
File Size:  8732168     File Time:  2016-11-01_230524
Version:
   Company:    Intel Corporation
   Product:    Intel HD Graphics Drivers for Windows(R)
   FileDesc:   OpenGL(R) Driver for Intel(R) Graphics Accelerator
   FileVer:    20.19.15.4531
   ProdVer:    20.19.15.4531

Module 12
C:\WINDOWS\SYSTEM32\DDRAW.dll
Image Base: 0x61ce0000  Image Size: 0x000ed000
File Size:  548352      File Time:  2016-12-06_152028
Version:
   Company:    Microsoft Corporation
   Product:    Microsoft® Windows® Operating System
   FileDesc:   Microsoft DirectDraw
   FileVer:    10.0.14393.447
   ProdVer:    10.0.14393.447

Module 13
C:\WINDOWS\SYSTEM32\GLU32.dll
Image Base: 0x61dd0000  Image Size: 0x00025000
File Size:  141312      File Time:  2016-07-16_094306
Version:
   Company:    Microsoft Corporation
   Product:    Microsoft® Windows® Operating System
   FileDesc:   OpenGL Utility Library DLL
   FileVer:    10.0.14393.0
   ProdVer:    10.0.14393.0

Module 14
C:\WINDOWS\SYSTEM32\OPENGL32.dll
Image Base: 0x61e00000  Image Size: 0x000e0000
File Size:  786944      File Time:  2016-07-16_094306
Version:
   Company:    Microsoft Corporation
   Product:    Microsoft® Windows® Operating System
   FileDesc:   OpenGL Client DLL
   FileVer:    10.0.14393.0
   ProdVer:    10.0.14393.0

Module 15
C:\WINDOWS\system32\wbem\fastprox.dll
Image Base: 0x69240000  Image Size: 0x000c2000
File Size:  779776      File Time:  2016-07-16_094258
Version:
   Company:    Microsoft Corporation
   Product:    Microsoft® Windows® Operating System
   FileDesc:   WMI Custom Marshaller
   FileVer:    10.0.14393.0
   ProdVer:    10.0.14393.0

Module 16
C:\WINDOWS\system32\wbem\wbemsvc.dll
Image Base: 0x69310000  Image Size: 0x00010000
File Size:  48640       File Time:  2016-07-16_094258
Version:
   Company:    Microsoft Corporation
   Product:    Microsoft® Windows® Operating System
   FileDesc:   WMI
   FileVer:    10.0.14393.0
   ProdVer:    10.0.14393.0

Module 17
C:\WINDOWS\SYSTEM32\wbemcomn.dll
Image Base: 0x69800000  Image Size: 0x00067000
File Size:  391168      File Time:  2016-07-16_094258
Version:
   Company:    Microsoft Corporation
   Product:    Microsoft® Windows® Operating System
   FileDesc:   WMI
   FileVer:    10.0.14393.0
   ProdVer:    10.0.14393.0

Module 18
C:\WINDOWS\SYSTEM32\igdusc32.dll
Image Base: 0x69de0000  Image Size: 0x008cb000
File Size:  5140472     File Time:  2016-11-01_230602
Version:
   Company:    Intel Corporation
   Product:    Intel HD Graphics Drivers for Windows(R)
   FileDesc:   Unified Shader Compiler for Intel(R) Graphics Accelerator
   FileVer:    20.19.15.4531
   ProdVer:    20.19.15.4531

Module 19
C:\WINDOWS\system32\wbem\wbemprox.dll
Image Base: 0x6b290000  Image Size: 0x0000d000
File Size:  35328       File Time:  2016-07-16_094258
Version:
   Company:    Microsoft Corporation
   Product:    Microsoft® Windows® Operating System
   FileDesc:   WMI
   FileVer:    10.0.14393.0
   ProdVer:    10.0.14393.0

Module 20
C:\WINDOWS\System32\fwpuclnt.dll
Image Base: 0x6c170000  Image Size: 0x00049000
File Size:  279040      File Time:  2016-07-16_094256
Version:
   Company:    Microsoft Corporation
   Product:    Microsoft® Windows® Operating System
   FileDesc:   FWP/IPsec User-Mode API
   FileVer:    10.0.14393.0
   ProdVer:    10.0.14393.0

Module 21
C:\Windows\System32\rasadhlp.dll
Image Base: 0x6c8e0000  Image Size: 0x00008000
File Size:  13312       File Time:  2016-07-16_094302
Version:
   Company:    Microsoft Corporation
   Product:    Microsoft® Windows® Operating System
   FileDesc:   Remote Access AutoDial Helper
   FileVer:    10.0.14393.0
   ProdVer:    10.0.14393.0

Module 22
C:\WINDOWS\System32\PROPSYS.dll
Image Base: 0x6f730000  Image Size: 0x0014f000
File Size:  1375456     File Time:  2016-07-16_094256
Version:
   Company:    Microsoft Corporation
   Product:    Windows® Search
   FileDesc:   Microsoft Property System
   FileVer:    7.0.14393.0
   ProdVer:    7.0.14393.0

Module 23
C:\WINDOWS\System32\MMDevApi.dll
Image Base: 0x6f880000  Image Size: 0x00058000
File Size:  352768      File Time:  2016-07-16_094250
Version:
   Company:    Microsoft Corporation
   Product:    Microsoft® Windows® Operating System
   FileDesc:   MMDevice API
   FileVer:    10.0.14393.0
   ProdVer:    10.0.14393.0

Module 24
C:\WINDOWS\SYSTEM32\wintypes.dll
Image Base: 0x6f8e0000  Image Size: 0x000cf000
File Size:  846560      File Time:  2016-12-09_075926
Version:
   Company:    Microsoft Corporation
   Product:    Microsoft® Windows® Operating System
   FileDesc:   Windows Base Types DLL
   FileVer:    10.0.14393.576
   ProdVer:    10.0.14393.576

Module 25
C:\WINDOWS\SYSTEM32\AUDIOSES.DLL
Image Base: 0x6f9b0000  Image Size: 0x0007b000
File Size:  484584      File Time:  2016-11-11_063942
Version:
   Company:    Microsoft Corporation
   Product:    Microsoft® Windows® Operating System
   FileDesc:   Audio Session
   FileVer:    10.0.14393.479
   ProdVer:    10.0.14393.479

Module 26
C:\WINDOWS\SYSTEM32\DCIMAN32.dll
Image Base: 0x6faa0000  Image Size: 0x00007000
File Size:  11776       File Time:  2016-07-16_094250
Version:
   Company:    Microsoft Corporation
   Product:    Microsoft® Windows® Operating System
   FileDesc:   DCI Manager
   FileVer:    10.0.14393.0
   ProdVer:    10.0.14393.0

Module 27
C:\WINDOWS\SYSTEM32\d3d11.dll
Image Base: 0x70010000  Image Size: 0x0022f000
File Size:  2277248     File Time:  2016-11-11_054802
Version:
   Company:    Microsoft Corporation
   Product:    Microsoft® Windows® Operating System
   FileDesc:   Direct3D 11 Runtime
   FileVer:    10.0.14393.479
   ProdVer:    10.0.14393.479

Module 28
C:\WINDOWS\SYSTEM32\HID.DLL
Image Base: 0x70290000  Image Size: 0x0000a000
File Size:  25600       File Time:  2016-07-16_094250
Version:
   Company:    Microsoft Corporation
   Product:    Microsoft® Windows® Operating System
   FileDesc:   Hid User Library
   FileVer:    10.0.14393.0
   ProdVer:    10.0.14393.0

Module 29
C:\WINDOWS\SYSTEM32\dbghelp.dll
Image Base: 0x72a70000  Image Size: 0x00145000
File Size:  1220608     File Time:  2016-07-16_094258
Version:
   Company:    Microsoft
   Product:    Microsoft® Windows® Operating System
   FileDesc:   Windows Image Helper
   FileVer:    10.0.14321.1024
   ProdVer:    10.0.14321.1024

Module 30
C:\WINDOWS\SYSTEM32\MSACM32.dll
Image Base: 0x72d40000  Image Size: 0x00018000
File Size:  90912       File Time:  2016-07-16_094250
Version:
   Company:    Microsoft Corporation
   Product:    Microsoft® Windows® Operating System
   FileDesc:   Microsoft ACM Audio Filter
   FileVer:    10.0.14393.0
   ProdVer:    10.0.14393.0

Module 31
C:\WINDOWS\SYSTEM32\WINMM.dll
Image Base: 0x72d80000  Image Size: 0x00024000
File Size:  135376      File Time:  2016-07-16_094250
Version:
   Company:    Microsoft Corporation
   Product:    Microsoft® Windows® Operating System
   FileDesc:   MCI API DLL
   FileVer:    10.0.14393.0
   ProdVer:    10.0.14393.0

Module 32
C:\WINDOWS\SYSTEM32\ksuser.dll
Image Base: 0x73020000  Image Size: 0x00007000
File Size:  20672       File Time:  2016-07-16_094250
Version:
   Company:    Microsoft Corporation
   Product:    Microsoft® Windows® Operating System
   FileDesc:   User CSA Library
   FileVer:    10.0.14393.0
   ProdVer:    10.0.14393.0

Module 33
C:\WINDOWS\SYSTEM32\bcrypt.dll
Image Base: 0x73040000  Image Size: 0x0001b000
File Size:  106896      File Time:  2016-12-09_080100
Version:
   Company:    Microsoft Corporation
   Product:    Microsoft® Windows® Operating System
   FileDesc:   Windows Cryptographic Primitives Library
   FileVer:    10.0.14393.576
   ProdVer:    10.0.14393.576

Module 34
C:\WINDOWS\WinSxS\x86_microsoft.windows.common-controls_6595b64144ccf1df_6.0.14393.447_none_89c64d28dafea4b9\comctl32.dll
Image Base: 0x73400000  Image Size: 0x0020a000
File Size:  2122080     File Time:  2016-12-06_152050
Version:
   Company:    Microsoft Corporation
   Product:    Microsoft® Windows® Operating System
   FileDesc:   User Experience Controls Library
   FileVer:    6.10.14393.447
   ProdVer:    10.0.14393.447

Module 35
C:\WINDOWS\SYSTEM32\DEVOBJ.dll
Image Base: 0x73610000  Image Size: 0x00022000
File Size:  132232      File Time:  2016-07-16_094256
Version:
   Company:    Microsoft Corporation
   Product:    Microsoft® Windows® Operating System
   FileDesc:   Device Information Set DLL
   FileVer:    10.0.14393.0
   ProdVer:    10.0.14393.0

Module 36
C:\WINDOWS\SYSTEM32\dhcpcsvc.DLL
Image Base: 0x73690000  Image Size: 0x00014000
File Size:  63488       File Time:  2016-07-16_094256
Version:
   Company:    Microsoft Corporation
   Product:    Microsoft® Windows® Operating System
   FileDesc:   DHCP Client Service
   FileVer:    10.0.14393.0
   ProdVer:    10.0.14393.0

Module 37
C:\WINDOWS\SYSTEM32\dhcpcsvc6.DLL
Image Base: 0x736b0000  Image Size: 0x00013000
File Size:  57344       File Time:  2016-07-16_094256
Version:
   Company:    Microsoft Corporation
   Product:    Microsoft® Windows® Operating System
   FileDesc:   DHCPv6 Client
   FileVer:    10.0.14393.0
   ProdVer:    10.0.14393.0

Module 38
C:\WINDOWS\system32\rsaenh.dll
Image Base: 0x73750000  Image Size: 0x0002f000
File Size:  184416      File Time:  2016-07-16_094256
Version:
   Company:    Microsoft Corporation
   Product:    Microsoft® Windows® Operating System
   FileDesc:   Microsoft Enhanced Cryptographic Provider
   FileVer:    10.0.14393.0
   ProdVer:    10.0.14393.0

Module 39
C:\WINDOWS\SYSTEM32\CRYPTSP.dll
Image Base: 0x73780000  Image Size: 0x00013000
File Size:  68720       File Time:  2016-07-16_094256
Version:
   Company:    Microsoft Corporation
   Product:    Microsoft® Windows® Operating System
   FileDesc:   Cryptographic Service Provider API
   FileVer:    10.0.14393.0
   ProdVer:    10.0.14393.0

Module 40
C:\WINDOWS\SYSTEM32\dxgi.dll
Image Base: 0x737d0000  Image Size: 0x00084000
File Size:  527880      File Time:  2016-11-11_054746
Version:
   Company:    Microsoft Corporation
   Product:    Microsoft® Windows® Operating System
   FileDesc:   DirectX Graphics Infrastructure
   FileVer:    10.0.14393.479
   ProdVer:    10.0.14393.479

Module 41
C:\WINDOWS\SYSTEM32\AVRT.dll
Image Base: 0x73a90000  Image Size: 0x00009000
File Size:  29448       File Time:  2016-07-16_094250
Version:
   Company:    Microsoft Corporation
   Product:    Microsoft® Windows® Operating System
   FileDesc:   Multimedia Realtime Runtime
   FileVer:    10.0.14393.0
   ProdVer:    10.0.14393.0

Module 42
C:\WINDOWS\SYSTEM32\dwmapi.dll
Image Base: 0x73c30000  Image Size: 0x0001f000
File Size:  113504      File Time:  2016-12-06_152028
Version:
   Company:    Microsoft Corporation
   Product:    Microsoft® Windows® Operating System
   FileDesc:   Microsoft Desktop Window Manager API
   FileVer:    10.0.14393.206
   ProdVer:    10.0.14393.206

Module 43
C:\WINDOWS\SYSTEM32\ntmarta.dll
Image Base: 0x73ce0000  Image Size: 0x00028000
File Size:  154432      File Time:  2016-07-16_094256
Version:
   Company:    Microsoft Corporation
   Product:    Microsoft® Windows® Operating System
   FileDesc:   Windows NT MARTA provider
   FileVer:    10.0.14393.0
   ProdVer:    10.0.14393.0

Module 44
C:\WINDOWS\SYSTEM32\DNSAPI.dll
Image Base: 0x74330000  Image Size: 0x0007c000
File Size:  496872      File Time:  2016-12-06_152034
Version:
   Company:    Microsoft Corporation
   Product:    Microsoft® Windows® Operating System
   FileDesc:   DNS Client API DLL
   FileVer:    10.0.14393.206
   ProdVer:    10.0.14393.206

Module 45
C:\WINDOWS\SYSTEM32\MSWSOCK.dll
Image Base: 0x743b0000  Image Size: 0x0004e000
File Size:  306016      File Time:  2016-07-16_094256
Version:
   Company:    Microsoft Corporation
   Product:    Microsoft® Windows® Operating System
   FileDesc:   Microsoft Windows Sockets 2.0 Service Provider
   FileVer:    10.0.14393.0
   ProdVer:    10.0.14393.0

Module 46
C:\WINDOWS\system32\uxtheme.dll
Image Base: 0x74430000  Image Size: 0x00075000
File Size:  457728      File Time:  2016-07-16_094306
Version:
   Company:    Microsoft Corporation
   Product:    Microsoft® Windows® Operating System
   FileDesc:   Microsoft UxTheme Library
   FileVer:    10.0.14393.0
   ProdVer:    10.0.14393.0

Module 47
C:\Program Files (x86)\Bonjour\mdnsNSP.dll
Image Base: 0x744b0000  Image Size: 0x00021000
File Size:  121704      File Time:  2011-08-31_000502
Version:
   Company:    Apple Inc.
   Product:    Bonjour
   FileDesc:   Bonjour Namespace Provider
   FileVer:    3.0.0.10
   ProdVer:    3.0.0.10

Module 48
C:\WINDOWS\SYSTEM32\WINHTTP.dll
Image Base: 0x744e0000  Image Size: 0x000a0000
File Size:  636928      File Time:  2016-12-06_152028
Version:
   Company:    Microsoft Corporation
   Product:    Microsoft® Windows® Operating System
   FileDesc:   Windows HTTP Services
   FileVer:    10.0.14393.351
   ProdVer:    10.0.14393.351

Module 49
C:\WINDOWS\SYSTEM32\VERSION.dll
Image Base: 0x74580000  Image Size: 0x00008000
File Size:  27360       File Time:  2016-07-16_094306
Version:
   Company:    Microsoft Corporation
   Product:    Microsoft® Windows® Operating System
   FileDesc:   Version Checking and File Installation Libraries
   FileVer:    10.0.14393.0
   ProdVer:    10.0.14393.0

Module 50
C:\WINDOWS\SYSTEM32\IPHLPAPI.DLL
Image Base: 0x74590000  Image Size: 0x0002f000
File Size:  184416      File Time:  2016-07-16_094256
Version:
   Company:    Microsoft Corporation
   Product:    Microsoft® Windows® Operating System
   FileDesc:   IP Helper API
   FileVer:    10.0.14393.0
   ProdVer:    10.0.14393.0

Module 51
C:\WINDOWS\SYSTEM32\WTSAPI32.dll
Image Base: 0x745c0000  Image Size: 0x0000f000
File Size:  53216       File Time:  2016-07-16_094306
Version:
   Company:    Microsoft Corporation
   Product:    Microsoft® Windows® Operating System
   FileDesc:   Windows Remote Desktop Session Host Server SDK APIs
   FileVer:    10.0.14393.0
   ProdVer:    10.0.14393.0

Module 52
C:\WINDOWS\System32\CRYPTBASE.dll
Image Base: 0x74670000  Image Size: 0x0000a000
File Size:  31528       File Time:  2016-07-16_094250
Version:
   Company:    Microsoft Corporation
   Product:    Microsoft® Windows® Operating System
   FileDesc:   Base cryptographic API DLL
   FileVer:    10.0.14393.0
   ProdVer:    10.0.14393.0

Module 53
C:\WINDOWS\System32\SspiCli.dll
Image Base: 0x74680000  Image Size: 0x0001e000
File Size:  117240      File Time:  2016-12-09_075110
Version:
   Company:    Microsoft Corporation
   Product:    Microsoft® Windows® Operating System
   FileDesc:   Security Support Provider Interface
   FileVer:    10.0.14393.576
   ProdVer:    10.0.14393.576

Module 54
C:\WINDOWS\System32\msvcrt.dll
Image Base: 0x746a0000  Image Size: 0x000be000
File Size:  773168      File Time:  2016-07-16_094250
Version:
   Company:    Microsoft Corporation
   Product:    Microsoft® Windows® Operating System
   FileDesc:   Windows NT CRT DLL
   FileVer:    7.0.14393.0
   ProdVer:    10.0.14393.0

Module 55
C:\WINDOWS\System32\windows.storage.dll
Image Base: 0x747c0000  Image Size: 0x0056e000
File Size:  5722832     File Time:  2016-11-11_054716
Version:
   Company:    Microsoft Corporation
   Product:    Microsoft® Windows® Operating System
   FileDesc:   Microsoft WinRT Storage API
   FileVer:    10.0.14393.479
   ProdVer:    10.0.14393.479

Module 56
C:\WINDOWS\System32\gdi32full.dll
Image Base: 0x74d30000  Image Size: 0x0015b000
File Size:  1415752     File Time:  2016-12-09_075222
Version:
   Company:    Microsoft Corporation
   Product:    Microsoft® Windows® Operating System
   FileDesc:   GDI Client DLL
   FileVer:    10.0.14393.576
   ProdVer:    10.0.14393.576

Module 57
C:\WINDOWS\System32\MSCTF.dll
Image Base: 0x74f90000  Image Size: 0x00135000
File Size:  1263856     File Time:  2016-11-11_053820
Version:
   Company:    Microsoft Corporation
   Product:    Microsoft® Windows® Operating System
   FileDesc:   MSCTF Server DLL
   FileVer:    10.0.14393.479
   ProdVer:    10.0.14393.479

Module 58
C:\WINDOWS\System32\bcryptPrimitives.dll
Image Base: 0x750d0000  Image Size: 0x0005a000
File Size:  367208      File Time:  2016-07-16_094228
Version:
   Company:    Microsoft Corporation
   Product:    Microsoft® Windows® Operating System
   FileDesc:   Windows Cryptographic Primitives Library
   FileVer:    10.0.14393.0
   ProdVer:    10.0.14393.0

Module 59
C:\WINDOWS\System32\USER32.dll
Image Base: 0x75130000  Image Size: 0x0015f000
File Size:  1435896     File Time:  2016-12-09_075222
Version:
   Company:    Microsoft Corporation
   Product:    Microsoft® Windows® Operating System
   FileDesc:   Multi-User Windows USER API Client DLL
   FileVer:    10.0.14393.576
   ProdVer:    10.0.14393.576

Module 60
C:\WINDOWS\System32\ADVAPI32.dll
Image Base: 0x752b0000  Image Size: 0x00077000
File Size:  482392      File Time:  2016-07-16_094250
Version:
   Company:    Microsoft Corporation
   Product:    Microsoft® Windows® Operating System
   FileDesc:   Advanced Windows 32 Base API
   FileVer:    10.0.14393.0
   ProdVer:    10.0.14393.0

Module 61
C:\WINDOWS\System32\msvcp_win.dll
Image Base: 0x75330000  Image Size: 0x0007b000
File Size:  498408      File Time:  2016-07-16_094256
Version:
   Company:    Microsoft Corporation
   Product:    Microsoft® Windows® Operating System
   FileDesc:   Microsoft® C Runtime Library
   FileVer:    10.0.14393.0
   ProdVer:    10.0.14393.0

Module 62
C:\WINDOWS\System32\KERNEL32.DLL
Image Base: 0x753b0000  Image Size: 0x000e0000
File Size:  616048      File Time:  2016-07-16_094246
Version:
   Company:    Microsoft Corporation
   Product:    Microsoft® Windows® Operating System
   FileDesc:   Windows NT BASE API Client DLL
   FileVer:    10.0.14393.0
   ProdVer:    10.0.14393.0

Module 63
C:\WINDOWS\System32\cfgmgr32.dll
Image Base: 0x75490000  Image Size: 0x00036000
File Size:  213848      File Time:  2016-07-16_094256
Version:
   Company:    Microsoft Corporation
   Product:    Microsoft® Windows® Operating System
   FileDesc:   Configuration Manager DLL
   FileVer:    10.0.14393.0
   ProdVer:    10.0.14393.0

Module 64
C:\WINDOWS\System32\profapi.dll
Image Base: 0x754d0000  Image Size: 0x0000f000
File Size:  54752       File Time:  2016-07-16_094250
Version:
   Company:    Microsoft Corporation
   Product:    Microsoft® Windows® Operating System
   FileDesc:   User Profile Basic API
   FileVer:    10.0.14393.0
   ProdVer:    10.0.14393.0

Module 65
C:\WINDOWS\System32\PSAPI.DLL
Image Base: 0x75580000  Image Size: 0x00006000
File Size:  17048       File Time:  2016-07-16_094246
Version:
   Company:    Microsoft Corporation
   Product:    Microsoft® Windows® Operating System
   FileDesc:   Process Status Helper
   FileVer:    10.0.14393.0
   ProdVer:    10.0.14393.0

Module 66
C:\WINDOWS\System32\RPCRT4.dll
Image Base: 0x75590000  Image Size: 0x000c1000
File Size:  790760      File Time:  2016-12-06_152046
Version:
   Company:    Microsoft Corporation
   Product:    Microsoft® Windows® Operating System
   FileDesc:   Remote Procedure Call Runtime
   FileVer:    10.0.14393.82
   ProdVer:    10.0.14393.82

Module 67
C:\WINDOWS\System32\MSASN1.dll
Image Base: 0x75660000  Image Size: 0x0000e000
File Size:  49080       File Time:  2016-07-16_094256
Version:
   Company:    Microsoft Corporation
   Product:    Microsoft® Windows® Operating System
   FileDesc:   ASN.1 Runtime APIs
   FileVer:    10.0.14393.0
   ProdVer:    10.0.14393.0

Module 68
C:\WINDOWS\System32\WINTRUST.dll
Image Base: 0x75670000  Image Size: 0x00044000
File Size:  272720      File Time:  2016-12-06_152028
Version:
   Company:    Microsoft Corporation
   Product:    Microsoft® Windows® Operating System
   FileDesc:   Microsoft Trust Verification APIs
   FileVer:    10.0.14393.351
   ProdVer:    10.0.14393.351

Module 69
C:\WINDOWS\System32\sechost.dll
Image Base: 0x756c0000  Image Size: 0x00041000
File Size:  255168      File Time:  2016-07-16_094250
Version:
   Company:    Microsoft Corporation
   Product:    Microsoft® Windows® Operating System
   FileDesc:   Host for SCM/SDDL/LSA Lookup APIs
   FileVer:    10.0.14393.0
   ProdVer:    10.0.14393.0

Module 70
C:\WINDOWS\System32\SETUPAPI.dll
Image Base: 0x75710000  Image Size: 0x0040b000
File Size:  4268368     File Time:  2016-07-16_094246
Version:
   Company:    Microsoft Corporation
   Product:    Microsoft® Windows® Operating System
   FileDesc:   Windows Setup API
   FileVer:    10.0.14393.0
   ProdVer:    10.0.14393.0

Module 71
C:\WINDOWS\System32\WS2_32.dll
Image Base: 0x75b20000  Image Size: 0x00063000
File Size:  402352      File Time:  2016-12-06_152046
Version:
   Company:    Microsoft Corporation
   Product:    Microsoft® Windows® Operating System
   FileDesc:   Windows Socket 2.0 32-Bit DLL
   FileVer:    10.0.14393.206
   ProdVer:    10.0.14393.206

Module 72
C:\WINDOWS\System32\powrprof.dll
Image Base: 0x75b90000  Image Size: 0x00045000
File Size:  275832      File Time:  2016-07-16_094256
Version:
   Company:    Microsoft Corporation
   Product:    Microsoft® Windows® Operating System
   FileDesc:   Power Profile Helper DLL
   FileVer:    10.0.14393.0
   ProdVer:    10.0.14393.0

Module 73
C:\WINDOWS\System32\combase.dll
Image Base: 0x75be0000  Image Size: 0x00211000
File Size:  2166752     File Time:  2016-12-09_075926
Version:
   Company:    Microsoft Corporation
   Product:    Microsoft® Windows® Operating System
   FileDesc:   Microsoft COM for Windows
   FileVer:    10.0.14393.576
   ProdVer:    10.0.14393.576

Module 74
C:\WINDOWS\System32\SHELL32.dll
Image Base: 0x75e00000  Image Size: 0x013d9000
File Size:  20969928    File Time:  2016-11-11_054300
Version:
   Company:    Microsoft Corporation
   Product:    Microsoft® Windows® Operating System
   FileDesc:   Windows Shell Common Dll
   FileVer:    10.0.14393.479
   ProdVer:    10.0.14393.479

Module 75
C:\WINDOWS\System32\clbcatq.dll
Image Base: 0x771e0000  Image Size: 0x00084000
File Size:  528360      File Time:  2016-07-16_094248
Version:
   Company:    Microsoft Corporation
   Product:    Microsoft® Windows® Operating System
   FileDesc:   COM+ Configuration Catalog
   FileVer:    2001.12.10941.16384
   ProdVer:    10.0.14393.0

Module 76
C:\WINDOWS\System32\shcore.dll
Image Base: 0x77270000  Image Size: 0x00088000
File Size:  549088      File Time:  2016-07-16_094244
Version:
   Company:    Microsoft Corporation
   Product:    Microsoft® Windows® Operating System
   FileDesc:   SHCORE
   FileVer:    10.0.14393.0
   ProdVer:    10.0.14393.0

Module 77
C:\WINDOWS\System32\IMM32.dll
Image Base: 0x77300000  Image Size: 0x00025000
File Size:  144632      File Time:  2016-07-16_094250
Version:
   Company:    Microsoft Corporation
   Product:    Microsoft® Windows® Operating System
   FileDesc:   Multi-User Windows IMM32 API Client DLL
   FileVer:    10.0.14393.0
   ProdVer:    10.0.14393.0

Module 78
C:\WINDOWS\System32\win32u.dll
Image Base: 0x77330000  Image Size: 0x00015000
File Size:  79536       File Time:  2016-12-06_152032
Version:
   Company:    Microsoft Corporation
   Product:    Microsoft® Windows® Operating System
   FileDesc:   Win32u
   FileVer:    10.0.14393.51
   ProdVer:    10.0.14393.51

Module 79
C:\WINDOWS\System32\NSI.dll
Image Base: 0x77350000  Image Size: 0x00007000
File Size:  20152       File Time:  2016-07-16_094228
Version:
   Company:    Microsoft Corporation
   Product:    Microsoft® Windows® Operating System
   FileDesc:   NSI User-mode interface DLL
   FileVer:    10.0.14393.0
   ProdVer:    10.0.14393.0

Module 80
C:\WINDOWS\System32\GDI32.dll
Image Base: 0x773c0000  Image Size: 0x0002b000
File Size:  170960      File Time:  2016-12-06_152034
Version:
   Company:    Microsoft Corporation
   Product:    Microsoft® Windows® Operating System
   FileDesc:   GDI Client DLL
   FileVer:    10.0.14393.206
   ProdVer:    10.0.14393.206

Module 81
C:\WINDOWS\System32\kernel.appcore.dll
Image Base: 0x773f0000  Image Size: 0x0000d000
File Size:  43416       File Time:  2016-07-16_094256
Version:
   Company:    Microsoft Corporation
   Product:    Microsoft® Windows® Operating System
   FileDesc:   AppModel API Host
   FileVer:    10.0.14393.0
   ProdVer:    10.0.14393.0

Module 82
C:\WINDOWS\System32\KERNELBASE.dll
Image Base: 0x77400000  Image Size: 0x001a1000
File Size:  1706488     File Time:  2016-11-11_060002
Version:
   Company:    Microsoft Corporation
   Product:    Microsoft® Windows® Operating System
   FileDesc:   Windows NT BASE API Client DLL
   FileVer:    10.0.14393.479
   ProdVer:    10.0.14393.479

Module 83
C:\WINDOWS\System32\CRYPT32.dll
Image Base: 0x775b0000  Image Size: 0x0017d000
File Size:  1556712     File Time:  2016-12-06_152028
Version:
   Company:    Microsoft Corporation
   Product:    Microsoft® Windows® Operating System
   FileDesc:   Crypto API32
   FileVer:    10.0.14393.351
   ProdVer:    10.0.14393.351

Module 84
C:\WINDOWS\System32\OLEAUT32.dll
Image Base: 0x77730000  Image Size: 0x00094000
File Size:  601712      File Time:  2016-12-06_152028
Version:
   Company:    Microsoft Corporation
   Product:    Microsoft® Windows® Operating System
   FileDesc:   OLEAUT32.DLL
   FileVer:    10.0.14393.447
   ProdVer:    10.0.14393.447

Module 85
C:\WINDOWS\System32\SHLWAPI.dll
Image Base: 0x777d0000  Image Size: 0x00046000
File Size:  284056      File Time:  2016-07-16_094304
Version:
   Company:    Microsoft Corporation
   Product:    Microsoft® Windows® Operating System
   FileDesc:   Shell Light-weight Utility Library
   FileVer:    10.0.14393.0
   ProdVer:    10.0.14393.0

Module 86
C:\WINDOWS\System32\ucrtbase.dll
Image Base: 0x779f0000  Image Size: 0x000e0000
File Size:  918304      File Time:  2016-07-16_094256
Version:
   Company:    Microsoft Corporation
   Product:    Microsoft® Windows® Operating System
   FileDesc:   Microsoft® C Runtime Library
   FileVer:    10.0.14393.0
   ProdVer:    10.0.14393.0

Module 87
C:\WINDOWS\System32\ole32.dll
Image Base: 0x77ad0000  Image Size: 0x000ea000
File Size:  959112      File Time:  2016-12-09_075616
Version:
   Company:    Microsoft Corporation
   Product:    Microsoft® Windows® Operating System
   FileDesc:   Microsoft OLE for Windows
   FileVer:    10.0.14393.576
   ProdVer:    10.0.14393.576

Module 88
C:\WINDOWS\SYSTEM32\ntdll.dll
Image Base: 0x77bc0000  Image Size: 0x00183000
File Size:  1572768     File Time:  2016-11-11_060000
Version:
   Company:    Microsoft Corporation
   Product:    Microsoft® Windows® Operating System
   FileDesc:   NT Layer DLL
   FileVer:    10.0.14393.479
   ProdVer:    10.0.14393.479


== [end of error.log] ==
