Unity Player [version: Unity 5.4.2f2_b7e030c65c9b]

dbz.exe caused an Access Violation (0xc0000005)
  in module dbz.exe at 0023:0187b296.

Error occurred at 2016-12-21_162722.
D:\Projects\Unity\DBZ Contra\dbz.exe, run by bruno.
55% memory in use.
0 MB physical memory [0 MB free].
0 MB paging file [2642 MB free].
0 MB user address space [3659 MB free].
Read from location 000005d4 caused an access violation.

Context:
EDI:    0x00000000  ESI: 0x052d7750  EAX:   0x00efe728
EBX:    0x0007ea49  ECX: 0x00000000  EDX:   0x00000002
EIP:    0x0187b296  EBP: 0x00efe714  SegCs: 0x00000023
EFlags: 0x00210287  ESP: 0x00efe710  SegSs: 0x0000002b

Bytes at CS:EIP:
83 bf d4 05 00 00 00 75 07 32 c0 5f 5d c2 04 00 

Stack:
0x00efe710: 020b2f2d 00efe744 01863609 00efe728 -/..D....6..(...
0x00efe720: 00000003 052d7750 666e6f63 00006769 ....Pw-.config..
0x00efe730: 00040000 00efe76c 00000006 0000000f ....l...........
0x00efe740: 00000000 00efe74c 018624c7 00efe764 ....L....$..d...
0x00efe750: 018625f6 00000002 01864800 00000000 .%.......H......
0x00efe760: 02239670 00efe780 0186485f 00000003 p.#....._H......
0x00efe770: 540a5704 540a5704 0007ea49 00000000 .W.T.W.TI.......
0x00efe780: 00efe7b4 018614d5 052d7750 00000003 ........Pw-.....
0x00efe790: 540a5704 540a5704 0007ea49 00000000 .W.T.W.TI.......
0x00efe7a0: 00000003 052d76f8 00000000 02239670 .....v-.....p.#.
0x00efe7b0: 00000000 00efe81c 01862144 00000003 ........D!......
0x00efe7c0: 540a5704 540a5704 0007ea49 00000000 .W.T.W.TI.......
0x00efe7d0: 02239974 00000000 02239974 892a14b2 t.#.....t.#...*.
0x00efe7e0: 00efe854 77c308c6 04c71fc0 04c7be30 T......w....0...
0x00efe7f0: 00efe800 01ea80f7 04c71fc0 04cdadf0 ................
0x00efe800: 00efe824 016d8c23 051dcf88 00efe820 $...#.m..... ...
0x00efe810: 00000000 22a33563 00000000 00efe828 ....c5."....(...
0x00efe820: 01862167 00000003 00efe844 0129f381 g!......D.....).
0x00efe830: 052d76f8 00000000 00000000 04c71fc0 .v-.............
0x00efe840: 00000000 00efe864 014897df 00000000 ....d.....H.....
0x00efe850: 00000006 00000000 5e8e1695 00000000 ...........^....
0x00efe860: 00000000 00efe8ac 01521c02 00000000 ..........R.....
0x00efe870: 00000001 00000000 00000001 01521950 ............P.R.
0x00efe880: 00000000 00efe8d0 00000006 00000000 ................
0x00efe890: 77beaed3 00040001 00000000 00000000 ...w............
0x00efe8a0: 00efe8d8 00000000 892a1bfe 00efe8d8 ..........*.....
0x00efe8b0: 7515d2b3 000e0a7a 00000006 00000001 ...uz...........
0x00efe8c0: 00000000 00000001 dcbaabcd 01521950 ............P.R.
0x00efe8d0: 00000000 00000001 00efe9c0 7513e88a ...............u
0x00efe8e0: 01521950 000e0a7a 00000006 00000001 P.R.z...........
0x00efe8f0: 00000000 892a1a92 00000000 00000000 ......*.........
0x00efe900: 00000006 00000000 00000000 00000000 ................
0x00efe910: 00000000 00000000 00000000 892a1a72 ............r.*.
0x00efe920: 00000000 77c308c6 00efe93c 00000020 .......w<... ...
0x00efe930: 00efea70 77c30810 00efe95c 02b85a90 p......w\....Z..
0x00efe940: 00000024 00000001 00000000 00000000 $...............
0x00efe950: 00000030 ffffffff ffffffff 7513e71c 0..............u
0x00efe960: 00000000 00000000 00000000 00000000 ................
0x00efe970: 00000000 00000000 01521950 00000000 ........P.R.....
0x00efe980: 028a09f8 00000000 80000011 00000000 ................
0x00efe990: 00000000 80000011 00000000 00000001 ................
0x00efe9a0: 000e0a7a 892a1a92 00efea10 00efe140 z.....*.....@...
0x00efe9b0: 00efea10 751615b0 fcd8bcd2 00000000 .......u........
0x00efe9c0: 00efea20 7513e4c0 01521950 00000000  ......uP.R.....
0x00efe9d0: 00000006 00000001 00000000 00c4d000 ................
0x00efe9e0: 00000001 892a1972 00efeb88 77c424b0 ....r.*......$.w
0x00efe9f0: 00000000 00040000 00000000 00000000 ................
0x00efea00: 000e0a7a 00000000 00efe9e4 00efe140 z...........@...
0x00efea10: 00efea70 751615b0 fcd8bc32 fffffffe p......u2.......
0x00efea20: 00efea60 75148b09 02b85a90 00000000 `......u.Z......
0x00efea30: 00000006 00000001 00000000 01521950 ............P.R.
0x00efea40: 00000104 00000000 00000000 00000000 ................
0x00efea50: 00efea64 00000000 00000000 892a1932 d...........2.*.
0x00efea60: 00efeacc 77c308c6 00efea7c 00000020 .......w|... ...
0x00efea70: 00efeb4c 77c30810 00efeaa0 02b85a90 L......w.....Z..
0x00efea80: 00000000 00000006 00000001 00000000 ................
0x00efea90: 01521950 77c424b0 00000000 7733249c P.R..$.w.....$3w
0x00efeaa0: 75146ad7 00efeb88 00000000 00000104 .j.u............
0x00efeab0: 00000104 00000002 02b40ac0 00c4d000 ................
0x00efeac0: 01100100 00000102 00efec78 00efeb04 ........x.......
0x00efead0: 75146a6d 00000104 00000104 00000002 mj.u............
0x00efeae0: 00000000 00efee90 00efeb88 00efee90 ................
0x00efeaf0: 02b40ac0 00c4d000 02b40ac0 00c4d000 ................
0x00efeb00: 00efeb14 00efeb5c 75c8aae6 00efeb88 ....\......u....
0x00efeb10: 00000000 00000104 00000104 00000002 ................
0x00efeb20: a8846f8f 00efee90 00000000 00000003 .o..............
0x00efeb30: 02b40ac0 00c4d000 01000000 00efee90 ................
0x00efeb40: 00000000 00efeb20 00000000 00efebf8 .... ...........
0x00efeb50: 75cf0330 ddb083b3 00000000 00efeba8 0..u............
0x00efeb60: 75c8abb7 00efeb88 00000000 00000104 ...u............
0x00efeb70: 00000104 00000002 00efee90 00efee90 ................
0x00efeb80: 00000002 cfaf3248 fffffffe 00efebf4 ....H2..........
0x00efeb90: 773324ac 751485f6 00005cff 75148600 .$3w...u.\.....u
0x00efeba0: 892a18f6 a8846f7b 00efec08 75c8ae08 ..*.{o.........u
0x00efebb0: a88468db 016c1012 00efee90 00000002 .h....l.........
0x00efebc0: 00005dff 00000000 000000b4 00000784 .]..............
0x00efebd0: 00000788 000000b4 b816ec54 000000ae ........T.......
0x00efebe0: 00efee90 00eff4ac 04010001 a88468db .............h..
0x00efebf0: 00efebb0 00efec2c 00eff4ac 75cf0330 ....,.......0..u
0x00efec00: ddb0835b fffffffe 00efec2c 75c8b2bc [.......,......u
0x00efec10: 10eff9b8 10c809c0 00efee90 00000000 ................
0x00efec20: 016c1012 000003e8 a88468ff 00efecec ..l......h......
0x00efec30: 75c77301 00efec78 00000002 00efec70 .s.ux.......p...
0x00efec40: 10eff9b8 010bafa8 10f53de0 10eff9b8 .........=......
0x00efec50: 00efeca0 10eff9b8 00000002 10f138fc .............8..
0x00efec60: 00000000 00efefc0 00000000 10c809c0 ................
0x00efec70: ffffffff 00efee90 00000784 00000788 ................
0x00efec80: 00000000 00000000 00000000 00000000 ................
0x00efec90: 00000000 10f53d00 00000000 00000000 .....=..........
0x00efeca0: 00000000 00000000 00000000 00000000 ................
0x00efecb0: 00000000 00000000 00000000 00000000 ................
0x00efecc0: 00000000 00000000 00000000 00000000 ................
0x00efecd0: 00000000 423ec01e 11d22e35 100004b6 ......>B5.......
0x00efece0: fd3e704b a884689f 00000000 00efee00 Kp>..h..........
0x00efecf0: 75c88306 10f138fc 75c88160 00efefc0 ...u.8..`..u....
0x00efed00: 10eff9b8 10f6fd98 00efef98 755bdad2 ..............[u
0x00efed10: 00efefc0 00000000 00efefc0 010bafa8 ................
0x00efed20: 00000000 00000000 016c0dd0 00000000 ..........l.....
0x00efed30: 10f6fe3c ffffffff ffffffff 00000000 <...............
0x00efed40: 00000000 00000000 10f6fe44 755bf640 ........D...@.[u
0x00efed50: 00000000 1268b5d8 423ec01e 11d22e35 ......h...>B5...
0x00efed60: 100004b6 fd3e704b 10f6fe40 00000000 ....Kp>.@.......
0x00efed70: 19622589 00efee14 00000000 1268b5c0 .%b...........h.
0x00efed80: 00008000 10f6fd28 10f6fc70 00000000 ....(...p.......
0x00efed90: 10f6fd98 10f6fc70 00000000 00efee14 ....p...........
0x00efeda0: 755bc0a8 10f6fd98 00efedc4 77bfb490 ..[u...........w
0x00efedb0: 77cce518 00001008 00000003 010ce0f8 ...w............
0x00efedc0: 0110e8d8 00efedcc 00000003 774d1820 ............ .Mw
0x00efedd0: 00efedec 77a2103a 00000003 00000000 ....:..w........
0x00efede0: 010bafa8 77a21046 8383cffd 00efee24 ....F..w....$...
0x00efedf0: 77a20fe0 77a20fc7 8383cc35 a88469d7 ...w...w5....i..
0x00efee00: 00efef74 75c87bef 00efefc0 00efef98 t....{.u........
0x00efee10: 10eff9b8 00eff0ac 00efefc0 f4c70801 ................
0x00efee20: 00000000 00efefc0 00efef98 00000000 ................
0x00efee30: 010bafa8 00000000 75c7e5c3 126909d8 ...........u..i.
0x00efee40: 00000000 00000030 10eff9b8 010bafa8 ....0...........
0x00efee50: 75c7e6d1 10e66180 00eff9b8 00000001 ...u.a..........
0x00efee60: 00000000 10e66180 010bafa8 00000000 .....a..........
0x00efee70: 00000000 10f138fc 00000000 75c88880 .....8.........u
0x00efee80: 126909d0 00000000 00000040 00000000 ..i.....@.......
0x00efee90: 75be4704 01ffd6d0 00000000 00000000 .G.u............
0x00efeea0: 00000000 00000000 80010115 00000000 ................
0x00efeeb0: 00000000 00000000 00000000 75cfbb50 ............P..u
0x00efeec0: 00000000 00000000 00005dff 05025039 .........]..9P..
0x00efeed0: 48d4fe9a 79e80ab5 ad2ffe5d 00000010 ...H...y]./.....
0x00efeee0: 00000000 00efefc0 016c0dd0 00000242 ..........l.B...
0x00efeef0: 00000000 00000001 00000000 10f5c5c0 ................
0x00efef00: 00000000 00000000 00000000 00000000 ................
0x00efef10: 00000000 10000bb6 fd3e704b a8846bdf ........Kp>..k..
0x00efef20: 69316ac4 00efef44 010bafa8 00efee88 .j1iD...........
0x00efef30: 00000000 00000000 00000000 00000000 ................
0x00efef40: 00000000 00000000 00000000 00000000 ................
0x00efef50: 00000000 00000000 19623c99 423ec01e .........<b...>B
0x00efef60: 11d22e35 100004b6 fd3e704b a8846acf 5.......Kp>..j..
0x00efef70: 00efefa0 00efefa0 75c03045 00efefc0 ........E0.u....
0x00efef80: 00efef98 00eff500 00eff1ec 75c02f70 ............p/.u
0x00efef90: 10eff9b8 00efefc0 00000000 a8846b73 ............sk..
0x00efefa0: 00eff4bc 75595a9a 10cc4bcc 00eff0ac .....ZYu.K......
0x00efefb0: 19623c41 75cf2ad0 00eff4f4 10caea6c A<b..*.u....l...
0x00efefc0: 10eff9b8 00000010 00000000 00000018 ................
0x00efefd0: 00008003 00000000 1268b5c0 00000004 ..........h.....
0x00efefe0: 00efde00 00000000 00000000 10caea6c ............l...
0x00efeff0: 10cc4bf8 00000000 00c4f000 00000000 .K..............
0x00eff000: 00000000 00eff080 00000000 0110f018 ................
0x00eff010: 00000000 00000000 00000000 00000000 ................
0x00eff020: 75beb0b8 75c14660 00eff0ac 00eff0ac ...u`F.u........
0x00eff030: 00000000 693168d4 00eff0ac 00eff500 .....h1i........
0x00eff040: 00000000 00c4f000 00000000 00000000 ................
0x00eff050: 00eff0ac 00000000 126909fc 126909a8 ..........i...i.
0x00eff060: 00000000 0110f018 00000000 00000000 ................
0x00eff070: 00000000 00000000 75beb0b8 00000000 ...........u....
0x00eff080: 00000000 00000007 00000000 0110f018 ................
0x00eff090: 00000000 00000000 00000000 69319920 ............ .1i
0x00eff0a0: 69319850 00000000 00000001 00efefc0 P.1i............
0x00eff0b0: 12690a28 00000000 00000000 12690a10 (.i...........i.
0x00eff0c0: 00000054 00000000 00000000 00000001 T...............
0x00eff0d0: 00000000 00000000 00000000 00000000 ................
0x00eff0e0: 00000000 00000002 00000000 00000000 ................
0x00eff0f0: 00000000 69319920 69319850 00eff4f4 .... .1iP.1i....
0x00eff100: 00000000 00000000 00000000 693118d8 ..............1i
0x00eff110: 00000000 00000000 00000000 00000140 ............@...
0x00eff120: 00000000 00000000 00000000 00000000 ................
0x00eff130: 08ffdb50 00000000 00000000 00000000 P...............
0x00eff140: 00000000 00000000 00000003 00efdf6c ............l...
0x00eff150: 00000000 00eff290 00eff4f4 00000000 ................
0x00eff160: 00000000 00000000 00000000 00000000 ................
0x00eff170: 00eff1ec 00000000 00000000 00000000 ................
0x00eff180: 00000000 00000000 00eff054 00000003 ........T.......
0x00eff190: 08ffd600 0110f054 0000006c 00000001 ....T...l.......
0x00eff1a0: 00000000 6931672a 6931503a 00eff49c ....*g1i:P1i....
0x00eff1b0: 00eff500 00000000 6931502c 00000000 ........,P1i....
0x00eff1c0: 755af540 00000000 00eff1ec 00000000 @.Zu............
0x00eff1d0: 00000000 10cc4bcc 00000000 69314ff8 .....K.......O1i
0x00eff1e0: 00eff0ac 00000003 00000010 8a885d04 .............]..
0x00eff1f0: 0000006c 69314fea 69314fe0 00000007 l....O1i.O1i....
0x00eff200: 69314ff8 00eff4f4 00000233 00000000 .O1i....3.......
0x00eff210: 69314fea 6931672a 00000022 00000000 .O1i*g1i".......
0x00eff220: 00000000 00000000 00000001 00000020 ............ ...
0x00eff230: 00000000 00000000 00000000 00000000 ................
0x00eff240: 755d2340 00000000 00000000 00000000 @#]u............
0x00eff250: 00000000 755cf2b0 755cf3a0 00000000 ......\u..\u....
0x00eff260: 00000000 00000000 00000000 00000000 ................
0x00eff270: 00000000 00000000 00000000 00000000 ................
0x00eff280: 00eff420 00eff284 00eff284 00000070  ...........p...
0x00eff290: 00eff290 00eff290 00000017 00000000 ................
0x00eff2a0: 00eff2b0 00eff2a4 00eff2a4 00000200 ................
0x00eff2b0: 00eff5c4 10caeac8 755925fc 00efef40 .........%Yu@...
0x00eff2c0: 00eff080 10bfe6b4 00000000 00000000 ................
0x00eff2d0: 00000000 10cc4670 10cc4674 00eff344 ....pF..tF..D...
0x00eff2e0: 08ffe030 00eff440 10f53de0 00000000 0...@....=......
0x00eff2f0: 75c897e7 75cfbb50 010bafa8 00eff310 ...uP..u........
0x00eff300: 75c01c67 10bfe754 75c01c72 a88477c3 g..uT...r..u.w..
0x00eff310: 00eff324 755ce8ee 10cc4674 755ce8f9 $.....\utF....\u
0x00eff320: 00eff400 75cd4d30 00000000 10cc4674 ....0M.u....tF..
0x00eff330: 0d23ed78 10cc4570 00000016 00000000 x.#.pE..........
0x00eff340: 0d23ed88 00000064 0003000f 80004002 ..#.d........@..
0x00eff350: 00eff438 00eff440 10bfe6b4 75c145ea 8...@........E.u
0x00eff360: 75db7098 00eff374 75c88a87 75db70ac .p.ut......u.p.u
0x00eff370: 00000000 00eff3c8 75c8cd20 75c10300 ........ ..u...u
0x00eff380: 00001588 a86b84d3 00eff438 10bfe6b4 ......k.8.......
0x00eff390: 75c8cd30 00000001 10cc4c00 00eff438 0..u.....L..8...
0x00eff3a0: 00eff43c 00eff440 00000000 00eff450 <...@.......P...
0x00eff3b0: 10cc4bf8 00000000 00000000 10bfe6b4 .K..............
0x00eff3c0: 00000000 10bfe6b4 00000000 77c302ac ...............w
0x00eff3d0: 750e9980 0111fb30 00000010 0111fb30 ...u0.......0...
0x00eff3e0: 00000000 00eff444 750e976f 0111fb98 ....D...o..u....
0x00eff3f0: 00000010 00eff4c8 750e977f 00000000 ...........u....
0x00eff400: 0111fb88 00eff4d8 00000011 00000000 ................
0x00eff410: 00000000 00eff464 0111fb98 00000000 ....d...........
0x00eff420: 00eff428 00eff42c 75c8a3fa 00eff438 (...,......u8...
0x00eff430: 8383d605 75c8a41a 10cc4674 75c890d0 .......utF.....u
0x00eff440: 10caea7c 75cfbc50 75c89138 10bfe6b0 |...P..u8..u....
0x00eff450: 00000001 10caea40 00eff4c8 00000000 ....@...........
0x00eff460: fffffffe 00000001 00000002 a88470a3 .............p..
0x00eff470: 00eff484 75c0077f 10bfe754 75c0078a .......uT......u
0x00eff480: a8847057 00eff498 755ce93e 10cc4674 Wp......>.\utF..
0x00eff490: 755ce949 19623c65 00eff4e8 6927414e I.\ue<b.....NA'i
0x00eff4a0: 19623c41 00efefb0 00eff5d4 00eff544 A<b.........D...
0x00eff4b0: 755d4aa0 6cee68dd 00000001 00eff4dc .J]u.h.l........
0x00eff4c0: 75c03a80 693118d8 69314fe0 00eff4f4 .:.u..1i.O1i....
0x00eff4d0: 00eff5d8 10caeac8 00000020 00eff4ec ........ .......
0x00eff4e0: 75cf2abf 00eff4f4 00000003 00eff550 .*.u........P...
0x00eff4f0: 69269653 10cc4bcc 10caea6c ffffffff S.&i.K..l.......
0x00eff500: 00000001 00eff5d8 00eff538 00eff53c ........8...<...
0x00eff510: c312c6aa 04756b08 02024bb4 00000000 .....ku..K......
0x00eff520: 03e6e610 00eff53c 0137556f 04756b00 ....<...oU7..ku.
0x00eff530: 04756b00 02280000 00000000 00000000 .ku...(.........
0x00eff540: c312c6aa 00effbf8 69277b58 ffffffff ........X{'i....
0x00eff550: 00eff5c8 0138532f 10caeac8 ffffffff ..../S8.........
0x00eff560: 00000001 00eff5d4 00eff5d8 00000010 ................
0x00eff570: 00000010 00000000 0126fc24 047931b0 ........$.&..1y.
0x00eff580: 00eff600 0000000e 00000018 00eff600 ................
0x00eff590: 0000000a 047931b0 00eff600 00eff588 .....1y.........
0x00eff5a0: 00eff600 00000018 00eff5c8 0127ec14 ..............'.
0x00eff5b0: 00000000 00000000 00000000 00000010 ................
0x00eff5c0: 1268af70 10caeac8 00eff620 013855c7 p.h..... ....U8.
0x00eff5d0: 00eff5e4 00000000 00000000 052d7750 ............Pw-.
0x00eff5e0: 00000000 354a5242 46303334 32004242 ....BRJ5430FBB.2
0x00eff5f0: 00004d36 0000000a 0000000f 04784430 6M..........0Dx.
0x00eff600: 047931b0 47413045 32473941 01004d36 .1y.E0AGA9G26M..
0x00eff610: 00000018 0000001f 00eff714 1268af70 ............p.h.
0x00eff620: 00eff714 018634f5 00000010 052d7750 .....4......Pw-.
0x00eff630: 00000000 00eff64c 01375185 04786020 ....L....Q7. `x.
0x00eff640: 00000010 00000010 02280000 00eff684 ..........(.....
0x00eff650: 342e3575 3266322e 00000000 0000002f u5.4.2f2..../...
0x00eff660: 00000008 0000000f 00000000 04784430 ............0Dx.
0x00eff670: 01377292 00000030 00000010 00000020 .r7.0....... ...
0x00eff680: 0000002f 00eff6a4 646e6957 5073776f /.......WindowsP
0x00eff690: 6579616c 00000072 0000000d 0000000f layer...........
0x00eff6a0: 0000004b 04784430 0126f599 00000030 K...0Dx...&.0...
0x00eff6b0: 00000010 00000020 0000002f 0200eea8 .... .../.......
0x00eff6c0: 0000004b 00eff6f8 0126fbc6 00000030 K.........&.0...
0x00eff6d0: 00000000 00000024 052d7760 342e3500 ....$...`w-..5.4
0x00eff6e0: 3266322e 052d7700 00eff6d4 00000000 .2f2.w-.........
0x00eff6f0: 0000000f 00eff714 04784300 04786020 .........Cx. `x.
0x00eff700: 04785f90 00000024 00000000 0000000f ._x.$...........
0x00eff710: 00000000 00eff71c 018624ba 00eff72c .........$..,...
0x00eff720: 01862f97 00000001 052d7750 00eff7a0 ./......Pw-.....
0x00eff730: 0186471b 00eff744 00000001 052d7750 .G..D.......Pw-.
0x00eff740: 0007ea49 04785f90 052d76f8 00000000 I...._x..v-.....
0x00eff750: 0220f548 00000024 0000002f 0151eb00 H. .$.../.....Q.
0x00eff760: 00000000 00000000 00000005 00000000 ................
0x00eff770: 00000000 0000000f 22a16660 00000100 ........`f."....
0x00eff780: 00000000 00eff7f9 00000010 00000000 ................
0x00eff790: 0000000f 0220f624 052d7750 00eff7b0 ....$. .Pw-.....
0x00eff7a0: 00eff7b0 018647e5 00000000 02239670 .....G......p.#.
0x00eff7b0: 00eff7cc 0186485f 00000001 540a5704 ...._H.......W.T
0x00eff7c0: 540a5704 0007ea49 00000000 00eff800 .W.TI...........
0x00eff7d0: 018614d5 052d7750 00000001 540a5704 ....Pw-......W.T
0x00eff7e0: 540a5704 0007ea49 00000000 020b2de5 .W.TI........-..
0x00eff7f0: 052d76f8 00000000 02239670 00000000 .v-.....p.#.....
0x00eff800: 00eff868 01862144 00000001 540a5704 h...D!.......W.T
0x00eff810: 540a5704 0007ea49 00000000 00000002 .W.TI...........
0x00eff820: 00000003 02236350 04786000 04793190 ....Pc#..`x..1y.
0x00eff830: 0476a3b0 00eff8a4 00000000 0000000f ..v.............
0x00eff840: 00000002 04786020 00eff838 00effbf8 .... `x.8.......
0x00eff850: 00000000 00000024 0000002f 00eff878 ....$.../...x...
0x00eff860: 22a332b5 00000000 00eff874 0186229a .2."....t...."..
0x00eff870: 00000001 00eff89c 014aefa0 052d76f8 ..........J..v-.
0x00eff880: ffffffbc 04ca3e40 00000002 04ca3e40 ....@>......@>..
0x00eff890: 04767a01 04ca3db0 0223632c 00eff904 .zv..=..,c#.....
0x00eff8a0: 014afcaf ffffffbc 04ca3e40 00000002 ..J.....@>......
0x00eff8b0: 04767a40 04ca3db0 04767a01 04793030 @zv..=...zv.00y.
0x00eff8c0: 04793030 00000000 04ca3e04 00eff8e0 00y......>......
0x00eff8d0: 04793050 00000000 04793030 00000000 P0y.....00y.....
0x00eff8e0: 00eff8f0 013768f0 04793030 00000008 .....h7.00y.....
0x00eff8f0: 00eff928 01278700 04793030 04ca3db0 (.....'.00y..=..
0x00eff900: 04ca3db0 00eff928 014afe6f 04767a40 .=..(...o.J.@zv.
0x00eff910: 04ca3db0 014aeb9a 00000010 04767a40 .=....J.....@zv.
0x00eff920: 00000001 04767a40 00eff948 014aec2a ....@zv.H...*.J.
0x00eff930: 00000002 7fffffff 00000010 04ca3db0 .............=..
0x00eff940: 00000000 00000001 00eff958 013581f1 ........X.....5.
0x00eff950: 0000000f 04cbac80 00eff9ec 0148adec ..............H.
0x00eff960: 00eff984 00eff9a0 00eff9bc 00eff9d8 ................
0x00eff970: 00000000 00000002 75152480 75146760 .........$.u`g.u
0x00eff980: 00000004 047930d0 00eff9c0 012e1094 .....0y.........
0x00eff990: 00eff9c0 00000016 0000001f 0223dbcc ..............#.
0x00eff9a0: 6576656c 0100306c 00000000 00000000 level0..........
0x00eff9b0: 00000006 0000000f 00000000 047930b0 .............0y.
0x00eff9c0: 00eff9dc 01357286 047930d0 00000014 .....r5..0y.....
0x00eff9d0: 0000001f 00000000 00000000 00000000 ................
0x00eff9e0: 00000000 00000000 75146760 00effa28 ........`g.u(...
0x00eff9f0: 0148ae92 00000000 01521852 01522079 ..H.....R.R.y R.
0x00effa00: 00000000 00000001 000e0a7a 000000ff ........z.......
0x00effa10: 00000001 0bd70677 016c0d15 000001cd ....w.....l.....
0x00effa20: 000000ae 000006f8 00effb60 015240ae ........`....@R.
0x00effa30: 0194dbdb 00000000 00c4c000 0474f5b0 ..............t.
0x00effa40: 01c0003f 000001ff 00000000 0000002e ?...............
0x00effa50: 0000002f 00000fff 0474b910 00000000 /.........t.....
0x00effa60: 04021d00 02153de0 00000033 0000003f .....=..3...?...
0x00effa70: 0196c580 04021d00 02153de0 00000010 .........=......
0x00effa80: 00000010 7fffffff 00000000 0220f548 ............H. .
0x00effa90: 04021938 00000010 00effa00 00effacc 8...............
0x00effaa0: 01969240 04021d00 02153de0 0474ba10 @........=....t.
0x00effab0: 00effabc 7fffffff 00000000 00000034 ............4...
0x00effac0: 0000003f 040205a8 0474f670 00effafc ?.......p.t.....
0x00effad0: 0195a72c 04021d00 00000025 0000002f ,.......%.../...
0x00effae0: 00effa1c 616e614d 00646567 6c65746e ....Managed.ntel
0x00effaf0: 00000000 00000007 0000000f 00effb08 ................
0x00effb00: 0474b950 0474b988 0474b988 0000000d P.t...t...t.....
0x00effb10: 03e6d040 65646900 646e6957 6c00776f @....ideWindow.l
0x00effb20: 00ef006c 00000000 0000000f 00000000 l...............
0x00effb30: 00000000 65726100 5748746e 0100444e .....arentHWND..
0x00effb40: 010b3de5 00000000 0000000f 00000000 .=..............
0x00effb50: 03e6d040 03e6d080 00000000 00100801 @...............
0x00effb60: 00effb78 0191e478 01260000 00000000 x...x.....&.....
0x00effb70: 010b3de7 00000001 00effc08 0194db88 .=..............
0x00effb80: 01260000 00000000 010b3de7 00000001 ..&......=......
0x00effb90: c672d4fe 0194dbdb 0194dbdb 00c4c000 ..r.............
0x00effba0: 00000044 010b21c0 010b21a0 010b2156 D....!...!..V!..
0x00effbb0: 00000000 00000000 00000000 00000000 ................
0x00effbc0: 00000000 00000000 00000000 00000401 ................
0x00effbd0: 00000001 00000000 00000000 00010001 ................
0x00effbe0: 00000000 00effbf4 0194dbdb 00000000 ................
0x00effbf0: 00effb90 11239ee6 00effc54 0194f500 ......#.T.......
0x00effc00: c481134e 00000000 00effc1c 753c62c4 N............b<u
0x00effc10: 00c4c000 753c62a0 3bee98c5 00effc64 .....b<u...;d...
0x00effc20: 77c20fd9 00c4c000 395cc8b5 00000000 ...w......\9....
0x00effc30: 00000000 00c4c000 00000000 00000000 ................
0x00effc40: 00000000 00000000 395cc8b5 00effc28 ..........\9(...
0x00effc50: 00000000 00effc6c 77c367b0 4e78b3c1 ....l....g.w..xN
0x00effc60: 00000000 00effc74 77c20fa4 ffffffff ....t......w....
0x00effc70: 77c42ef0 00000000 00000000 0194dbdb ...w............
0x00effc80: 00c4c000 00000000 00000000 00000000 ................
0x00effc90: 00000000 00000000 00000000 00000000 ................
0x00effca0: 00000000 00000000 00000000 00000000 ................
0x00effcb0: 00000000 00000000 00000000 00000000 ................
0x00effcc0: 00000000 00000000 00000000 00000000 ................
0x00effcd0: 00000000 00000000 00000000 00000000 ................
0x00effce0: 00000000 00000000 00000000 00000000 ................
0x00effcf0: 00000000 00000000 00000000 00000000 ................
0x00effd00: 00000000 00000000 00000000 00000000 ................
0x00effd10: 00000000 00000000 00000000 00000000 ................
0x00effd20: 00000000 00000000 00000000 00000000 ................
0x00effd30: 00000000 00000000 00000000 00000000 ................
0x00effd40: 00000000 00000000 00000000 00000000 ................
0x00effd50: 00000000 00000000 00000000 00000000 ................
0x00effd60: 00000000 00000000 00000000 00000000 ................
0x00effd70: 00000000 00000000 00000000 00000000 ................
0x00effd80: 00000000 00000000 00000000 00000000 ................
0x00effd90: 00000000 00000000 00000000 00000000 ................
0x00effda0: 00000000 00000000 00000000 00000000 ................
0x00effdb0: 00000000 00000000 00000000 00000000 ................
0x00effdc0: 00000000 00000000 00000000 00000000 ................
0x00effdd0: 00000000 00000000 00000000 00000000 ................
0x00effde0: 00000000 00000000 00000000 00000000 ................
0x00effdf0: 00000000 00000000 00000000 00000000 ................
0x00effe00: 00000000 00000000 00000000 00000000 ................
0x00effe10: 00000000 00000000 00000000 00000000 ................
0x00effe20: 00000000 00000000 00000000 00000000 ................
0x00effe30: 00000000 00000000 00000000 00000000 ................
0x00effe40: 00000000 00000000 00000000 00000000 ................
0x00effe50: 00000000 00000000 00000000 00000000 ................
0x00effe60: 00000000 00000000 00000000 00000000 ................
0x00effe70: 00000000 00000000 00000000 00000000 ................
0x00effe80: 00000000 00000000 00000000 00000000 ................
0x00effe90: 00000000 00000000 00000000 00000000 ................
0x00effea0: 00000000 00000000 00000000 00000000 ................
0x00effeb0: 00000000 00000000 00000000 00000000 ................
0x00effec0: 00000000 00000000 00000000 00000000 ................
0x00effed0: 00000000 00000000 00000000 00000000 ................
0x00effee0: 00000000 00000000 00000000 00000000 ................
0x00effef0: 00000000 00000000 00000000 00000000 ................
0x00efff00: 00000000 00000000 00000000 00000000 ................
0x00efff10: 00000000 00000000 00000000 00000000 ................
0x00efff20: 00000000 00000000 00000000 00000000 ................
0x00efff30: 00000000 00000000 00000000 00000000 ................
0x00efff40: 00000000 00000000 00000000 00000000 ................
0x00efff50: 00000000 00000000 00000000 00000000 ................
0x00efff60: 00000000 00000000 00000000 00000000 ................
0x00efff70: 00000000 00000000 00000000 00000000 ................
0x00efff80: 00000000 00000000 00000000 00000000 ................
0x00efff90: 00000000 00000000 00000000 00000000 ................
0x00efffa0: 00000000 00000000 00000000 00000000 ................
0x00efffb0: 00000000 00000000 00000000 00000000 ................
0x00efffc0: 00000000 00000000 00000000 00000000 ................
0x00efffd0: 00000000 00000000 00000000 00000000 ................
0x00efffe0: 00000000 00000000 00000000 00000000 ................
0x00effff0: 00000000 00000000 00000000 00000000 ................

Module 1
D:\Projects\Unity\DBZ Contra\dbz.exe
Image Base: 0x01260000  Image Size: 0x011b9000
File Size:  17737216    File Time:  2016-10-20_052638
Version:
   Company:    
   Product:    
   FileDesc:   
   FileVer:    5.4.2.57392
   ProdVer:    5.4.2.57392

Module 2
C:\WINDOWS\System32\DriverStore\FileRepository\nvhm.inf_amd64_6e0cf60def1446c6\nvwgf2um.dll
Image Base: 0x07a80000  Image Size: 0x0133f000
File Size:  20606952    File Time:  2016-12-02_020832
Version:
   Company:    NVIDIA Corporation
   Product:    NVIDIA D3D10 drivers
   FileDesc:   NVIDIA D3D10 Driver, Version 373.19 
   FileVer:    21.21.13.7319
   ProdVer:    21.21.13.7319

Module 3
D:\Projects\Unity\DBZ Contra\dbz_Data\Mono\mono.dll
Image Base: 0x10000000  Image Size: 0x00230000
File Size:  2113496     File Time:  2016-10-20_053136
Version:
   Company:    Unity Technologies
   Product:    libmono
   FileDesc:   Unity Technologies fork of mono runtime
   FileVer:    1.0.0.1
   ProdVer:    1.0.0.1

Module 4
C:\WINDOWS\system32\nvapi.dll
Image Base: 0x501e0000  Image Size: 0x00383000
File Size:  3535776     File Time:  2016-12-02_020830
Version:
   Company:    NVIDIA Corporation
   Product:    NVIDIA Windows drivers
   FileDesc:   NVIDIA NVAPI Library, Version 373.19 
   FileVer:    21.21.13.7319
   ProdVer:    21.21.13.7319

Module 5
C:\WINDOWS\system32\nvspcap.dll
Image Base: 0x50570000  Image Size: 0x00151000
File Size:  1377800     File Time:  2016-06-14_180128
Version:
   Company:    NVIDIA Corporation
   Product:    NVIDIA GeForce Experience
   FileDesc:   NVIDIA Capture Server Proxy
   FileVer:    2.11.4.0
   ProdVer:    2.11.4.0

Module 6
C:\WINDOWS\SYSTEM32\wdmaud.drv
Image Base: 0x56340000  Image Size: 0x00039000
File Size:  207360      File Time:  2016-07-16_094250
Version:
   Company:    Microsoft Corporation
   Product:    Microsoft® Windows® Operating System
   FileDesc:   Winmm  audio system driver
   FileVer:    10.0.14393.0
   ProdVer:    10.0.14393.0

Module 7
C:\WINDOWS\SYSTEM32\xinput9_1_0.dll
Image Base: 0x56970000  Image Size: 0x00007000
File Size:  9216        File Time:  2016-07-16_094306
Version:
   Company:    Microsoft Corporation
   Product:    Microsoft® Windows® Operating System
   FileDesc:   XNA Common Controller
   FileVer:    10.0.14393.0
   ProdVer:    10.0.14393.0

Module 8
C:\WINDOWS\SYSTEM32\midimap.dll
Image Base: 0x56980000  Image Size: 0x00008000
File Size:  18944       File Time:  2016-07-16_094250
Version:
   Company:    Microsoft Corporation
   Product:    Microsoft® Windows® Operating System
   FileDesc:   Microsoft MIDI Mapper
   FileVer:    10.0.14393.0
   ProdVer:    10.0.14393.0

Module 9
C:\WINDOWS\SYSTEM32\msacm32.drv
Image Base: 0x56990000  Image Size: 0x0000a000
File Size:  24576       File Time:  2016-07-16_094250
Version:
   Company:    Microsoft Corporation
   Product:    Microsoft® Windows® Operating System
   FileDesc:   Microsoft Sound Mapper
   FileVer:    10.0.14393.0
   ProdVer:    10.0.14393.0

Module 10
C:\WINDOWS\SYSTEM32\ig75icd32.dll
Image Base: 0x5e4a0000  Image Size: 0x00865000
File Size:  8732168     File Time:  2016-11-01_230524
Version:
   Company:    Intel Corporation
   Product:    Intel HD Graphics Drivers for Windows(R)
   FileDesc:   OpenGL(R) Driver for Intel(R) Graphics Accelerator
   FileVer:    20.19.15.4531
   ProdVer:    20.19.15.4531

Module 11
C:\WINDOWS\SYSTEM32\DDRAW.dll
Image Base: 0x61ce0000  Image Size: 0x000ed000
File Size:  548352      File Time:  2016-12-06_152028
Version:
   Company:    Microsoft Corporation
   Product:    Microsoft® Windows® Operating System
   FileDesc:   Microsoft DirectDraw
   FileVer:    10.0.14393.447
   ProdVer:    10.0.14393.447

Module 12
C:\WINDOWS\SYSTEM32\GLU32.dll
Image Base: 0x61dd0000  Image Size: 0x00025000
File Size:  141312      File Time:  2016-07-16_094306
Version:
   Company:    Microsoft Corporation
   Product:    Microsoft® Windows® Operating System
   FileDesc:   OpenGL Utility Library DLL
   FileVer:    10.0.14393.0
   ProdVer:    10.0.14393.0

Module 13
C:\WINDOWS\SYSTEM32\OPENGL32.dll
Image Base: 0x61e00000  Image Size: 0x000e0000
File Size:  786944      File Time:  2016-07-16_094306
Version:
   Company:    Microsoft Corporation
   Product:    Microsoft® Windows® Operating System
   FileDesc:   OpenGL Client DLL
   FileVer:    10.0.14393.0
   ProdVer:    10.0.14393.0

Module 14
C:\WINDOWS\system32\wbem\fastprox.dll
Image Base: 0x69240000  Image Size: 0x000c2000
File Size:  779776      File Time:  2016-07-16_094258
Version:
   Company:    Microsoft Corporation
   Product:    Microsoft® Windows® Operating System
   FileDesc:   WMI Custom Marshaller
   FileVer:    10.0.14393.0
   ProdVer:    10.0.14393.0

Module 15
C:\WINDOWS\system32\wbem\wbemsvc.dll
Image Base: 0x69310000  Image Size: 0x00010000
File Size:  48640       File Time:  2016-07-16_094258
Version:
   Company:    Microsoft Corporation
   Product:    Microsoft® Windows® Operating System
   FileDesc:   WMI
   FileVer:    10.0.14393.0
   ProdVer:    10.0.14393.0

Module 16
C:\WINDOWS\SYSTEM32\wbemcomn.dll
Image Base: 0x69800000  Image Size: 0x00067000
File Size:  391168      File Time:  2016-07-16_094258
Version:
   Company:    Microsoft Corporation
   Product:    Microsoft® Windows® Operating System
   FileDesc:   WMI
   FileVer:    10.0.14393.0
   ProdVer:    10.0.14393.0

Module 17
C:\WINDOWS\SYSTEM32\igdusc32.dll
Image Base: 0x69de0000  Image Size: 0x008cb000
File Size:  5140472     File Time:  2016-11-01_230602
Version:
   Company:    Intel Corporation
   Product:    Intel HD Graphics Drivers for Windows(R)
   FileDesc:   Unified Shader Compiler for Intel(R) Graphics Accelerator
   FileVer:    20.19.15.4531
   ProdVer:    20.19.15.4531

Module 18
C:\WINDOWS\system32\wbem\wbemprox.dll
Image Base: 0x6b290000  Image Size: 0x0000d000
File Size:  35328       File Time:  2016-07-16_094258
Version:
   Company:    Microsoft Corporation
   Product:    Microsoft® Windows® Operating System
   FileDesc:   WMI
   FileVer:    10.0.14393.0
   ProdVer:    10.0.14393.0

Module 19
C:\WINDOWS\System32\fwpuclnt.dll
Image Base: 0x6c170000  Image Size: 0x00049000
File Size:  279040      File Time:  2016-07-16_094256
Version:
   Company:    Microsoft Corporation
   Product:    Microsoft® Windows® Operating System
   FileDesc:   FWP/IPsec User-Mode API
   FileVer:    10.0.14393.0
   ProdVer:    10.0.14393.0

Module 20
C:\Windows\System32\rasadhlp.dll
Image Base: 0x6c8e0000  Image Size: 0x00008000
File Size:  13312       File Time:  2016-07-16_094302
Version:
   Company:    Microsoft Corporation
   Product:    Microsoft® Windows® Operating System
   FileDesc:   Remote Access AutoDial Helper
   FileVer:    10.0.14393.0
   ProdVer:    10.0.14393.0

Module 21
C:\WINDOWS\System32\PROPSYS.dll
Image Base: 0x6f730000  Image Size: 0x0014f000
File Size:  1375456     File Time:  2016-07-16_094256
Version:
   Company:    Microsoft Corporation
   Product:    Windows® Search
   FileDesc:   Microsoft Property System
   FileVer:    7.0.14393.0
   ProdVer:    7.0.14393.0

Module 22
C:\WINDOWS\System32\MMDevApi.dll
Image Base: 0x6f880000  Image Size: 0x00058000
File Size:  352768      File Time:  2016-07-16_094250
Version:
   Company:    Microsoft Corporation
   Product:    Microsoft® Windows® Operating System
   FileDesc:   MMDevice API
   FileVer:    10.0.14393.0
   ProdVer:    10.0.14393.0

Module 23
C:\WINDOWS\SYSTEM32\wintypes.dll
Image Base: 0x6f8e0000  Image Size: 0x000cf000
File Size:  846560      File Time:  2016-12-09_075926
Version:
   Company:    Microsoft Corporation
   Product:    Microsoft® Windows® Operating System
   FileDesc:   Windows Base Types DLL
   FileVer:    10.0.14393.576
   ProdVer:    10.0.14393.576

Module 24
C:\WINDOWS\SYSTEM32\AUDIOSES.DLL
Image Base: 0x6f9b0000  Image Size: 0x0007b000
File Size:  484584      File Time:  2016-11-11_063942
Version:
   Company:    Microsoft Corporation
   Product:    Microsoft® Windows® Operating System
   FileDesc:   Audio Session
   FileVer:    10.0.14393.479
   ProdVer:    10.0.14393.479

Module 25
C:\WINDOWS\SYSTEM32\DCIMAN32.dll
Image Base: 0x6faa0000  Image Size: 0x00007000
File Size:  11776       File Time:  2016-07-16_094250
Version:
   Company:    Microsoft Corporation
   Product:    Microsoft® Windows® Operating System
   FileDesc:   DCI Manager
   FileVer:    10.0.14393.0
   ProdVer:    10.0.14393.0

Module 26
C:\WINDOWS\SYSTEM32\d3d11.dll
Image Base: 0x70010000  Image Size: 0x0022f000
File Size:  2277248     File Time:  2016-11-11_054802
Version:
   Company:    Microsoft Corporation
   Product:    Microsoft® Windows® Operating System
   FileDesc:   Direct3D 11 Runtime
   FileVer:    10.0.14393.479
   ProdVer:    10.0.14393.479

Module 27
C:\WINDOWS\SYSTEM32\HID.DLL
Image Base: 0x70290000  Image Size: 0x0000a000
File Size:  25600       File Time:  2016-07-16_094250
Version:
   Company:    Microsoft Corporation
   Product:    Microsoft® Windows® Operating System
   FileDesc:   Hid User Library
   FileVer:    10.0.14393.0
   ProdVer:    10.0.14393.0

Module 28
C:\WINDOWS\SYSTEM32\dbghelp.dll
Image Base: 0x72a70000  Image Size: 0x00145000
File Size:  1220608     File Time:  2016-07-16_094258
Version:
   Company:    Microsoft
   Product:    Microsoft® Windows® Operating System
   FileDesc:   Windows Image Helper
   FileVer:    10.0.14321.1024
   ProdVer:    10.0.14321.1024

Module 29
C:\WINDOWS\SYSTEM32\WINMMBASE.dll
Image Base: 0x72c80000  Image Size: 0x00023000
File Size:  131208      File Time:  2016-07-16_094250
Version:
   Company:    Microsoft Corporation
   Product:    Microsoft® Windows® Operating System
   FileDesc:   Base Multimedia Extension API DLL
   FileVer:    10.0.14393.0
   ProdVer:    10.0.14393.0

Module 30
C:\WINDOWS\SYSTEM32\MSACM32.dll
Image Base: 0x72d40000  Image Size: 0x00018000
File Size:  90912       File Time:  2016-07-16_094250
Version:
   Company:    Microsoft Corporation
   Product:    Microsoft® Windows® Operating System
   FileDesc:   Microsoft ACM Audio Filter
   FileVer:    10.0.14393.0
   ProdVer:    10.0.14393.0

Module 31
C:\WINDOWS\SYSTEM32\WINMM.dll
Image Base: 0x72d80000  Image Size: 0x00024000
File Size:  135376      File Time:  2016-07-16_094250
Version:
   Company:    Microsoft Corporation
   Product:    Microsoft® Windows® Operating System
   FileDesc:   MCI API DLL
   FileVer:    10.0.14393.0
   ProdVer:    10.0.14393.0

Module 32
C:\WINDOWS\SYSTEM32\ksuser.dll
Image Base: 0x73020000  Image Size: 0x00007000
File Size:  20672       File Time:  2016-07-16_094250
Version:
   Company:    Microsoft Corporation
   Product:    Microsoft® Windows® Operating System
   FileDesc:   User CSA Library
   FileVer:    10.0.14393.0
   ProdVer:    10.0.14393.0

Module 33
C:\WINDOWS\SYSTEM32\bcrypt.dll
Image Base: 0x73040000  Image Size: 0x0001b000
File Size:  106896      File Time:  2016-12-09_080100
Version:
   Company:    Microsoft Corporation
   Product:    Microsoft® Windows® Operating System
   FileDesc:   Windows Cryptographic Primitives Library
   FileVer:    10.0.14393.576
   ProdVer:    10.0.14393.576

Module 34
C:\WINDOWS\WinSxS\x86_microsoft.windows.common-controls_6595b64144ccf1df_6.0.14393.447_none_89c64d28dafea4b9\comctl32.dll
Image Base: 0x73400000  Image Size: 0x0020a000
File Size:  2122080     File Time:  2016-12-06_152050
Version:
   Company:    Microsoft Corporation
   Product:    Microsoft® Windows® Operating System
   FileDesc:   User Experience Controls Library
   FileVer:    6.10.14393.447
   ProdVer:    10.0.14393.447

Module 35
C:\WINDOWS\SYSTEM32\DEVOBJ.dll
Image Base: 0x73610000  Image Size: 0x00022000
File Size:  132232      File Time:  2016-07-16_094256
Version:
   Company:    Microsoft Corporation
   Product:    Microsoft® Windows® Operating System
   FileDesc:   Device Information Set DLL
   FileVer:    10.0.14393.0
   ProdVer:    10.0.14393.0

Module 36
C:\WINDOWS\SYSTEM32\dhcpcsvc.DLL
Image Base: 0x73690000  Image Size: 0x00014000
File Size:  63488       File Time:  2016-07-16_094256
Version:
   Company:    Microsoft Corporation
   Product:    Microsoft® Windows® Operating System
   FileDesc:   DHCP Client Service
   FileVer:    10.0.14393.0
   ProdVer:    10.0.14393.0

Module 37
C:\WINDOWS\SYSTEM32\dhcpcsvc6.DLL
Image Base: 0x736b0000  Image Size: 0x00013000
File Size:  57344       File Time:  2016-07-16_094256
Version:
   Company:    Microsoft Corporation
   Product:    Microsoft® Windows® Operating System
   FileDesc:   DHCPv6 Client
   FileVer:    10.0.14393.0
   ProdVer:    10.0.14393.0

Module 38
C:\WINDOWS\system32\rsaenh.dll
Image Base: 0x73750000  Image Size: 0x0002f000
File Size:  184416      File Time:  2016-07-16_094256
Version:
   Company:    Microsoft Corporation
   Product:    Microsoft® Windows® Operating System
   FileDesc:   Microsoft Enhanced Cryptographic Provider
   FileVer:    10.0.14393.0
   ProdVer:    10.0.14393.0

Module 39
C:\WINDOWS\SYSTEM32\CRYPTSP.dll
Image Base: 0x73780000  Image Size: 0x00013000
File Size:  68720       File Time:  2016-07-16_094256
Version:
   Company:    Microsoft Corporation
   Product:    Microsoft® Windows® Operating System
   FileDesc:   Cryptographic Service Provider API
   FileVer:    10.0.14393.0
   ProdVer:    10.0.14393.0

Module 40
C:\WINDOWS\SYSTEM32\dxgi.dll
Image Base: 0x737d0000  Image Size: 0x00084000
File Size:  527880      File Time:  2016-11-11_054746
Version:
   Company:    Microsoft Corporation
   Product:    Microsoft® Windows® Operating System
   FileDesc:   DirectX Graphics Infrastructure
   FileVer:    10.0.14393.479
   ProdVer:    10.0.14393.479

Module 41
C:\WINDOWS\SYSTEM32\AVRT.dll
Image Base: 0x73a90000  Image Size: 0x00009000
File Size:  29448       File Time:  2016-07-16_094250
Version:
   Company:    Microsoft Corporation
   Product:    Microsoft® Windows® Operating System
   FileDesc:   Multimedia Realtime Runtime
   FileVer:    10.0.14393.0
   ProdVer:    10.0.14393.0

Module 42
C:\WINDOWS\SYSTEM32\dwmapi.dll
Image Base: 0x73c30000  Image Size: 0x0001f000
File Size:  113504      File Time:  2016-12-06_152028
Version:
   Company:    Microsoft Corporation
   Product:    Microsoft® Windows® Operating System
   FileDesc:   Microsoft Desktop Window Manager API
   FileVer:    10.0.14393.206
   ProdVer:    10.0.14393.206

Module 43
C:\WINDOWS\SYSTEM32\ntmarta.dll
Image Base: 0x73ce0000  Image Size: 0x00028000
File Size:  154432      File Time:  2016-07-16_094256
Version:
   Company:    Microsoft Corporation
   Product:    Microsoft® Windows® Operating System
   FileDesc:   Windows NT MARTA provider
   FileVer:    10.0.14393.0
   ProdVer:    10.0.14393.0

Module 44
C:\WINDOWS\SYSTEM32\DNSAPI.dll
Image Base: 0x74330000  Image Size: 0x0007c000
File Size:  496872      File Time:  2016-12-06_152034
Version:
   Company:    Microsoft Corporation
   Product:    Microsoft® Windows® Operating System
   FileDesc:   DNS Client API DLL
   FileVer:    10.0.14393.206
   ProdVer:    10.0.14393.206

Module 45
C:\WINDOWS\SYSTEM32\MSWSOCK.dll
Image Base: 0x743b0000  Image Size: 0x0004e000
File Size:  306016      File Time:  2016-07-16_094256
Version:
   Company:    Microsoft Corporation
   Product:    Microsoft® Windows® Operating System
   FileDesc:   Microsoft Windows Sockets 2.0 Service Provider
   FileVer:    10.0.14393.0
   ProdVer:    10.0.14393.0

Module 46
C:\WINDOWS\system32\uxtheme.dll
Image Base: 0x74430000  Image Size: 0x00075000
File Size:  457728      File Time:  2016-07-16_094306
Version:
   Company:    Microsoft Corporation
   Product:    Microsoft® Windows® Operating System
   FileDesc:   Microsoft UxTheme Library
   FileVer:    10.0.14393.0
   ProdVer:    10.0.14393.0

Module 47
C:\Program Files (x86)\Bonjour\mdnsNSP.dll
Image Base: 0x744b0000  Image Size: 0x00021000
File Size:  121704      File Time:  2011-08-31_000502
Version:
   Company:    Apple Inc.
   Product:    Bonjour
   FileDesc:   Bonjour Namespace Provider
   FileVer:    3.0.0.10
   ProdVer:    3.0.0.10

Module 48
C:\WINDOWS\SYSTEM32\WINHTTP.dll
Image Base: 0x744e0000  Image Size: 0x000a0000
File Size:  636928      File Time:  2016-12-06_152028
Version:
   Company:    Microsoft Corporation
   Product:    Microsoft® Windows® Operating System
   FileDesc:   Windows HTTP Services
   FileVer:    10.0.14393.351
   ProdVer:    10.0.14393.351

Module 49
C:\WINDOWS\SYSTEM32\VERSION.dll
Image Base: 0x74580000  Image Size: 0x00008000
File Size:  27360       File Time:  2016-07-16_094306
Version:
   Company:    Microsoft Corporation
   Product:    Microsoft® Windows® Operating System
   FileDesc:   Version Checking and File Installation Libraries
   FileVer:    10.0.14393.0
   ProdVer:    10.0.14393.0

Module 50
C:\WINDOWS\SYSTEM32\IPHLPAPI.DLL
Image Base: 0x74590000  Image Size: 0x0002f000
File Size:  184416      File Time:  2016-07-16_094256
Version:
   Company:    Microsoft Corporation
   Product:    Microsoft® Windows® Operating System
   FileDesc:   IP Helper API
   FileVer:    10.0.14393.0
   ProdVer:    10.0.14393.0

Module 51
C:\WINDOWS\SYSTEM32\WTSAPI32.dll
Image Base: 0x745c0000  Image Size: 0x0000f000
File Size:  53216       File Time:  2016-07-16_094306
Version:
   Company:    Microsoft Corporation
   Product:    Microsoft® Windows® Operating System
   FileDesc:   Windows Remote Desktop Session Host Server SDK APIs
   FileVer:    10.0.14393.0
   ProdVer:    10.0.14393.0

Module 52
C:\WINDOWS\System32\CRYPTBASE.dll
Image Base: 0x74670000  Image Size: 0x0000a000
File Size:  31528       File Time:  2016-07-16_094250
Version:
   Company:    Microsoft Corporation
   Product:    Microsoft® Windows® Operating System
   FileDesc:   Base cryptographic API DLL
   FileVer:    10.0.14393.0
   ProdVer:    10.0.14393.0

Module 53
C:\WINDOWS\System32\SspiCli.dll
Image Base: 0x74680000  Image Size: 0x0001e000
File Size:  117240      File Time:  2016-12-09_075110
Version:
   Company:    Microsoft Corporation
   Product:    Microsoft® Windows® Operating System
   FileDesc:   Security Support Provider Interface
   FileVer:    10.0.14393.576
   ProdVer:    10.0.14393.576

Module 54
C:\WINDOWS\System32\msvcrt.dll
Image Base: 0x746a0000  Image Size: 0x000be000
File Size:  773168      File Time:  2016-07-16_094250
Version:
   Company:    Microsoft Corporation
   Product:    Microsoft® Windows® Operating System
   FileDesc:   Windows NT CRT DLL
   FileVer:    7.0.14393.0
   ProdVer:    10.0.14393.0

Module 55
C:\WINDOWS\System32\windows.storage.dll
Image Base: 0x747c0000  Image Size: 0x0056e000
File Size:  5722832     File Time:  2016-11-11_054716
Version:
   Company:    Microsoft Corporation
   Product:    Microsoft® Windows® Operating System
   FileDesc:   Microsoft WinRT Storage API
   FileVer:    10.0.14393.479
   ProdVer:    10.0.14393.479

Module 56
C:\WINDOWS\System32\gdi32full.dll
Image Base: 0x74d30000  Image Size: 0x0015b000
File Size:  1415752     File Time:  2016-12-09_075222
Version:
   Company:    Microsoft Corporation
   Product:    Microsoft® Windows® Operating System
   FileDesc:   GDI Client DLL
   FileVer:    10.0.14393.576
   ProdVer:    10.0.14393.576

Module 57
C:\WINDOWS\System32\MSCTF.dll
Image Base: 0x74f90000  Image Size: 0x00135000
File Size:  1263856     File Time:  2016-11-11_053820
Version:
   Company:    Microsoft Corporation
   Product:    Microsoft® Windows® Operating System
   FileDesc:   MSCTF Server DLL
   FileVer:    10.0.14393.479
   ProdVer:    10.0.14393.479

Module 58
C:\WINDOWS\System32\bcryptPrimitives.dll
Image Base: 0x750d0000  Image Size: 0x0005a000
File Size:  367208      File Time:  2016-07-16_094228
Version:
   Company:    Microsoft Corporation
   Product:    Microsoft® Windows® Operating System
   FileDesc:   Windows Cryptographic Primitives Library
   FileVer:    10.0.14393.0
   ProdVer:    10.0.14393.0

Module 59
C:\WINDOWS\System32\USER32.dll
Image Base: 0x75130000  Image Size: 0x0015f000
File Size:  1435896     File Time:  2016-12-09_075222
Version:
   Company:    Microsoft Corporation
   Product:    Microsoft® Windows® Operating System
   FileDesc:   Multi-User Windows USER API Client DLL
   FileVer:    10.0.14393.576
   ProdVer:    10.0.14393.576

Module 60
C:\WINDOWS\System32\ADVAPI32.dll
Image Base: 0x752b0000  Image Size: 0x00077000
File Size:  482392      File Time:  2016-07-16_094250
Version:
   Company:    Microsoft Corporation
   Product:    Microsoft® Windows® Operating System
   FileDesc:   Advanced Windows 32 Base API
   FileVer:    10.0.14393.0
   ProdVer:    10.0.14393.0

Module 61
C:\WINDOWS\System32\msvcp_win.dll
Image Base: 0x75330000  Image Size: 0x0007b000
File Size:  498408      File Time:  2016-07-16_094256
Version:
   Company:    Microsoft Corporation
   Product:    Microsoft® Windows® Operating System
   FileDesc:   Microsoft® C Runtime Library
   FileVer:    10.0.14393.0
   ProdVer:    10.0.14393.0

Module 62
C:\WINDOWS\System32\KERNEL32.DLL
Image Base: 0x753b0000  Image Size: 0x000e0000
File Size:  616048      File Time:  2016-07-16_094246
Version:
   Company:    Microsoft Corporation
   Product:    Microsoft® Windows® Operating System
   FileDesc:   Windows NT BASE API Client DLL
   FileVer:    10.0.14393.0
   ProdVer:    10.0.14393.0

Module 63
C:\WINDOWS\System32\cfgmgr32.dll
Image Base: 0x75490000  Image Size: 0x00036000
File Size:  213848      File Time:  2016-07-16_094256
Version:
   Company:    Microsoft Corporation
   Product:    Microsoft® Windows® Operating System
   FileDesc:   Configuration Manager DLL
   FileVer:    10.0.14393.0
   ProdVer:    10.0.14393.0

Module 64
C:\WINDOWS\System32\profapi.dll
Image Base: 0x754d0000  Image Size: 0x0000f000
File Size:  54752       File Time:  2016-07-16_094250
Version:
   Company:    Microsoft Corporation
   Product:    Microsoft® Windows® Operating System
   FileDesc:   User Profile Basic API
   FileVer:    10.0.14393.0
   ProdVer:    10.0.14393.0

Module 65
C:\WINDOWS\System32\PSAPI.DLL
Image Base: 0x75580000  Image Size: 0x00006000
File Size:  17048       File Time:  2016-07-16_094246
Version:
   Company:    Microsoft Corporation
   Product:    Microsoft® Windows® Operating System
   FileDesc:   Process Status Helper
   FileVer:    10.0.14393.0
   ProdVer:    10.0.14393.0

Module 66
C:\WINDOWS\System32\RPCRT4.dll
Image Base: 0x75590000  Image Size: 0x000c1000
File Size:  790760      File Time:  2016-12-06_152046
Version:
   Company:    Microsoft Corporation
   Product:    Microsoft® Windows® Operating System
   FileDesc:   Remote Procedure Call Runtime
   FileVer:    10.0.14393.82
   ProdVer:    10.0.14393.82

Module 67
C:\WINDOWS\System32\MSASN1.dll
Image Base: 0x75660000  Image Size: 0x0000e000
File Size:  49080       File Time:  2016-07-16_094256
Version:
   Company:    Microsoft Corporation
   Product:    Microsoft® Windows® Operating System
   FileDesc:   ASN.1 Runtime APIs
   FileVer:    10.0.14393.0
   ProdVer:    10.0.14393.0

Module 68
C:\WINDOWS\System32\WINTRUST.dll
Image Base: 0x75670000  Image Size: 0x00044000
File Size:  272720      File Time:  2016-12-06_152028
Version:
   Company:    Microsoft Corporation
   Product:    Microsoft® Windows® Operating System
   FileDesc:   Microsoft Trust Verification APIs
   FileVer:    10.0.14393.351
   ProdVer:    10.0.14393.351

Module 69
C:\WINDOWS\System32\sechost.dll
Image Base: 0x756c0000  Image Size: 0x00041000
File Size:  255168      File Time:  2016-07-16_094250
Version:
   Company:    Microsoft Corporation
   Product:    Microsoft® Windows® Operating System
   FileDesc:   Host for SCM/SDDL/LSA Lookup APIs
   FileVer:    10.0.14393.0
   ProdVer:    10.0.14393.0

Module 70
C:\WINDOWS\System32\SETUPAPI.dll
Image Base: 0x75710000  Image Size: 0x0040b000
File Size:  4268368     File Time:  2016-07-16_094246
Version:
   Company:    Microsoft Corporation
   Product:    Microsoft® Windows® Operating System
   FileDesc:   Windows Setup API
   FileVer:    10.0.14393.0
   ProdVer:    10.0.14393.0

Module 71
C:\WINDOWS\System32\WS2_32.dll
Image Base: 0x75b20000  Image Size: 0x00063000
File Size:  402352      File Time:  2016-12-06_152046
Version:
   Company:    Microsoft Corporation
   Product:    Microsoft® Windows® Operating System
   FileDesc:   Windows Socket 2.0 32-Bit DLL
   FileVer:    10.0.14393.206
   ProdVer:    10.0.14393.206

Module 72
C:\WINDOWS\System32\powrprof.dll
Image Base: 0x75b90000  Image Size: 0x00045000
File Size:  275832      File Time:  2016-07-16_094256
Version:
   Company:    Microsoft Corporation
   Product:    Microsoft® Windows® Operating System
   FileDesc:   Power Profile Helper DLL
   FileVer:    10.0.14393.0
   ProdVer:    10.0.14393.0

Module 73
C:\WINDOWS\System32\combase.dll
Image Base: 0x75be0000  Image Size: 0x00211000
File Size:  2166752     File Time:  2016-12-09_075926
Version:
   Company:    Microsoft Corporation
   Product:    Microsoft® Windows® Operating System
   FileDesc:   Microsoft COM for Windows
   FileVer:    10.0.14393.576
   ProdVer:    10.0.14393.576

Module 74
C:\WINDOWS\System32\SHELL32.dll
Image Base: 0x75e00000  Image Size: 0x013d9000
File Size:  20969928    File Time:  2016-11-11_054300
Version:
   Company:    Microsoft Corporation
   Product:    Microsoft® Windows® Operating System
   FileDesc:   Windows Shell Common Dll
   FileVer:    10.0.14393.479
   ProdVer:    10.0.14393.479

Module 75
C:\WINDOWS\System32\clbcatq.dll
Image Base: 0x771e0000  Image Size: 0x00084000
File Size:  528360      File Time:  2016-07-16_094248
Version:
   Company:    Microsoft Corporation
   Product:    Microsoft® Windows® Operating System
   FileDesc:   COM+ Configuration Catalog
   FileVer:    2001.12.10941.16384
   ProdVer:    10.0.14393.0

Module 76
C:\WINDOWS\System32\shcore.dll
Image Base: 0x77270000  Image Size: 0x00088000
File Size:  549088      File Time:  2016-07-16_094244
Version:
   Company:    Microsoft Corporation
   Product:    Microsoft® Windows® Operating System
   FileDesc:   SHCORE
   FileVer:    10.0.14393.0
   ProdVer:    10.0.14393.0

Module 77
C:\WINDOWS\System32\IMM32.dll
Image Base: 0x77300000  Image Size: 0x00025000
File Size:  144632      File Time:  2016-07-16_094250
Version:
   Company:    Microsoft Corporation
   Product:    Microsoft® Windows® Operating System
   FileDesc:   Multi-User Windows IMM32 API Client DLL
   FileVer:    10.0.14393.0
   ProdVer:    10.0.14393.0

Module 78
C:\WINDOWS\System32\win32u.dll
Image Base: 0x77330000  Image Size: 0x00015000
File Size:  79536       File Time:  2016-12-06_152032
Version:
   Company:    Microsoft Corporation
   Product:    Microsoft® Windows® Operating System
   FileDesc:   Win32u
   FileVer:    10.0.14393.51
   ProdVer:    10.0.14393.51

Module 79
C:\WINDOWS\System32\NSI.dll
Image Base: 0x77350000  Image Size: 0x00007000
File Size:  20152       File Time:  2016-07-16_094228
Version:
   Company:    Microsoft Corporation
   Product:    Microsoft® Windows® Operating System
   FileDesc:   NSI User-mode interface DLL
   FileVer:    10.0.14393.0
   ProdVer:    10.0.14393.0

Module 80
C:\WINDOWS\System32\GDI32.dll
Image Base: 0x773c0000  Image Size: 0x0002b000
File Size:  170960      File Time:  2016-12-06_152034
Version:
   Company:    Microsoft Corporation
   Product:    Microsoft® Windows® Operating System
   FileDesc:   GDI Client DLL
   FileVer:    10.0.14393.206
   ProdVer:    10.0.14393.206

Module 81
C:\WINDOWS\System32\kernel.appcore.dll
Image Base: 0x773f0000  Image Size: 0x0000d000
File Size:  43416       File Time:  2016-07-16_094256
Version:
   Company:    Microsoft Corporation
   Product:    Microsoft® Windows® Operating System
   FileDesc:   AppModel API Host
   FileVer:    10.0.14393.0
   ProdVer:    10.0.14393.0

Module 82
C:\WINDOWS\System32\KERNELBASE.dll
Image Base: 0x77400000  Image Size: 0x001a1000
File Size:  1706488     File Time:  2016-11-11_060002
Version:
   Company:    Microsoft Corporation
   Product:    Microsoft® Windows® Operating System
   FileDesc:   Windows NT BASE API Client DLL
   FileVer:    10.0.14393.479
   ProdVer:    10.0.14393.479

Module 83
C:\WINDOWS\System32\CRYPT32.dll
Image Base: 0x775b0000  Image Size: 0x0017d000
File Size:  1556712     File Time:  2016-12-06_152028
Version:
   Company:    Microsoft Corporation
   Product:    Microsoft® Windows® Operating System
   FileDesc:   Crypto API32
   FileVer:    10.0.14393.351
   ProdVer:    10.0.14393.351

Module 84
C:\WINDOWS\System32\OLEAUT32.dll
Image Base: 0x77730000  Image Size: 0x00094000
File Size:  601712      File Time:  2016-12-06_152028
Version:
   Company:    Microsoft Corporation
   Product:    Microsoft® Windows® Operating System
   FileDesc:   OLEAUT32.DLL
   FileVer:    10.0.14393.447
   ProdVer:    10.0.14393.447

Module 85
C:\WINDOWS\System32\SHLWAPI.dll
Image Base: 0x777d0000  Image Size: 0x00046000
File Size:  284056      File Time:  2016-07-16_094304
Version:
   Company:    Microsoft Corporation
   Product:    Microsoft® Windows® Operating System
   FileDesc:   Shell Light-weight Utility Library
   FileVer:    10.0.14393.0
   ProdVer:    10.0.14393.0

Module 86
C:\WINDOWS\System32\ucrtbase.dll
Image Base: 0x779f0000  Image Size: 0x000e0000
File Size:  918304      File Time:  2016-07-16_094256
Version:
   Company:    Microsoft Corporation
   Product:    Microsoft® Windows® Operating System
   FileDesc:   Microsoft® C Runtime Library
   FileVer:    10.0.14393.0
   ProdVer:    10.0.14393.0

Module 87
C:\WINDOWS\System32\ole32.dll
Image Base: 0x77ad0000  Image Size: 0x000ea000
File Size:  959112      File Time:  2016-12-09_075616
Version:
   Company:    Microsoft Corporation
   Product:    Microsoft® Windows® Operating System
   FileDesc:   Microsoft OLE for Windows
   FileVer:    10.0.14393.576
   ProdVer:    10.0.14393.576

Module 88
C:\WINDOWS\SYSTEM32\ntdll.dll
Image Base: 0x77bc0000  Image Size: 0x00183000
File Size:  1572768     File Time:  2016-11-11_060000
Version:
   Company:    Microsoft Corporation
   Product:    Microsoft® Windows® Operating System
   FileDesc:   NT Layer DLL
   FileVer:    10.0.14393.479
   ProdVer:    10.0.14393.479


== [end of error.log] ==
