Unity Player [version: Unity 5.4.2f2_b7e030c65c9b]

dbz.exe caused an Access Violation (0xc0000005)
  in module dbz.exe at 0023:017fb296.

Error occurred at 2016-12-09_103302.
D:\Projects\Unity\DBZ Contra\dbz.exe, run by bruno.
46% memory in use.
0 MB physical memory [0 MB free].
0 MB paging file [0 MB free].
0 MB user address space [3660 MB free].
Read from location 000005d4 caused an access violation.

Context:
EDI:    0x00000000  ESI: 0x05453750  EAX:   0x010fe8c0
EBX:    0x000022bc  ECX: 0x00000000  EDX:   0x00000002
EIP:    0x017fb296  EBP: 0x010fe8ac  SegCs: 0x00000023
EFlags: 0x00210287  ESP: 0x010fe8a8  SegSs: 0x0000002b

Bytes at CS:EIP:
83 bf d4 05 00 00 00 75 07 32 c0 5f 5d c2 04 00 

Stack:
0x010fe8a8: 02032f2d 010fe8dc 017e3609 010fe8c0 -/.......6~.....
0x010fe8b8: 00000003 05453750 666e6f63 01006769 ....P7E.config..
0x010fe8c8: 00040000 010fe904 00000006 0000000f ................
0x010fe8d8: 00000000 010fe8e4 017e24c7 010fe8fc .........$~.....
0x010fe8e8: 017e25f6 00000002 017e4800 00000000 .%~......H~.....
0x010fe8f8: 021b9670 010fe918 017e485f 00000003 p......._H~.....
0x010fe908: cd8ae605 4d8ae605 000022bc 00000000 .......M."......
0x010fe918: 010fe94c 017e14d5 05453750 00000003 L.....~.P7E.....
0x010fe928: cd8ae605 4d8ae605 000022bc 00000000 .......M."......
0x010fe938: 00000003 054536f8 00000000 021b9670 .....6E.....p...
0x010fe948: 00000000 010fe9b4 017e2144 00000003 ........D!~.....
0x010fe958: cd8ae605 4d8ae605 000022bc 00000000 .......M."......
0x010fe968: 021b9974 00000000 021b9974 00680e30 t.......t...0.h.
0x010fe978: 010fe9ec 77540006 04de5fc0 04defe30 ......Tw._..0...
0x010fe988: 010fe998 01e280f7 04de5fc0 04e4edf0 ........._......
0x010fe998: 010fe9bc 01658c23 05358f88 010fe9b8 ....#.e...5.....
0x010fe9a8: 00000000 e3927ed0 00000000 010fe9c0 .....~..........
0x010fe9b8: 017e2167 00000003 010fe9dc 0121f381 g!~...........!.
0x010fe9c8: 054536f8 00000000 00000000 04de5fc0 .6E.........._..
0x010fe9d8: 00000000 010fe9fc 014097df 00000000 ..........@.....
0x010fe9e8: 00000006 00000000 52e31695 00000000 ...........R....
0x010fe9f8: 00000000 010fea44 014a1c02 00000000 ....D.....J.....
0x010fea08: 00000001 00000000 00000001 014a1950 ............P.J.
0x010fea18: 00000000 010fea68 00000006 00000000 ....h...........
0x010fea28: 774fa843 00040001 00000000 00000000 C.Ow............
0x010fea38: 010fea70 00000000 00680d0c 010fea70 p.........h.p...
0x010fea48: 76b3d2b3 00290c0c 00000006 00000001 ...v..).........
0x010fea58: 00000000 00000001 dcbaabcd 014a1950 ............P.J.
0x010fea68: 00000000 00000001 010feb58 76b1e88a ........X......v
0x010fea78: 014a1950 00290c0c 00000006 00000001 P.J...).........
0x010fea88: 00000000 00680c10 00000000 00000000 ......h.........
0x010fea98: 00000006 00000000 00000000 00000000 ................
0x010feaa8: 00000000 00000000 00000000 00680df0 ..............h.
0x010feab8: 00000000 77540006 010fead4 00000020 ......Tw.... ...
0x010feac8: 010fec08 7753ff50 010feaf4 02d5ad10 ....P.Sw........
0x010fead8: 00000024 00000001 00000000 00000000 $...............
0x010feae8: 00000030 ffffffff ffffffff 76b1e71c 0..............v
0x010feaf8: 00000000 00000000 00000000 00000000 ................
0x010feb08: 00000000 00000000 014a1950 00000000 ........P.J.....
0x010feb18: 02a409f8 00000000 80000011 00000000 ................
0x010feb28: 00000000 80000011 00000000 00000001 ................
0x010feb38: 00290c0c 00680c10 010feba8 010fe2d8 ..)...h.........
0x010feb48: 010feba8 76b415b0 77dca888 00000000 .......v...w....
0x010feb58: 010febb8 76b1e4c0 014a1950 00000000 .......vP.J.....
0x010feb68: 00000006 00000001 00000000 00ebd000 ................
0x010feb78: 00000001 00680cf0 010fed20 77551bf0 ......h. .....Uw
0x010feb88: 00000000 00040000 00000000 00000000 ................
0x010feb98: 00290c0c 00000000 010feb7c 010fe2d8 ..).....|.......
0x010feba8: 010fec08 76b415b0 77dca8e8 fffffffe .......v...w....
0x010febb8: 010febf8 76b28b09 02d5ad10 00000000 .......v........
0x010febc8: 00000006 00000001 00000000 014a1950 ............P.J.
0x010febd8: 00000104 00000000 00000000 00000000 ................
0x010febe8: 010febfc 00000000 00000000 00680cb0 ..............h.
0x010febf8: 010fec64 77540006 010fec14 00000020 d.....Tw.... ...
0x010fec08: 010fece4 7753ff50 010fec38 02d5ad10 ....P.Sw8.......
0x010fec18: 00000000 00000006 00000001 00000000 ................
0x010fec28: 014a1950 77551bf0 00000000 76ae249c P.J...Uw.....$.v
0x010fec38: 76b26ad7 010fed20 00000000 00000104 .j.v ...........
0x010fec48: 00000104 00000002 02cedcc0 00ebd000 ................
0x010fec58: 01100100 00000102 010fee10 010fec9c ................
0x010fec68: 76b26a6d 00000104 00000104 00000002 mj.v............
0x010fec78: 00000000 010ff028 010fed20 010ff028 ....(... ...(...
0x010fec88: 02cedcc0 00ebd000 02cedcc0 00ebd000 ................
0x010fec98: 000fecac 010fecf4 768608f6 010fed20 ...........v ...
0x010feca8: 00000000 00000104 00000104 00000002 ................
0x010fecb8: 3efb6368 010ff028 00000000 00000003 hc.>(...........
0x010fecc8: 02cedcc0 00ebd000 01000000 010ff028 ............(...
0x010fecd8: 00000000 010fecb8 00000000 010fed90 ................
0x010fece8: 768aff90 4963896c 00000000 010fed40 ...vl.cI....@...
0x010fecf8: 768609c7 010fed20 00000000 00000104 ...v ...........
0x010fed08: 00000104 00000002 010ff028 010ff028 ........(...(...
0x010fed18: 00000002 5e7e1bdb fffffffe 010fed8c ......~^........
0x010fed28: 76ae24ac 76b285f6 00005cff 76b28600 .$.v...v.\.....v
0x010fed38: 00680a74 3efb62dc 010feda0 76860c18 t.h..b.>.......v
0x010fed48: 3efb623c 00801270 010ff028 00000002 <b.>p...(.......
0x010fed58: 00005dff 00000000 000000a8 0000078c .]..............
0x010fed68: 00000790 000000a8 2a06c2cf 000000ee ...........*....
0x010fed78: 010ff028 010ff640 04010001 3efb623c (...@.......<b.>
0x010fed88: 010fed48 010fedc4 010ff640 768aff90 H.......@......v
0x010fed98: 49638884 fffffffe 010fedc4 768610cc ..cI...........v
0x010feda8: 02711120 1139f660 010ff028 00000000  .q.`.9.(.......
0x010fedb8: 00801270 000003e8 3efb6258 010fee84 p.......Xb.>....
0x010fedc8: 7684e641 010fee10 00000002 010fee08 A..v............
0x010fedd8: 02711120 026cd450 0d4f0e08 02711120  .q.P.l...O. .q.
0x010fede8: 00000000 02711120 00000002 0d3b1144 .... .q.....D.;.
0x010fedf8: 00000000 010ff154 00000000 1139f660 ....T.......`.9.
0x010fee08: ffffffff 010ff028 0000078c 00000790 ....(...........
0x010fee18: 768560b8 00000000 00000000 00000000 .`.v............
0x010fee28: 00000000 11d22e00 00000000 00000000 ................
0x010fee38: 00000000 00000000 00000000 00000000 ................
0x010fee48: 00000000 00000000 00000000 00000000 ................
0x010fee58: 00000000 00000000 00000000 00000000 ................
0x010fee68: 00000000 423ec01e 11d22e35 100004b6 ......>B5.......
0x010fee78: fd3e704b 3efb6278 00000000 010fef98 Kp>.xb.>........
0x010fee88: 7685fbf6 0d3b1144 7685fa50 010ff154 ...vD.;.P..vT...
0x010fee98: 02711120 11541918 010ff12c 7713dad2  .q...T.,......w
0x010feea8: 010ff154 00000000 010ff154 767a4918 T.......T....Izv
0x010feeb8: 00000000 00000000 0080100e 00000000 ................
0x010feec8: 115419bc ffffffff ffffffff 00000000 ..T.............
0x010feed8: 00000000 00000000 115419c4 7713f640 ..........T.@..w
0x010feee8: 00000000 12da5cb0 423ec01e 11d22e35 .....\....>B5...
0x010feef8: 100004b6 fd3e704b 00001008 02722b80 ....Kp>......+r.
0x010fef08: 31d16ed3 010fefac 7713c03d 12da5c98 .n.1....=..w.\..
0x010fef18: 00000000 115418a8 115417f0 00000000 ......T...T.....
0x010fef28: 11541918 115417f0 00000000 010fefac ..T...T.........
0x010fef38: 7713c0a8 11541918 010fef5c 7750ae10 ...w..T.\.....Pw
0x010fef48: 775dd4c0 00001008 00000003 026de5e0 ..]w..........m.
0x010fef58: 02722b80 010fef64 00000003 756e16e0 .+r.d.........nu
0x010fef68: 010fef84 7739103a 00000003 00000000 ....:.9w........
0x010fef78: 026cd450 77391046 35a87695 010fefbc P.l.F.9w.v.5....
0x010fef88: 77390fe0 77390fc7 35a876ad 3efb6100 ..9w..9w.v.5.a.>
0x010fef98: 010ff108 7685f4df 010ff154 010ff12c .......vT...,...
0x010fefa8: 02711120 010ff240 010ff154 43e5b301  .q.@...T......C
0x010fefb8: 00000000 010ff154 010ff12c 00000000 ....T...,.......
0x010fefc8: 026cd450 00000000 768556e3 12da96f0 P.l......V.v....
0x010fefd8: 00000000 00000030 02711120 026cd450 ....0... .q.P.l.
0x010fefe8: 768557f1 010ff154 634c74e8 00000001 .W.vT....tLc....
0x010feff8: 00000000 12dab020 026cd450 00000000 .... ...P.l.....
0x010ff008: 00000000 0d3b1144 00000000 76860170 ....D.;.....p..v
0x010ff018: 12da96e8 00000000 00000040 00000000 ........@.......
0x010ff028: 767a4b7c 01000000 00000000 00000000 |Kzv............
0x010ff038: 00000000 00000000 80010115 00000000 ................
0x010ff048: 00000000 00000000 00000000 768bb760 ............`..v
0x010ff058: 00000000 00000000 00005dff 5b4f834f .........]..O.O[
0x010ff068: 4de9a9e7 07aacea7 ccd38d0f 00000010 ...M............
0x010ff078: 00000000 010ff154 0080100e 00000262 ....T.......b...
0x010ff088: 00000000 00000001 00000000 115db4c8 ..............].
0x010ff098: 00000000 00000000 00000000 00000000 ................
0x010ff0a8: 00000000 10000bb6 fd3e704b 3efb7f38 ........Kp>.8..>
0x010ff0b8: 010ff0d8 010ff018 00000000 00000000 ................
0x010ff0c8: 00000000 00000000 00000000 00000000 ................
0x010ff0d8: 00000000 00000000 00000000 00000000 ................
0x010ff0e8: 77115ae7 423ec01e 11d22e35 100004b6 .Z.w..>B5.......
0x010ff0f8: fd3e704b 3efb6040 00000000 3efb6028 Kp>.@`.>....(`.>
0x010ff108: 010ff134 767c3015 010ff154 010ff12c 4....0|vT...,...
0x010ff118: 010ff694 010ff380 767c2f40 02711120 ........@/|v .q.
0x010ff128: 010ff154 00000000 3efb7ea8 010ff650 T........~.>P...
0x010ff138: 77115a9a 0d4ea3d4 010ff240 31d1778f .Z.w..N.@....w.1
0x010ff148: 768b2770 010ff688 116b336c 02711120 p'.v....l3k. .q.
0x010ff158: 00000010 00000000 00000018 00008003 ................
0x010ff168: 00000000 12da5c98 00000000 00000000 .....\..........
0x010ff178: 00000000 00000000 116b32bc 00000000 .........2k.....
0x010ff188: 00000000 00ebf000 00000000 00000000 ................
0x010ff198: 00000000 00000000 02710af0 010ff220 ..........q. ...
0x010ff1a8: 00000000 00000000 00000000 767aafc8 ..............zv
0x010ff1b8: 00000000 010ff240 010ff240 00000000 ....@...@.......
0x010ff1c8: 634c68d4 010ff240 010ff694 00000000 .hLc@...........
0x010ff1d8: 00ebf000 010ff260 00000000 010ff240 ....`.......@...
0x010ff1e8: 00000000 12da9714 12da96c0 00000000 ................
0x010ff1f8: 02710af0 00000000 00000000 00000000 ..q.............
0x010ff208: 00000000 767aafc8 00000000 00000000 ......zv........
0x010ff218: 00000007 00000000 02710af0 00000000 ..........q.....
0x010ff228: 00000000 00000000 634c9920 634c9850 ........ .LcP.Lc
0x010ff238: 00000000 00000001 010ff154 12da9740 ........T...@...
0x010ff248: 00000000 00000000 12da9728 00000054 ........(...T...
0x010ff258: 00000000 00000000 00000001 00000000 ................
0x010ff268: 00000000 00000000 00000000 00000000 ................
0x010ff278: 00000002 00000000 00000000 00000000 ................
0x010ff288: 634c9920 634c9850 010ff688 00000000  .LcP.Lc........
0x010ff298: 00000000 00000000 634c18d8 00000000 ..........Lc....
0x010ff2a8: 00000000 00000000 00000140 00000000 ........@.......
0x010ff2b8: 00000000 00000000 00000000 12db2eb0 ................
0x010ff2c8: 00000000 00000000 00000000 00000000 ................
0x010ff2d8: 00000000 00000003 010fe100 00000000 ................
0x010ff2e8: 010ff428 010ff688 00000000 00000000 (...............
0x010ff2f8: 00000000 00000000 00000000 010ff380 ................
0x010ff308: 00000000 00000000 00000000 00000000 ................
0x010ff318: 00000000 010ff1e8 00000003 00000060 ............`...
0x010ff328: 02710b2c 0000006c 00000001 00000000 ,.q.l...........
0x010ff338: 634c672a 634c503a 010ff630 010ff694 *gLc:PLc0.......
0x010ff348: 00000000 634c502c 00000000 7712f540 ....,PLc....@..w
0x010ff358: 00000000 010ff380 00000000 00000000 ................
0x010ff368: 0d4ea3d4 00000000 634c4ff8 010ff240 ..N......OLc@...
0x010ff378: 00000003 00000010 8a885d04 0000006c .........]..l...
0x010ff388: 634c4fea 634c4fe0 00000007 634c4ff8 .OLc.OLc.....OLc
0x010ff398: 010ff688 00000233 00000000 634c4fea ....3........OLc
0x010ff3a8: 634c672a 00000022 00000000 00000000 *gLc"...........
0x010ff3b8: 00000000 00000001 00000020 00000000 ........ .......
0x010ff3c8: 00000000 00000000 00000000 77152340 ............@#.w
0x010ff3d8: 00000000 00000000 00000000 00000000 ................
0x010ff3e8: 7714f2b0 7714f3a0 00000000 00000000 ...w...w........
0x010ff3f8: 00000000 00000000 00000000 00000000 ................
0x010ff408: 00000000 00000000 00000000 010ff5b8 ................
0x010ff418: 010ff418 010ff418 00000068 80004002 ........h....@..
0x010ff428: 010ff428 010ff428 00000017 00000000 (...(...........
0x010ff438: 010ff438 010ff438 000001f8 775dd518 8...8.........]w
0x010ff448: 010ff758 116b3318 634c488c 775dd500 X....3k..HLc..]w
0x010ff458: 771125fc 010ff0e0 010ff220 114a8c2c .%.w.... ...,.J.
0x010ff468: 00000000 00000000 00000000 0d4ea388 ..............N.
0x010ff478: 0d4ea38c 010ff4e4 0273a678 010ff5d4 ..N.....x.s.....
0x010ff488: 0d4f0e08 00000000 76845f37 768bb760 ..O.....7_.v`..v
0x010ff498: 0d46b388 0d4e9ff8 0d4ea5c0 00000064 ..F...N...N.d...
0x010ff4a8: 010ff4dc 77517a71 026c0000 0d4ea5c0 ....qzQw..l...N.
0x010ff4b8: 0d4ea5c8 7714e8f9 31d1751b 010ff510 ..N....w.u.1....
0x010ff4c8: 7684388a 0d4e9ff8 000c000c 00000014 .8.v..N.........
0x010ff4d8: 0d46b388 010ff500 7751799d 010ff5d4 ..F......yQw....
0x010ff4e8: 010ff5a0 7683fa20 00000000 010ff5d4 .... ..v........
0x010ff4f8: 114a8c2c 767d3962 76977098 010ff514 ,.J.b9}v.p.v....
0x010ff508: 76860377 769770ac 00000000 010ff568 w..v.p.v....h...
0x010ff518: 76841310 767cf694 00001588 3ff48f9c ...v..|v.......?
0x010ff528: 010ff5cc 114a8c2c 76841320 00000001 ....,.J. ..v....
0x010ff538: 0d4ea600 010ff5cc 010ff5d0 010ff5d4 ..N.............
0x010ff548: 00000000 010ff5e4 0d4ea5f8 00000000 ..........N.....
0x010ff558: 00000000 114a8c2c 00000000 7753f9ec ....,.J.......Sw
0x010ff568: 770c9980 02715aa8 00000010 02715aa8 ...w.Zq......Zq.
0x010ff578: 00000000 010ff5d8 770c976f 02715b10 ........o..w.[q.
0x010ff588: 00000010 010ff65c 770c977f 00000000 ....\......w....
0x010ff598: 02715b00 010ff66c 0000000d 00000000 .[q.l...........
0x010ff5a8: 010f0001 010ff5f8 02715b10 0d4ea5c8 .........[q...N.
0x010ff5b8: 0273a378 00000000 010ff5c8 010ff5cc x.s.............
0x010ff5c8: 76846b6a 0d4ea38c 76845820 116b32cc jk.v..N. X.v.2k.
0x010ff5d8: 768bb860 76845888 114a8c28 00000001 `..v.X.v(.J.....
0x010ff5e8: 116b3290 010ff65c 00000000 fffffffe .2k.\...........
0x010ff5f8: 00000001 00000002 3efb7998 010ff618 .........y.>....
0x010ff608: 767c135f 114a8ccc 767c136a 3efb7984 _.|v..J.j.|v.y.>
0x010ff618: 010ff62c 7714e93e 0d4ea38c 7714e949 ,...>..w..N.I..w
0x010ff628: 31d177f3 010ff67c 6342414e 31d1778f .w.1|...NABc.w.1
0x010ff638: 010ff144 010ff768 010ff6d8 77154aa0 D...h........J.w
0x010ff648: 47c521ff 00000001 010ff670 767c3a90 .!.G....p....:|v
0x010ff658: 634c18d8 634c4fe0 010ff688 010ff76c ..Lc.OLc....l...
0x010ff668: 116b3318 00000020 010ff680 768b275f .3k. ......._'.v
0x010ff678: 010ff688 00000003 010ff6e4 63419653 ............S.Ac
0x010ff688: 0d4ea3d4 116b32bc ffffffff 00000001 ..N..2k.........
0x010ff698: 010ff76c 010ff6cc 010ff6d0 7897b4f7 l..............x
0x010ff6a8: 046b2b08 01fa4bb4 00000000 03fe9610 .+k..K..........
0x010ff6b8: 010ff6d0 012f556f 046b2b00 046b2b00 ....oU/..+k..+k.
0x010ff6c8: 02200000 00000000 00000000 7897b4f7 .. ............x
0x010ff6d8: 010ffd8c 63427b58 ffffffff 010ff75c ....X{Bc....\...
0x010ff6e8: 0130532f 116b3318 ffffffff 00000001 /S0..3k.........
0x010ff6f8: 010ff768 010ff76c 00000010 00000010 h...l...........
0x010ff708: 00000000 011efc24 046ef1b0 010ff794 ....$.....n.....
0x010ff718: 0000000e 00000018 010ff794 0000000a ................
0x010ff728: 046ef1b0 010ff794 010ff71c 010ff794 ..n.............
0x010ff738: 00000018 010ff75c 011fec14 00000000 ....\...........
0x010ff748: 00000000 00000000 00000010 12da56e8 .............V..
0x010ff758: 116b3318 010ff7b4 013055c7 010ff778 .3k......U0.x...
0x010ff768: 00000000 00000000 05453750 00000000 ........P7E.....
0x010ff778: 354a5242 46303334 32004242 00004d36 BRJ5430FBB.26M..
0x010ff788: 0000000a 0000000f 046e0430 046ef1b0 ........0.n...n.
0x010ff798: 47413045 32473941 01004d36 00000018 E0AGA9G26M......
0x010ff7a8: 0000001f 010ff8a8 12da56e8 010ff8a8 .........V......
0x010ff7b8: 017e34f5 00000010 05453750 00000000 .4~.....P7E.....
0x010ff7c8: 010ff7e0 012f5185 046e2020 00000010 .....Q/.  n.....
0x010ff7d8: 00000010 02200000 010ff818 342e3575 ...... .....u5.4
0x010ff7e8: 3266322e 00000000 0000002f 00000008 .2f2..../.......
0x010ff7f8: 0000000f 00000000 046e0430 012f7292 ........0.n..r/.
0x010ff808: 00000030 00000010 00000020 0000002f 0....... .../...
0x010ff818: 010ff838 646e6957 5073776f 6579616c 8...WindowsPlaye
0x010ff828: 00000072 0000000d 0000000f 0000004b r...........K...
0x010ff838: 046e0430 011ef599 00000030 00000010 0.n.....0.......
0x010ff848: 00000020 0000002f 01f8eea8 0000004b  .../.......K...
0x010ff858: 010ff88c 011efbc6 00000030 00000000 ........0.......
0x010ff868: 00000024 05453760 342e3500 3266322e $...`7E..5.4.2f2
0x010ff878: 05453700 010ff868 00000000 0000000f .7E.h...........
0x010ff888: 010ff8a8 046e0300 046e2020 046e1f90 ......n.  n...n.
0x010ff898: 00000024 00000000 0000000f 00000000 $...............
0x010ff8a8: 010ff8b0 017e24ba 010ff8c0 017e2f97 .....$~....../~.
0x010ff8b8: 00000001 05453750 010ff934 017e471b ....P7E.4....G~.
0x010ff8c8: 010ff8d8 00000001 05453750 000022bc ........P7E.."..
0x010ff8d8: 046e1f90 054536f8 00000000 0218f548 ..n..6E.....H...
0x010ff8e8: 00000024 0000002f 0149eb00 00000000 $.../.....I.....
0x010ff8f8: 00000000 00000005 00000000 00000000 ................
0x010ff908: 0000000f e391c7f4 00000100 00000000 ................
0x010ff918: 010ff98d 00000010 00000000 0000000f ................
0x010ff928: 0218f624 05453750 010ff944 010ff944 $...P7E.D...D...
0x010ff938: 017e47e5 00000000 021b9670 010ff960 .G~.....p...`...
0x010ff948: 017e485f 00000001 cd8ae605 4d8ae605 _H~............M
0x010ff958: 000022bc 00000000 010ff994 017e14d5 ."............~.
0x010ff968: 05453750 00000001 cd8ae605 4d8ae605 P7E............M
0x010ff978: 000022bc 00000000 02032de5 054536f8 .".......-...6E.
0x010ff988: 00000000 021b9670 00000000 010ff9fc ....p...........
0x010ff998: 017e2144 00000001 cd8ae605 4d8ae605 D!~............M
0x010ff9a8: 000022bc 00000000 00000002 00000003 ."..............
0x010ff9b8: 021b6350 046e2000 046ef190 046c63b0 Pc... n...n..cl.
0x010ff9c8: 010ffa38 00000000 0000000f 00000002 8...............
0x010ff9d8: 046e2020 010ff9cc 010ffd8c 00000000   n.............
0x010ff9e8: 00000024 0000002f 010ffa0c e3927c49 $.../.......I|..
0x010ff9f8: 00000000 010ffa08 017e229a 00000001 ........."~.....
0x010ffa08: 010ffa30 0142efa0 054536f8 ffffffbc 0.....B..6E.....
0x010ffa18: 04e17e40 00000002 04e17e40 046c3a01 @~......@~...:l.
0x010ffa28: 04e17db0 021b632c 010ffa98 0142fcaf .}..,c........B.
0x010ffa38: ffffffbc 04e17e40 00000002 046c3a40 ....@~......@:l.
0x010ffa48: 04e17db0 046c3a01 046ef030 046ef030 .}...:l.0.n.0.n.
0x010ffa58: 00000000 04e17e04 010ffa74 046ef050 .....~..t...P.n.
0x010ffa68: 00000000 046ef030 00000000 010ffa84 ....0.n.........
0x010ffa78: 012f68f0 046ef030 00000008 010ffabc .h/.0.n.........
0x010ffa88: 011f8700 046ef030 04e17db0 04e17db0 ....0.n..}...}..
0x010ffa98: 010ffabc 0142fe6f 046c3a40 04e17db0 ....o.B.@:l..}..
0x010ffaa8: 0142eb9a 00000010 046c3a40 00000001 ..B.....@:l.....
0x010ffab8: 046c3a40 010ffadc 0142ec2a 00000002 @:l.....*.B.....
0x010ffac8: 7fffffff 00000010 04e17db0 00000000 .........}......
0x010ffad8: 00000001 010ffaec 012d81f1 0000000f ..........-.....
0x010ffae8: 04e2ec80 010ffb80 0140adec 010ffb18 ..........@.....
0x010ffaf8: 010ffb34 010ffb50 010ffb6c 00000000 4...P...l.......
0x010ffb08: 00000002 76b32480 76b26760 00000004 .....$.v`g.v....
0x010ffb18: 046ef0d0 010ffb54 01261094 010ffb54 ..n.T.....&.T...
0x010ffb28: 00000016 0000001f 021bdbcc 6576656c ............leve
0x010ffb38: 0100306c 00000000 00000000 00000006 l0..............
0x010ffb48: 0000000f 00000000 046ef0b0 010ffb70 ..........n.p...
0x010ffb58: 012d7286 046ef0d0 00000014 0000001f .r-...n.........
0x010ffb68: 00000000 00000000 00000000 00000000 ................
0x010ffb78: 00000000 76b26760 010ffbbc 0140ae92 ....`g.v......@.
0x010ffb88: 00000000 014a1852 014a2079 00000000 ....R.J.y J.....
0x010ffb98: 00000001 00290c0c 000000ff 00000001 ......).........
0x010ffba8: 00440b97 00800a13 000002b4 000000ef ..D.............
0x010ffbb8: 000006e8 010ffcf4 014a40ae 018cdbdb .........@J.....
0x010ffbc8: 00000000 00ebc000 046ab5b0 01c0003f ..........j.?...
0x010ffbd8: 000001ff 00000000 0000002e 0000002f ............/...
0x010ffbe8: 00000fff 046a7910 7fffffff 041d1d08 .....yj.........
0x010ffbf8: 020d3de0 00000033 0000003f 018ec580 .=..3...?.......
0x010ffc08: 041d1d08 020d3de0 00000010 00000010 .....=..........
0x010ffc18: 7fffffff 00000000 0218f548 041d1940 ........H...@...
0x010ffc28: 00000010 010ffc00 010ffc60 018e9240 ........`...@...
0x010ffc38: 041d1d08 020d3de0 046a7a10 010ffc50 .....=...zj.P...
0x010ffc48: 7fffffff 00000000 00000034 0000003f ........4...?...
0x010ffc58: 041d05a8 046ab670 010ffc90 018da72c ....p.j.....,...
0x010ffc68: 041d1d08 00000025 0000002f 010ffbb0 ....%.../.......
0x010ffc78: 616e614d 00646567 6c65746e 00000000 Managed.ntel....
0x010ffc88: 00000007 0000000f 010ffc9c 046a7950 ............Pyj.
0x010ffc98: 046a7988 046a7988 0000000d 03fe8040 .yj..yj.....@...
0x010ffca8: 65646900 646e6957 6c00776f 010f006c .ideWindow.ll...
0x010ffcb8: 00000000 0000000f 00000000 00000000 ................
0x010ffcc8: 65726100 5748746e 0100444e 026c3e05 .arentHWND...>l.
0x010ffcd8: 00000000 0000000f 00000000 03fe8040 ............@...
0x010ffce8: 03fe8080 00000000 00100801 010ffd0c ................
0x010ffcf8: 0189e478 011e0000 00000000 026c3e07 x............>l.
0x010ffd08: 00000001 010ffd9c 018cdb88 011e0000 ................
0x010ffd18: 00000000 026c3e07 00000001 ab68e6e3 .....>l.......h.
0x010ffd28: 018cdbdb 018cdbdb 00ebc000 00000044 ............D...
0x010ffd38: 026c21d0 026c21b0 026c2166 00000000 .!l..!l.f!l.....
0x010ffd48: 00000000 00000000 00000000 00000000 ................
0x010ffd58: 00000000 00000000 00000401 00000001 ................
0x010ffd68: 00000000 00000000 00010001 00000000 ................
0x010ffd78: 010ffd88 018cdbdb 00000000 010ffd24 ............$...
0x010ffd88: f1f20eec 010ffde8 018cf500 a87320c7 ............. s.
0x010ffd98: 00000000 010ffdb0 76fe62c4 00ebc000 .........b.v....
0x010ffda8: 76fe62a0 08f9b445 010ffdf8 77530719 .b.vE.........Sw
0x010ffdb8: 00ebc000 7c483548 00000000 00000000 ....H5H|........
0x010ffdc8: 00ebc000 00000000 00000000 00000000 ................
0x010ffdd8: 00000000 7c483548 010ffdbc 00000000 ....H5H|........
0x010ffde8: 010ffe00 77545ef0 0a1bb518 00000000 .....^Tw........
0x010ffdf8: 010ffe08 775306e4 ffffffff 77552622 ......Sw...."&Uw
0x010ffe08: 00000000 00000000 018cdbdb 00ebc000 ................
0x010ffe18: 00000000 00000000 00000000 00000000 ................
0x010ffe28: 00000000 00000000 00000000 00000000 ................
0x010ffe38: 00000000 00000000 00000000 00000000 ................
0x010ffe48: 00000000 00000000 00000000 00000000 ................
0x010ffe58: 00000000 00000000 00000000 00000000 ................
0x010ffe68: 00000000 00000000 00000000 00000000 ................
0x010ffe78: 00000000 00000000 00000000 00000000 ................
0x010ffe88: 00000000 00000000 00000000 00000000 ................
0x010ffe98: 00000000 00000000 00000000 00000000 ................
0x010ffea8: 00000000 00000000 00000000 00000000 ................
0x010ffeb8: 00000000 00000000 00000000 00000000 ................
0x010ffec8: 00000000 00000000 00000000 00000000 ................
0x010ffed8: 00000000 00000000 00000000 00000000 ................
0x010ffee8: 00000000 00000000 00000000 00000000 ................
0x010ffef8: 00000000 00000000 00000000 00000000 ................
0x010fff08: 00000000 00000000 00000000 00000000 ................
0x010fff18: 00000000 00000000 00000000 00000000 ................
0x010fff28: 00000000 00000000 00000000 00000000 ................
0x010fff38: 00000000 00000000 00000000 00000000 ................
0x010fff48: 00000000 00000000 00000000 00000000 ................
0x010fff58: 00000000 00000000 00000000 00000000 ................
0x010fff68: 00000000 00000000 00000000 00000000 ................
0x010fff78: 00000000 00000000 00000000 00000000 ................
0x010fff88: 00000000 00000000 00000000 00000000 ................
0x010fff98: 00000000 00000000 00000000 00000000 ................
0x010fffa8: 00000000 00000000 00000000 00000000 ................
0x010fffb8: 00000000 00000000 00000000 00000000 ................
0x010fffc8: 00000000 00000000 00000000 00000000 ................
0x010fffd8: 00000000 00000000 00000000 00000000 ................
0x010fffe8: 00000000 00000000 00000000 00000000 ................
0x010ffff8: 00000000 00000000                   ........

Module 1
D:\Projects\Unity\DBZ Contra\dbz.exe
Image Base: 0x011e0000  Image Size: 0x011b9000
File Size:  17737216    File Time:  2016-10-20_052638
Version:
   Company:    
   Product:    
   FileDesc:   
   FileVer:    5.4.2.57392
   ProdVer:    5.4.2.57392

Module 2
C:\WINDOWS\System32\DriverStore\FileRepository\nvhm.inf_amd64_6e0cf60def1446c6\nvwgf2um.dll
Image Base: 0x07cd0000  Image Size: 0x0133f000
File Size:  20606952    File Time:  2016-12-02_020832
Version:
   Company:    NVIDIA Corporation
   Product:    NVIDIA D3D10 drivers
   FileDesc:   NVIDIA D3D10 Driver, Version 373.19 
   FileVer:    21.21.13.7319
   ProdVer:    21.21.13.7319

Module 3
C:\WINDOWS\system32\nvspcap.dll
Image Base: 0x0f540000  Image Size: 0x00151000
File Size:  1377800     File Time:  2016-06-14_180128
Version:
   Company:    NVIDIA Corporation
   Product:    NVIDIA GeForce Experience
   FileDesc:   NVIDIA Capture Server Proxy
   FileVer:    2.11.4.0
   ProdVer:    2.11.4.0

Module 4
C:\WINDOWS\system32\nvapi.dll
Image Base: 0x0f770000  Image Size: 0x00383000
File Size:  3535776     File Time:  2016-12-02_020830
Version:
   Company:    NVIDIA Corporation
   Product:    NVIDIA Windows drivers
   FileDesc:   NVIDIA NVAPI Library, Version 373.19 
   FileVer:    21.21.13.7319
   ProdVer:    21.21.13.7319

Module 5
D:\Projects\Unity\DBZ Contra\dbz_Data\Mono\mono.dll
Image Base: 0x10000000  Image Size: 0x00230000
File Size:  2113496     File Time:  2016-10-20_053136
Version:
   Company:    Unity Technologies
   Product:    libmono
   FileDesc:   Unity Technologies fork of mono runtime
   FileVer:    1.0.0.1
   ProdVer:    1.0.0.1

Module 6
C:\WINDOWS\SYSTEM32\xinput9_1_0.dll
Image Base: 0x12d20000  Image Size: 0x00007000
File Size:  9216        File Time:  2016-07-16_094306
Version:
   Company:    Microsoft Corporation
   Product:    Microsoft® Windows® Operating System
   FileDesc:   XNA Common Controller
   FileVer:    10.0.14393.0
   ProdVer:    10.0.14393.0

Module 7
C:\WINDOWS\SYSTEM32\msacm32.drv
Image Base: 0x50000000  Image Size: 0x0000a000
File Size:  24576       File Time:  2016-07-16_094250
Version:
   Company:    Microsoft Corporation
   Product:    Microsoft® Windows® Operating System
   FileDesc:   Microsoft Sound Mapper
   FileVer:    10.0.14393.0
   ProdVer:    10.0.14393.0

Module 8
C:\WINDOWS\SYSTEM32\ig75icd32.dll
Image Base: 0x529f0000  Image Size: 0x00865000
File Size:  8732168     File Time:  2016-11-01_230524
Version:
   Company:    Intel Corporation
   Product:    Intel HD Graphics Drivers for Windows(R)
   FileDesc:   OpenGL(R) Driver for Intel(R) Graphics Accelerator
   FileVer:    20.19.15.4531
   ProdVer:    20.19.15.4531

Module 9
C:\WINDOWS\SYSTEM32\DDRAW.dll
Image Base: 0x53260000  Image Size: 0x000ed000
File Size:  548352      File Time:  2016-12-06_152028
Version:
   Company:    Microsoft Corporation
   Product:    Microsoft® Windows® Operating System
   FileDesc:   Microsoft DirectDraw
   FileVer:    10.0.14393.447
   ProdVer:    10.0.14393.447

Module 10
C:\WINDOWS\SYSTEM32\OPENGL32.dll
Image Base: 0x53350000  Image Size: 0x000e0000
File Size:  786944      File Time:  2016-07-16_094306
Version:
   Company:    Microsoft Corporation
   Product:    Microsoft® Windows® Operating System
   FileDesc:   OpenGL Client DLL
   FileVer:    10.0.14393.0
   ProdVer:    10.0.14393.0

Module 11
C:\WINDOWS\SYSTEM32\GLU32.dll
Image Base: 0x56df0000  Image Size: 0x00025000
File Size:  141312      File Time:  2016-07-16_094306
Version:
   Company:    Microsoft Corporation
   Product:    Microsoft® Windows® Operating System
   FileDesc:   OpenGL Utility Library DLL
   FileVer:    10.0.14393.0
   ProdVer:    10.0.14393.0

Module 12
C:\WINDOWS\SYSTEM32\DCIMAN32.dll
Image Base: 0x60040000  Image Size: 0x00007000
File Size:  11776       File Time:  2016-07-16_094250
Version:
   Company:    Microsoft Corporation
   Product:    Microsoft® Windows® Operating System
   FileDesc:   DCI Manager
   FileVer:    10.0.14393.0
   ProdVer:    10.0.14393.0

Module 13
C:\WINDOWS\system32\wbem\fastprox.dll
Image Base: 0x633f0000  Image Size: 0x000c2000
File Size:  779776      File Time:  2016-07-16_094258
Version:
   Company:    Microsoft Corporation
   Product:    Microsoft® Windows® Operating System
   FileDesc:   WMI Custom Marshaller
   FileVer:    10.0.14393.0
   ProdVer:    10.0.14393.0

Module 14
C:\WINDOWS\system32\wbem\wbemsvc.dll
Image Base: 0x634c0000  Image Size: 0x00010000
File Size:  48640       File Time:  2016-07-16_094258
Version:
   Company:    Microsoft Corporation
   Product:    Microsoft® Windows® Operating System
   FileDesc:   WMI
   FileVer:    10.0.14393.0
   ProdVer:    10.0.14393.0

Module 15
C:\WINDOWS\SYSTEM32\wbemcomn.dll
Image Base: 0x634f0000  Image Size: 0x00067000
File Size:  391168      File Time:  2016-07-16_094258
Version:
   Company:    Microsoft Corporation
   Product:    Microsoft® Windows® Operating System
   FileDesc:   WMI
   FileVer:    10.0.14393.0
   ProdVer:    10.0.14393.0

Module 16
C:\WINDOWS\system32\wbem\wbemprox.dll
Image Base: 0x63560000  Image Size: 0x0000d000
File Size:  35328       File Time:  2016-07-16_094258
Version:
   Company:    Microsoft Corporation
   Product:    Microsoft® Windows® Operating System
   FileDesc:   WMI
   FileVer:    10.0.14393.0
   ProdVer:    10.0.14393.0

Module 17
C:\WINDOWS\SYSTEM32\wdmaud.drv
Image Base: 0x64730000  Image Size: 0x00039000
File Size:  207360      File Time:  2016-07-16_094250
Version:
   Company:    Microsoft Corporation
   Product:    Microsoft® Windows® Operating System
   FileDesc:   Winmm  audio system driver
   FileVer:    10.0.14393.0
   ProdVer:    10.0.14393.0

Module 18
C:\WINDOWS\SYSTEM32\ksuser.dll
Image Base: 0x65c80000  Image Size: 0x00007000
File Size:  20672       File Time:  2016-07-16_094250
Version:
   Company:    Microsoft Corporation
   Product:    Microsoft® Windows® Operating System
   FileDesc:   User CSA Library
   FileVer:    10.0.14393.0
   ProdVer:    10.0.14393.0

Module 19
C:\WINDOWS\SYSTEM32\AVRT.dll
Image Base: 0x661c0000  Image Size: 0x00009000
File Size:  29448       File Time:  2016-07-16_094250
Version:
   Company:    Microsoft Corporation
   Product:    Microsoft® Windows® Operating System
   FileDesc:   Multimedia Realtime Runtime
   FileVer:    10.0.14393.0
   ProdVer:    10.0.14393.0

Module 20
C:\WINDOWS\SYSTEM32\igdusc32.dll
Image Base: 0x69cc0000  Image Size: 0x008cb000
File Size:  5140472     File Time:  2016-11-01_230602
Version:
   Company:    Intel Corporation
   Product:    Intel HD Graphics Drivers for Windows(R)
   FileDesc:   Unified Shader Compiler for Intel(R) Graphics Accelerator
   FileVer:    20.19.15.4531
   ProdVer:    20.19.15.4531

Module 21
C:\WINDOWS\System32\PROPSYS.dll
Image Base: 0x6f4d0000  Image Size: 0x0014f000
File Size:  1375456     File Time:  2016-07-16_094256
Version:
   Company:    Microsoft Corporation
   Product:    Windows® Search
   FileDesc:   Microsoft Property System
   FileVer:    7.0.14393.0
   ProdVer:    7.0.14393.0

Module 22
C:\WINDOWS\System32\MMDevApi.dll
Image Base: 0x6f620000  Image Size: 0x00058000
File Size:  352768      File Time:  2016-07-16_094250
Version:
   Company:    Microsoft Corporation
   Product:    Microsoft® Windows® Operating System
   FileDesc:   MMDevice API
   FileVer:    10.0.14393.0
   ProdVer:    10.0.14393.0

Module 23
C:\WINDOWS\SYSTEM32\wintypes.dll
Image Base: 0x6f680000  Image Size: 0x000cf000
File Size:  846560      File Time:  2016-12-06_152028
Version:
   Company:    Microsoft Corporation
   Product:    Microsoft® Windows® Operating System
   FileDesc:   Windows Base Types DLL
   FileVer:    10.0.14393.351
   ProdVer:    10.0.14393.351

Module 24
C:\WINDOWS\SYSTEM32\AUDIOSES.DLL
Image Base: 0x6f750000  Image Size: 0x0007b000
File Size:  484584      File Time:  2016-12-06_152058
Version:
   Company:    Microsoft Corporation
   Product:    Microsoft® Windows® Operating System
   FileDesc:   Audio Session
   FileVer:    10.0.14393.447
   ProdVer:    10.0.14393.447

Module 25
C:\WINDOWS\SYSTEM32\dhcpcsvc.DLL
Image Base: 0x6f820000  Image Size: 0x00014000
File Size:  63488       File Time:  2016-07-16_094256
Version:
   Company:    Microsoft Corporation
   Product:    Microsoft® Windows® Operating System
   FileDesc:   DHCP Client Service
   FileVer:    10.0.14393.0
   ProdVer:    10.0.14393.0

Module 26
C:\WINDOWS\SYSTEM32\dhcpcsvc6.DLL
Image Base: 0x6f840000  Image Size: 0x00013000
File Size:  57344       File Time:  2016-07-16_094256
Version:
   Company:    Microsoft Corporation
   Product:    Microsoft® Windows® Operating System
   FileDesc:   DHCPv6 Client
   FileVer:    10.0.14393.0
   ProdVer:    10.0.14393.0

Module 27
C:\WINDOWS\SYSTEM32\d3d11.dll
Image Base: 0x6faf0000  Image Size: 0x0022f000
File Size:  2276736     File Time:  2016-12-06_152034
Version:
   Company:    Microsoft Corporation
   Product:    Microsoft® Windows® Operating System
   FileDesc:   Direct3D 11 Runtime
   FileVer:    10.0.14393.351
   ProdVer:    10.0.14393.351

Module 28
C:\WINDOWS\WinSxS\x86_microsoft.windows.common-controls_6595b64144ccf1df_6.0.14393.447_none_89c64d28dafea4b9\comctl32.dll
Image Base: 0x6fd20000  Image Size: 0x0020a000
File Size:  2122080     File Time:  2016-12-06_152050
Version:
   Company:    Microsoft Corporation
   Product:    Microsoft® Windows® Operating System
   FileDesc:   User Experience Controls Library
   FileVer:    6.10.14393.447
   ProdVer:    10.0.14393.447

Module 29
C:\WINDOWS\SYSTEM32\dbghelp.dll
Image Base: 0x6ff90000  Image Size: 0x00145000
File Size:  1220608     File Time:  2016-07-16_094258
Version:
   Company:    Microsoft
   Product:    Microsoft® Windows® Operating System
   FileDesc:   Windows Image Helper
   FileVer:    10.0.14321.1024
   ProdVer:    10.0.14321.1024

Module 30
C:\WINDOWS\SYSTEM32\HID.DLL
Image Base: 0x72ab0000  Image Size: 0x0000a000
File Size:  25600       File Time:  2016-07-16_094250
Version:
   Company:    Microsoft Corporation
   Product:    Microsoft® Windows® Operating System
   FileDesc:   Hid User Library
   FileVer:    10.0.14393.0
   ProdVer:    10.0.14393.0

Module 31
C:\WINDOWS\SYSTEM32\WINMMBASE.dll
Image Base: 0x72b30000  Image Size: 0x00023000
File Size:  131208      File Time:  2016-07-16_094250
Version:
   Company:    Microsoft Corporation
   Product:    Microsoft® Windows® Operating System
   FileDesc:   Base Multimedia Extension API DLL
   FileVer:    10.0.14393.0
   ProdVer:    10.0.14393.0

Module 32
C:\WINDOWS\SYSTEM32\MSACM32.dll
Image Base: 0x72bf0000  Image Size: 0x00018000
File Size:  90912       File Time:  2016-07-16_094250
Version:
   Company:    Microsoft Corporation
   Product:    Microsoft® Windows® Operating System
   FileDesc:   Microsoft ACM Audio Filter
   FileVer:    10.0.14393.0
   ProdVer:    10.0.14393.0

Module 33
C:\WINDOWS\SYSTEM32\WINMM.dll
Image Base: 0x72c30000  Image Size: 0x00024000
File Size:  135376      File Time:  2016-07-16_094250
Version:
   Company:    Microsoft Corporation
   Product:    Microsoft® Windows® Operating System
   FileDesc:   MCI API DLL
   FileVer:    10.0.14393.0
   ProdVer:    10.0.14393.0

Module 34
C:\WINDOWS\SYSTEM32\DEVOBJ.dll
Image Base: 0x72ff0000  Image Size: 0x00022000
File Size:  132232      File Time:  2016-07-16_094256
Version:
   Company:    Microsoft Corporation
   Product:    Microsoft® Windows® Operating System
   FileDesc:   Device Information Set DLL
   FileVer:    10.0.14393.0
   ProdVer:    10.0.14393.0

Module 35
C:\WINDOWS\System32\fwpuclnt.dll
Image Base: 0x73060000  Image Size: 0x00049000
File Size:  279040      File Time:  2016-07-16_094256
Version:
   Company:    Microsoft Corporation
   Product:    Microsoft® Windows® Operating System
   FileDesc:   FWP/IPsec User-Mode API
   FileVer:    10.0.14393.0
   ProdVer:    10.0.14393.0

Module 36
C:\Windows\System32\rasadhlp.dll
Image Base: 0x730b0000  Image Size: 0x00008000
File Size:  13312       File Time:  2016-07-16_094302
Version:
   Company:    Microsoft Corporation
   Product:    Microsoft® Windows® Operating System
   FileDesc:   Remote Access AutoDial Helper
   FileVer:    10.0.14393.0
   ProdVer:    10.0.14393.0

Module 37
C:\WINDOWS\SYSTEM32\dxgi.dll
Image Base: 0x73140000  Image Size: 0x00084000
File Size:  527880      File Time:  2016-07-16_094250
Version:
   Company:    Microsoft Corporation
   Product:    Microsoft® Windows® Operating System
   FileDesc:   DirectX Graphics Infrastructure
   FileVer:    10.0.14393.0
   ProdVer:    10.0.14393.0

Module 38
C:\WINDOWS\SYSTEM32\bcrypt.dll
Image Base: 0x733d0000  Image Size: 0x0001b000
File Size:  106896      File Time:  2016-07-16_094256
Version:
   Company:    Microsoft Corporation
   Product:    Microsoft® Windows® Operating System
   FileDesc:   Windows Cryptographic Primitives Library
   FileVer:    10.0.14393.0
   ProdVer:    10.0.14393.0

Module 39
C:\WINDOWS\system32\rsaenh.dll
Image Base: 0x733f0000  Image Size: 0x0002f000
File Size:  184416      File Time:  2016-07-16_094256
Version:
   Company:    Microsoft Corporation
   Product:    Microsoft® Windows® Operating System
   FileDesc:   Microsoft Enhanced Cryptographic Provider
   FileVer:    10.0.14393.0
   ProdVer:    10.0.14393.0

Module 40
C:\WINDOWS\SYSTEM32\CRYPTSP.dll
Image Base: 0x73420000  Image Size: 0x00013000
File Size:  68720       File Time:  2016-07-16_094256
Version:
   Company:    Microsoft Corporation
   Product:    Microsoft® Windows® Operating System
   FileDesc:   Cryptographic Service Provider API
   FileVer:    10.0.14393.0
   ProdVer:    10.0.14393.0

Module 41
C:\WINDOWS\system32\uxtheme.dll
Image Base: 0x73530000  Image Size: 0x00075000
File Size:  457728      File Time:  2016-07-16_094306
Version:
   Company:    Microsoft Corporation
   Product:    Microsoft® Windows® Operating System
   FileDesc:   Microsoft UxTheme Library
   FileVer:    10.0.14393.0
   ProdVer:    10.0.14393.0

Module 42
C:\WINDOWS\SYSTEM32\ntmarta.dll
Image Base: 0x735f0000  Image Size: 0x00028000
File Size:  154432      File Time:  2016-07-16_094256
Version:
   Company:    Microsoft Corporation
   Product:    Microsoft® Windows® Operating System
   FileDesc:   Windows NT MARTA provider
   FileVer:    10.0.14393.0
   ProdVer:    10.0.14393.0

Module 43
C:\WINDOWS\SYSTEM32\MSWSOCK.dll
Image Base: 0x73860000  Image Size: 0x0004e000
File Size:  306016      File Time:  2016-07-16_094256
Version:
   Company:    Microsoft Corporation
   Product:    Microsoft® Windows® Operating System
   FileDesc:   Microsoft Windows Sockets 2.0 Service Provider
   FileVer:    10.0.14393.0
   ProdVer:    10.0.14393.0

Module 44
C:\WINDOWS\SYSTEM32\dwmapi.dll
Image Base: 0x73af0000  Image Size: 0x0001f000
File Size:  113504      File Time:  2016-12-06_152028
Version:
   Company:    Microsoft Corporation
   Product:    Microsoft® Windows® Operating System
   FileDesc:   Microsoft Desktop Window Manager API
   FileVer:    10.0.14393.206
   ProdVer:    10.0.14393.206

Module 45
C:\Program Files (x86)\Bonjour\mdnsNSP.dll
Image Base: 0x73b10000  Image Size: 0x00021000
File Size:  121704      File Time:  2011-08-31_000502
Version:
   Company:    Apple Inc.
   Product:    Bonjour
   FileDesc:   Bonjour Namespace Provider
   FileVer:    3.0.0.10
   ProdVer:    3.0.0.10

Module 46
C:\WINDOWS\SYSTEM32\WINHTTP.dll
Image Base: 0x73d10000  Image Size: 0x000a0000
File Size:  636928      File Time:  2016-12-06_152028
Version:
   Company:    Microsoft Corporation
   Product:    Microsoft® Windows® Operating System
   FileDesc:   Windows HTTP Services
   FileVer:    10.0.14393.351
   ProdVer:    10.0.14393.351

Module 47
C:\WINDOWS\SYSTEM32\IPHLPAPI.DLL
Image Base: 0x73dc0000  Image Size: 0x0002f000
File Size:  184416      File Time:  2016-07-16_094256
Version:
   Company:    Microsoft Corporation
   Product:    Microsoft® Windows® Operating System
   FileDesc:   IP Helper API
   FileVer:    10.0.14393.0
   ProdVer:    10.0.14393.0

Module 48
C:\WINDOWS\SYSTEM32\DNSAPI.dll
Image Base: 0x73e00000  Image Size: 0x0007c000
File Size:  496872      File Time:  2016-12-06_152034
Version:
   Company:    Microsoft Corporation
   Product:    Microsoft® Windows® Operating System
   FileDesc:   DNS Client API DLL
   FileVer:    10.0.14393.206
   ProdVer:    10.0.14393.206

Module 49
C:\WINDOWS\SYSTEM32\WTSAPI32.dll
Image Base: 0x73ec0000  Image Size: 0x0000f000
File Size:  53216       File Time:  2016-07-16_094306
Version:
   Company:    Microsoft Corporation
   Product:    Microsoft® Windows® Operating System
   FileDesc:   Windows Remote Desktop Session Host Server SDK APIs
   FileVer:    10.0.14393.0
   ProdVer:    10.0.14393.0

Module 50
C:\WINDOWS\SYSTEM32\VERSION.dll
Image Base: 0x73ed0000  Image Size: 0x00008000
File Size:  27360       File Time:  2016-07-16_094306
Version:
   Company:    Microsoft Corporation
   Product:    Microsoft® Windows® Operating System
   FileDesc:   Version Checking and File Installation Libraries
   FileVer:    10.0.14393.0
   ProdVer:    10.0.14393.0

Module 51
C:\WINDOWS\System32\CRYPTBASE.dll
Image Base: 0x73f80000  Image Size: 0x0000a000
File Size:  31528       File Time:  2016-07-16_094250
Version:
   Company:    Microsoft Corporation
   Product:    Microsoft® Windows® Operating System
   FileDesc:   Base cryptographic API DLL
   FileVer:    10.0.14393.0
   ProdVer:    10.0.14393.0

Module 52
C:\WINDOWS\System32\SspiCli.dll
Image Base: 0x73f90000  Image Size: 0x0001e000
File Size:  117240      File Time:  2016-12-06_152046
Version:
   Company:    Microsoft Corporation
   Product:    Microsoft® Windows® Operating System
   FileDesc:   Security Support Provider Interface
   FileVer:    10.0.14393.187
   ProdVer:    10.0.14393.187

Module 53
C:\WINDOWS\System32\SHELL32.dll
Image Base: 0x73fb0000  Image Size: 0x013d9000
File Size:  20969928    File Time:  2016-12-06_152050
Version:
   Company:    Microsoft Corporation
   Product:    Microsoft® Windows® Operating System
   FileDesc:   Windows Shell Common Dll
   FileVer:    10.0.14393.447
   ProdVer:    10.0.14393.447

Module 54
C:\WINDOWS\System32\gdi32full.dll
Image Base: 0x75390000  Image Size: 0x0015b000
File Size:  1415744     File Time:  2016-12-06_152028
Version:
   Company:    Microsoft Corporation
   Product:    Microsoft® Windows® Operating System
   FileDesc:   GDI Client DLL
   FileVer:    10.0.14393.447
   ProdVer:    10.0.14393.447

Module 55
C:\WINDOWS\System32\cfgmgr32.dll
Image Base: 0x754f0000  Image Size: 0x00036000
File Size:  213848      File Time:  2016-07-16_094256
Version:
   Company:    Microsoft Corporation
   Product:    Microsoft® Windows® Operating System
   FileDesc:   Configuration Manager DLL
   FileVer:    10.0.14393.0
   ProdVer:    10.0.14393.0

Module 56
C:\WINDOWS\System32\SHLWAPI.dll
Image Base: 0x75530000  Image Size: 0x00046000
File Size:  284056      File Time:  2016-07-16_094304
Version:
   Company:    Microsoft Corporation
   Product:    Microsoft® Windows® Operating System
   FileDesc:   Shell Light-weight Utility Library
   FileVer:    10.0.14393.0
   ProdVer:    10.0.14393.0

Module 57
C:\WINDOWS\System32\IMM32.dll
Image Base: 0x755e0000  Image Size: 0x00025000
File Size:  144632      File Time:  2016-07-16_094250
Version:
   Company:    Microsoft Corporation
   Product:    Microsoft® Windows® Operating System
   FileDesc:   Multi-User Windows IMM32 API Client DLL
   FileVer:    10.0.14393.0
   ProdVer:    10.0.14393.0

Module 58
C:\WINDOWS\System32\KERNELBASE.dll
Image Base: 0x75610000  Image Size: 0x001a1000
File Size:  1705976     File Time:  2016-12-06_152052
Version:
   Company:    Microsoft Corporation
   Product:    Microsoft® Windows® Operating System
   FileDesc:   Windows NT BASE API Client DLL
   FileVer:    10.0.14393.321
   ProdVer:    10.0.14393.321

Module 59
C:\WINDOWS\System32\powrprof.dll
Image Base: 0x757c0000  Image Size: 0x00045000
File Size:  275832      File Time:  2016-07-16_094256
Version:
   Company:    Microsoft Corporation
   Product:    Microsoft® Windows® Operating System
   FileDesc:   Power Profile Helper DLL
   FileVer:    10.0.14393.0
   ProdVer:    10.0.14393.0

Module 60
C:\WINDOWS\System32\ADVAPI32.dll
Image Base: 0x75810000  Image Size: 0x00077000
File Size:  482392      File Time:  2016-07-16_094250
Version:
   Company:    Microsoft Corporation
   Product:    Microsoft® Windows® Operating System
   FileDesc:   Advanced Windows 32 Base API
   FileVer:    10.0.14393.0
   ProdVer:    10.0.14393.0

Module 61
C:\WINDOWS\System32\CRYPT32.dll
Image Base: 0x75a10000  Image Size: 0x0017d000
File Size:  1556712     File Time:  2016-12-06_152028
Version:
   Company:    Microsoft Corporation
   Product:    Microsoft® Windows® Operating System
   FileDesc:   Crypto API32
   FileVer:    10.0.14393.351
   ProdVer:    10.0.14393.351

Module 62
C:\WINDOWS\System32\MSCTF.dll
Image Base: 0x75b90000  Image Size: 0x00135000
File Size:  1263856     File Time:  2016-12-06_152028
Version:
   Company:    Microsoft Corporation
   Product:    Microsoft® Windows® Operating System
   FileDesc:   MSCTF Server DLL
   FileVer:    10.0.14393.447
   ProdVer:    10.0.14393.447

Module 63
C:\WINDOWS\System32\SETUPAPI.dll
Image Base: 0x75d30000  Image Size: 0x0040b000
File Size:  4268368     File Time:  2016-07-16_094246
Version:
   Company:    Microsoft Corporation
   Product:    Microsoft® Windows® Operating System
   FileDesc:   Windows Setup API
   FileVer:    10.0.14393.0
   ProdVer:    10.0.14393.0

Module 64
C:\WINDOWS\System32\windows.storage.dll
Image Base: 0x76140000  Image Size: 0x0056e000
File Size:  5722320     File Time:  2016-12-06_152034
Version:
   Company:    Microsoft Corporation
   Product:    Microsoft® Windows® Operating System
   FileDesc:   Microsoft WinRT Storage API
   FileVer:    10.0.14393.206
   ProdVer:    10.0.14393.206

Module 65
C:\WINDOWS\System32\combase.dll
Image Base: 0x767a0000  Image Size: 0x00211000
File Size:  2166232     File Time:  2016-12-06_152028
Version:
   Company:    Microsoft Corporation
   Product:    Microsoft® Windows® Operating System
   FileDesc:   Microsoft COM for Windows
   FileVer:    10.0.14393.351
   ProdVer:    10.0.14393.351

Module 66
C:\WINDOWS\System32\NSI.dll
Image Base: 0x769c0000  Image Size: 0x00007000
File Size:  20152       File Time:  2016-07-16_094228
Version:
   Company:    Microsoft Corporation
   Product:    Microsoft® Windows® Operating System
   FileDesc:   NSI User-mode interface DLL
   FileVer:    10.0.14393.0
   ProdVer:    10.0.14393.0

Module 67
C:\WINDOWS\System32\sechost.dll
Image Base: 0x769d0000  Image Size: 0x00041000
File Size:  255168      File Time:  2016-07-16_094250
Version:
   Company:    Microsoft Corporation
   Product:    Microsoft® Windows® Operating System
   FileDesc:   Host for SCM/SDDL/LSA Lookup APIs
   FileVer:    10.0.14393.0
   ProdVer:    10.0.14393.0

Module 68
C:\WINDOWS\System32\clbcatq.dll
Image Base: 0x76a20000  Image Size: 0x00084000
File Size:  528360      File Time:  2016-07-16_094248
Version:
   Company:    Microsoft Corporation
   Product:    Microsoft® Windows® Operating System
   FileDesc:   COM+ Configuration Catalog
   FileVer:    2001.12.10941.16384
   ProdVer:    10.0.14393.0

Module 69
C:\WINDOWS\System32\GDI32.dll
Image Base: 0x76ab0000  Image Size: 0x0002b000
File Size:  170960      File Time:  2016-12-06_152034
Version:
   Company:    Microsoft Corporation
   Product:    Microsoft® Windows® Operating System
   FileDesc:   GDI Client DLL
   FileVer:    10.0.14393.206
   ProdVer:    10.0.14393.206

Module 70
C:\WINDOWS\System32\win32u.dll
Image Base: 0x76ae0000  Image Size: 0x00015000
File Size:  79536       File Time:  2016-12-06_152032
Version:
   Company:    Microsoft Corporation
   Product:    Microsoft® Windows® Operating System
   FileDesc:   Win32u
   FileVer:    10.0.14393.51
   ProdVer:    10.0.14393.51

Module 71
C:\WINDOWS\System32\profapi.dll
Image Base: 0x76b00000  Image Size: 0x0000f000
File Size:  54752       File Time:  2016-07-16_094250
Version:
   Company:    Microsoft Corporation
   Product:    Microsoft® Windows® Operating System
   FileDesc:   User Profile Basic API
   FileVer:    10.0.14393.0
   ProdVer:    10.0.14393.0

Module 72
C:\WINDOWS\System32\USER32.dll
Image Base: 0x76b10000  Image Size: 0x0015f000
File Size:  1435896     File Time:  2016-12-06_152034
Version:
   Company:    Microsoft Corporation
   Product:    Microsoft® Windows® Operating System
   FileDesc:   Multi-User Windows USER API Client DLL
   FileVer:    10.0.14393.351
   ProdVer:    10.0.14393.351

Module 73
C:\WINDOWS\System32\WINTRUST.dll
Image Base: 0x76c70000  Image Size: 0x00044000
File Size:  272720      File Time:  2016-12-06_152028
Version:
   Company:    Microsoft Corporation
   Product:    Microsoft® Windows® Operating System
   FileDesc:   Microsoft Trust Verification APIs
   FileVer:    10.0.14393.351
   ProdVer:    10.0.14393.351

Module 74
C:\WINDOWS\System32\msvcrt.dll
Image Base: 0x76cc0000  Image Size: 0x000be000
File Size:  773168      File Time:  2016-07-16_094250
Version:
   Company:    Microsoft Corporation
   Product:    Microsoft® Windows® Operating System
   FileDesc:   Windows NT CRT DLL
   FileVer:    7.0.14393.0
   ProdVer:    10.0.14393.0

Module 75
C:\WINDOWS\System32\ole32.dll
Image Base: 0x76da0000  Image Size: 0x000ea000
File Size:  959112      File Time:  2016-12-06_152046
Version:
   Company:    Microsoft Corporation
   Product:    Microsoft® Windows® Operating System
   FileDesc:   Microsoft OLE for Windows
   FileVer:    10.0.14393.447
   ProdVer:    10.0.14393.447

Module 76
C:\WINDOWS\System32\OLEAUT32.dll
Image Base: 0x76e90000  Image Size: 0x00094000
File Size:  601712      File Time:  2016-12-06_152028
Version:
   Company:    Microsoft Corporation
   Product:    Microsoft® Windows® Operating System
   FileDesc:   OLEAUT32.DLL
   FileVer:    10.0.14393.447
   ProdVer:    10.0.14393.447

Module 77
C:\WINDOWS\System32\msvcp_win.dll
Image Base: 0x76f30000  Image Size: 0x0007b000
File Size:  498408      File Time:  2016-07-16_094256
Version:
   Company:    Microsoft Corporation
   Product:    Microsoft® Windows® Operating System
   FileDesc:   Microsoft® C Runtime Library
   FileVer:    10.0.14393.0
   ProdVer:    10.0.14393.0

Module 78
C:\WINDOWS\System32\MSASN1.dll
Image Base: 0x76fb0000  Image Size: 0x0000e000
File Size:  49080       File Time:  2016-07-16_094256
Version:
   Company:    Microsoft Corporation
   Product:    Microsoft® Windows® Operating System
   FileDesc:   ASN.1 Runtime APIs
   FileVer:    10.0.14393.0
   ProdVer:    10.0.14393.0

Module 79
C:\WINDOWS\System32\PSAPI.DLL
Image Base: 0x76fc0000  Image Size: 0x00006000
File Size:  17048       File Time:  2016-07-16_094246
Version:
   Company:    Microsoft Corporation
   Product:    Microsoft® Windows® Operating System
   FileDesc:   Process Status Helper
   FileVer:    10.0.14393.0
   ProdVer:    10.0.14393.0

Module 80
C:\WINDOWS\System32\KERNEL32.DLL
Image Base: 0x76fd0000  Image Size: 0x000e0000
File Size:  616048      File Time:  2016-07-16_094246
Version:
   Company:    Microsoft Corporation
   Product:    Microsoft® Windows® Operating System
   FileDesc:   Windows NT BASE API Client DLL
   FileVer:    10.0.14393.0
   ProdVer:    10.0.14393.0

Module 81
C:\WINDOWS\System32\bcryptPrimitives.dll
Image Base: 0x770b0000  Image Size: 0x0005a000
File Size:  367208      File Time:  2016-07-16_094228
Version:
   Company:    Microsoft Corporation
   Product:    Microsoft® Windows® Operating System
   FileDesc:   Windows Cryptographic Primitives Library
   FileVer:    10.0.14393.0
   ProdVer:    10.0.14393.0

Module 82
C:\WINDOWS\System32\RPCRT4.dll
Image Base: 0x77110000  Image Size: 0x000c1000
File Size:  790760      File Time:  2016-12-06_152046
Version:
   Company:    Microsoft Corporation
   Product:    Microsoft® Windows® Operating System
   FileDesc:   Remote Procedure Call Runtime
   FileVer:    10.0.14393.82
   ProdVer:    10.0.14393.82

Module 83
C:\WINDOWS\System32\kernel.appcore.dll
Image Base: 0x771e0000  Image Size: 0x0000d000
File Size:  43416       File Time:  2016-07-16_094256
Version:
   Company:    Microsoft Corporation
   Product:    Microsoft® Windows® Operating System
   FileDesc:   AppModel API Host
   FileVer:    10.0.14393.0
   ProdVer:    10.0.14393.0

Module 84
C:\WINDOWS\System32\WS2_32.dll
Image Base: 0x772f0000  Image Size: 0x00063000
File Size:  402352      File Time:  2016-12-06_152046
Version:
   Company:    Microsoft Corporation
   Product:    Microsoft® Windows® Operating System
   FileDesc:   Windows Socket 2.0 32-Bit DLL
   FileVer:    10.0.14393.206
   ProdVer:    10.0.14393.206

Module 85
C:\WINDOWS\System32\ucrtbase.dll
Image Base: 0x77360000  Image Size: 0x000e0000
File Size:  918304      File Time:  2016-07-16_094256
Version:
   Company:    Microsoft Corporation
   Product:    Microsoft® Windows® Operating System
   FileDesc:   Microsoft® C Runtime Library
   FileVer:    10.0.14393.0
   ProdVer:    10.0.14393.0

Module 86
C:\WINDOWS\System32\shcore.dll
Image Base: 0x77440000  Image Size: 0x00088000
File Size:  549088      File Time:  2016-07-16_094244
Version:
   Company:    Microsoft Corporation
   Product:    Microsoft® Windows® Operating System
   FileDesc:   SHCORE
   FileVer:    10.0.14393.0
   ProdVer:    10.0.14393.0

Module 87
C:\WINDOWS\SYSTEM32\ntdll.dll
Image Base: 0x774d0000  Image Size: 0x00182000
File Size:  1570672     File Time:  2016-12-06_152052
Version:
   Company:    Microsoft Corporation
   Product:    Microsoft® Windows® Operating System
   FileDesc:   NT Layer DLL
   FileVer:    10.0.14393.447
   ProdVer:    10.0.14393.447

Module 88
C:\WINDOWS\SYSTEM32\midimap.dll
Image Base: 0x77660000  Image Size: 0x00008000
File Size:  18944       File Time:  2016-07-16_094250
Version:
   Company:    Microsoft Corporation
   Product:    Microsoft® Windows® Operating System
   FileDesc:   Microsoft MIDI Mapper
   FileVer:    10.0.14393.0
   ProdVer:    10.0.14393.0


== [end of error.log] ==
