Unity Player [version: Unity 5.4.2f2_b7e030c65c9b]

dbz.exe caused an Access Violation (0xc0000005)
  in module dbz.exe at 0023:00e2b296.

Error occurred at 2016-12-21_155420.
D:\Projects\Unity\DBZ Contra\dbz.exe, run by bruno.
56% memory in use.
0 MB physical memory [0 MB free].
0 MB paging file [2750 MB free].
0 MB user address space [3659 MB free].
Read from location 000005d4 caused an access violation.

Context:
EDI:    0x00000000  ESI: 0x04f22750  EAX:   0x01d5e698
EBX:    0x00000000  ECX: 0x00000000  EDX:   0x00000002
EIP:    0x00e2b296  EBP: 0x01d5e684  SegCs: 0x00000023
EFlags: 0x00210287  ESP: 0x01d5e680  SegSs: 0x0000002b

Bytes at CS:EIP:
83 bf d4 05 00 00 00 75 07 32 c0 5f 5d c2 04 00 

Stack:
0x01d5e680: 01662f2d 01d5e6b4 00e13609 01d5e698 -/f......6......
0x01d5e690: 00000003 04f22750 666e6f63 01006769 ....P'..config..
0x01d5e6a0: 774fd820 c7ff1759 00000006 0000000f  .OwY...........
0x01d5e6b0: 00acea64 01d5e6bc 00e124c7 01d5e6d4 d........$......
0x01d5e6c0: 00e125f6 00000002 00e1480d 00000000 .%.......H......
0x01d5e6d0: 017e9670 01d5e6f0 00e1485f 00000003 p.~....._H......
0x01d5e6e0: 540a5704 540a5704 00000000 00000000 .W.T.W.T........
0x01d5e6f0: 01d5e724 00e114d5 04f22750 00000003 $.......P'......
0x01d5e700: 540a5704 540a5704 00000000 00000000 .W.T.W.T........
0x01d5e710: 01662e0d 04f226f8 00000000 017e9670 ..f..&......p.~.
0x01d5e720: 00000000 01d5e78c 00e12144 00000003 ........D!......
0x01d5e730: 540a5704 540a5704 00000000 00000000 .W.T.W.T........
0x01d5e740: 017e9974 00000000 017e9974 041cef00 t.~.....t.~.....
0x01d5e750: 01d5e7c4 77c308c6 048befc0 00000000 .......w........
0x01d5e760: 0000000f 014580f7 041c03d0 04927dd0 ......E......}..
0x01d5e770: 01d5e794 00c88c23 00000021 0000002f ....#...!.../...
0x01d5e780: 00000000 2284f47e 00000159 01d5e798 ....~.."Y.......
0x01d5e790: 00e12167 00000003 01d5e7b4 0084f381 g!..............
0x01d5e7a0: 04f226f8 00000000 00000000 048befc0 .&..............
0x01d5e7b0: 00000000 01d5e7d4 00a397df 00000000 ................
0x01d5e7c0: 00000006 00000000 5e8e1695 00000000 ...........^....
0x01d5e7d0: 00000000 01d5e81c 00ad1c02 00000000 ................
0x01d5e7e0: 00000001 00000000 00000001 00ad1950 ............P...
0x01d5e7f0: 00000000 01d5e840 00000006 00000000 ....@...........
0x01d5e800: 77beaed3 00040001 00000000 00000000 ...w............
0x01d5e810: 01d5e848 00000000 9190d017 01d5e848 H...........H...
0x01d5e820: 7515d2b3 000d08e8 00000006 00000001 ...u............
0x01d5e830: 00000000 00000001 dcbaabcd 00ad1950 ............P...
0x01d5e840: 00000000 00000001 01d5e930 7513e88a ........0......u
0x01d5e850: 00ad1950 000d08e8 00000006 00000001 P...............
0x01d5e860: 00000000 9190d13b 00000000 00000000 ....;...........
0x01d5e870: 00000006 00000000 00000000 00000000 ................
0x01d5e880: 00000000 00000000 00000000 9190d09b ................
0x01d5e890: 00000000 77c308c6 01d5e8ac 00000020 .......w.... ...
0x01d5e8a0: 01d5e9e0 77c30810 01d5e8cc 02874b90 .......w.....K..
0x01d5e8b0: 00000024 00000001 00000000 00000000 $...............
0x01d5e8c0: 00000030 ffffffff ffffffff 7513e71c 0..............u
0x01d5e8d0: 00000000 00000000 00000000 00000000 ................
0x01d5e8e0: 00000000 00000000 00ad1950 00000000 ........P.......
0x01d5e8f0: 025b09f8 00000000 80000011 00000000 ..[.............
0x01d5e900: 00000000 80000011 00000000 00000001 ................
0x01d5e910: 000d08e8 9190d13b 01d5e980 01d5e0b0 ....;...........
0x01d5e920: 01d5e980 751615b0 e558778b 00000000 .......u.wX.....
0x01d5e930: 01d5e990 7513e4c0 00ad1950 00000000 .......uP.......
0x01d5e940: 00000006 00000001 00000000 01aaa000 ................
0x01d5e950: 00000001 9190d19b 01d5eaf8 77c424b0 .............$.w
0x01d5e960: 00000000 00040000 00000000 00000000 ................
0x01d5e970: 000d08e8 00000000 01d5e954 01d5e0b0 ........T.......
0x01d5e980: 01d5e9e0 751615b0 e558776b fffffffe .......ukwX.....
0x01d5e990: 01d5e9d0 75148b09 02874b90 00000000 .......u.K......
0x01d5e9a0: 00000006 00000001 00000000 00ad1950 ............P...
0x01d5e9b0: 00000104 00000000 00000000 00000000 ................
0x01d5e9c0: 01d5e9d4 00000000 00000000 9190d1db ................
0x01d5e9d0: 01d5ea3c 77c308c6 01d5e9ec 00000020 <......w.... ...
0x01d5e9e0: 01d5eabc 77c30810 01d5ea10 02874b90 .......w.....K..
0x01d5e9f0: 00000000 00000006 00000001 00000000 ................
0x01d5ea00: 00ad1950 77c424b0 00000000 7733249c P....$.w.....$3w
0x01d5ea10: 75146ad7 01d5eaf8 00000000 00000104 .j.u............
0x01d5ea20: 00000104 00000002 028838e0 01aaa000 .........8......
0x01d5ea30: 01100100 00000102 01d5ebe8 01d5ea74 ............t...
0x01d5ea40: 75146a6d 00000104 00000104 00000002 mj.u............
0x01d5ea50: 00000000 01d5ee00 01d5eaf8 01d5ee00 ................
0x01d5ea60: 028838e0 01aaa000 028838e0 01aaa000 .8.......8......
0x01d5ea70: 00d5ea84 01d5eacc 75c8aae6 01d5eaf8 ...........u....
0x01d5ea80: 00000000 00000104 00000104 00000002 ................
0x01d5ea90: 9bfe5db9 01d5ee00 00000000 00000003 .]..............
0x01d5eaa0: 028838e0 01aaa000 01000000 01d5ee00 .8..............
0x01d5eab0: 00000000 01d5ea90 00000000 01d5eb68 ............h...
0x01d5eac0: 75cf0330 eff0b015 00000000 01d5eb18 0..u............
0x01d5ead0: 75c8abb7 01d5eaf8 00000000 00000104 ...u............
0x01d5eae0: 00000104 00000002 01d5ee00 01d5ee00 ................
0x01d5eaf0: 00000002 c7ff1739 fffffffe 01d5eb64 ....9.......d...
0x01d5eb00: 773324ac 751485f6 00005cff 75148600 .$3w...u.\.....u
0x01d5eb10: 9190d31f 9bfe5c6d 01d5eb78 75c8ae08 ....m\..x......u
0x01d5eb20: 9bfe5c0d 014dcf42 01d5ee00 00000002 .\..B.M.........
0x01d5eb30: 00005dff 00000000 00000090 00000764 .]..........d...
0x01d5eb40: 0000076c 00000090 b17cc9b5 0000003e l.........|.>...
0x01d5eb50: 01d5ee00 01d5f418 04010001 9bfe5c0d .............\..
0x01d5eb60: 01d5eb20 01d5eb9c 01d5f418 75cf0330  ...........0..u
0x01d5eb70: eff0b0fd fffffffe 01d5eb9c 75c8b2bc ...............u
0x01d5eb80: 01f3b5c0 1099bfb8 01d5ee00 00000000 ................
0x01d5eb90: 014dcf42 000003e8 9bfe5ce9 01d5ec5c B.M......\..\...
0x01d5eba0: 75c77301 01d5ebe8 00000002 01d5ebe0 .s.u............
0x01d5ebb0: 01f3b5c0 01e52e00 10c6d928 01f3b5c0 ........(.......
0x01d5ebc0: 01d5ecbc 01f3b5c0 00000002 109e33fc .............3..
0x01d5ebd0: 00000000 01d5ef2c 00000000 1099bfb8 ....,...........
0x01d5ebe0: ffffffff 01d5ee00 00000764 0000076c ........d...l...
0x01d5ebf0: 75c7ef98 00000000 00000000 00000000 ...u............
0x01d5ec00: 00000000 11d22e00 00000000 00000000 ................
0x01d5ec10: 00000000 00000000 00000000 00000000 ................
0x01d5ec20: 00000000 00000000 00000000 00000000 ................
0x01d5ec30: 00000000 00000000 00000000 00000000 ................
0x01d5ec40: 00000000 423ec01e 11d22e35 100004b6 ......>B5.......
0x01d5ec50: fd3e704b 9bfe5cc9 00000000 01d5ed70 Kp>..\......p...
0x01d5ec60: 75c88306 109e33fc 75c88160 01d5ef2c ...u.3..`..u,...
0x01d5ec70: 01f3b5c0 1232e218 01d5ef04 755bdad2 ......2.......[u
0x01d5ec80: 01d5ef2c 00000000 01d5ef2c 75be44a0 ,.......,....D.u
0x01d5ec90: 00000000 00000000 014dc976 00000000 ........v.M.....
0x01d5eca0: 1232e2bc ffffffff ffffffff 00000000 ..2.............
0x01d5ecb0: 00000000 00000000 1232e2c4 755bf640 ..........2.@.[u
0x01d5ecc0: 00000000 10cf41b8 423ec01e 11d22e35 .....A....>B5...
0x01d5ecd0: 100004b6 fd3e704b 1232e2c0 00000000 ....Kp>...2.....
0x01d5ece0: 5911b1dc 01d5ed84 00000000 10cf41a0 ...Y.........A..
0x01d5ecf0: 00008000 1232e1a8 1232e0f0 00000000 ......2...2.....
0x01d5ed00: 1232e218 1232e0f0 00000000 01d5ed84 ..2...2.........
0x01d5ed10: 755bc0a8 1232e218 01d5ed34 77bfb490 ..[u..2.4......w
0x01d5ed20: 77cce518 00001008 00000003 01e5f688 ...w............
0x01d5ed30: 01ea1358 01d5ed3c 00000003 774d1820 X...<....... .Mw
0x01d5ed40: 01d5ed5c 77a2103a 00000003 00000000 \...:..w........
0x01d5ed50: 01e52e00 77a21046 2f3092ee 01d5ed94 ....F..w..0/....
0x01d5ed60: 77a20fe0 77a20fc7 2f309226 9bfe5b01 ...w...w&.0/.[..
0x01d5ed70: 01d5eee0 75c87bef 01d5ef2c 01d5ef04 .....{.u,.......
0x01d5ed80: 01f3b5c0 01d5f018 01d5ef2c 594e55a2 ........,....UNY
0x01d5ed90: 00000000 01d5ef2c 01d5ef04 00000000 ....,...........
0x01d5eda0: 01e52e00 00000000 75c7e5c3 01ea23b8 ...........u.#..
0x01d5edb0: 00000000 00000030 01f3b5c0 01e52e00 ....0...........
0x01d5edc0: 75c7e6d1 01d5ef2c 693174e8 00000001 ...u,....t1i....
0x01d5edd0: 00000000 10ceedd8 01e52e00 00000000 ................
0x01d5ede0: 00000000 109e33fc 00000000 75c88880 .....3.........u
0x01d5edf0: 01ea23b0 00000000 00000040 00000000 .#......@.......
0x01d5ee00: 75be4704 01000000 00000000 00000000 .G.u............
0x01d5ee10: 00000000 00000000 80010115 00000000 ................
0x01d5ee20: 00000000 00000000 00000000 75cfbb50 ............P..u
0x01d5ee30: 00000000 00000000 00005dff bd2d3847 .........]..G8-.
0x01d5ee40: 415fce36 ef8385be b8239456 00000010 6._A....V.#.....
0x01d5ee50: 00000000 01d5ef2c 014dc976 000005cc ....,...v.M.....
0x01d5ee60: 00000000 00000001 00000000 10c984e0 ................
0x01d5ee70: 00000000 00000000 00000000 00000000 ................
0x01d5ee80: 00000000 10000bb6 fd3e704b 9bfe5909 ........Kp>..Y..
0x01d5ee90: 01d5eeb0 01d5edf0 00000000 00000000 ................
0x01d5eea0: 00000000 00000000 00000000 00000000 ................
0x01d5eeb0: 00000000 00000000 00000000 00000000 ................
0x01d5eec0: 75595ae7 423ec01e 11d22e35 100004b6 .ZYu..>B5.......
0x01d5eed0: fd3e704b 9bfe5ac1 00000000 9bfe5af9 Kp>..Z.......Z..
0x01d5eee0: 01d5ef0c 75c03045 01d5ef2c 01d5ef04 ....E0.u,.......
0x01d5eef0: 01d5f46c 01d5f158 75c02f70 01f3b5c0 l...X...p/.u....
0x01d5ef00: 01d5ef2c 00000000 9bfe5879 01d5f428 ,.......yX..(...
0x01d5ef10: 75595a9a 1236fa7c 01d5f018 5911a910 .ZYu|.6........Y
0x01d5ef20: 75cf2ad0 01d5f460 10a29e6c 01f3b5c0 .*.u`...l.......
0x01d5ef30: 00000010 00000000 00000018 00008003 ................
0x01d5ef40: 00000000 10cf41a0 00000000 00000004 .....A..........
0x01d5ef50: 01d5dd70 00000000 10a29e5c 01d5f2f8 p.......\.......
0x01d5ef60: 00000000 01aac000 00000000 00000000 ................
0x01d5ef70: 00000000 00000000 01e49658 00000000 ........X.......
0x01d5ef80: 00000000 00000000 00000000 75beb0b8 ...............u
0x01d5ef90: 75c14656 01d5f018 01d5f018 00000000 VF.u............
0x01d5efa0: 693168d4 01d5f018 01d5f46c 00000000 .h1i....l.......
0x01d5efb0: 01aac000 01d5f3ac 00000000 01d5f018 ................
0x01d5efc0: 00000000 01ea23dc 01ea2388 00000000 .....#...#......
0x01d5efd0: 01e49658 00000000 00000000 00000000 X...............
0x01d5efe0: 00000000 75beb0b8 00000000 00000000 .......u........
0x01d5eff0: 00000007 00000000 01e49658 00000000 ........X.......
0x01d5f000: 00000000 00000000 69319920 69319850 ........ .1iP.1i
0x01d5f010: 00000000 00000001 01d5ef2c 01ea2408 ........,....$..
0x01d5f020: 00000000 00000000 01ea23f0 00000054 .........#..T...
0x01d5f030: 00000000 00000000 00000001 00000000 ................
0x01d5f040: 00000000 00000000 00000000 00000000 ................
0x01d5f050: 00000002 00000000 00000000 00000000 ................
0x01d5f060: 69319920 69319850 01d5f460 00000000  .1iP.1i`.......
0x01d5f070: 00000000 00000000 693118d8 00000000 ..........1i....
0x01d5f080: 00000000 00000000 00000140 00000000 ........@.......
0x01d5f090: 00000000 00000000 00000000 0cd0ade0 ................
0x01d5f0a0: 00000000 00000000 00000000 00000000 ................
0x01d5f0b0: 00000000 00000003 01d5ded8 00000000 ................
0x01d5f0c0: 01d5f200 01d5f460 00000000 00000000 ....`...........
0x01d5f0d0: 00000000 00000000 00000000 01d5f158 ............X...
0x01d5f0e0: 00000000 00000000 00000000 00000000 ................
0x01d5f0f0: 00000000 01d5efc0 00000003 08c5a6d0 ................
0x01d5f100: 01e49694 0000006c 00000001 00000000 ....l...........
0x01d5f110: 6931672a 6931503a 01d5f408 01d5f46c *g1i:P1i....l...
0x01d5f120: 00000000 6931502c 00000000 755af540 ....,P1i....@.Zu
0x01d5f130: 00000000 01d5f158 00000000 00000000 ....X...........
0x01d5f140: 1236fa7c 00000000 69314ff8 01d5f018 |.6......O1i....
0x01d5f150: 00000003 00000010 8a885d04 0000006c .........]..l...
0x01d5f160: 69314fea 69314fe0 00000007 69314ff8 .O1i.O1i.....O1i
0x01d5f170: 01d5f460 00000233 00000000 69314fea `...3........O1i
0x01d5f180: 6931672a 00000022 00000000 00000000 *g1i"...........
0x01d5f190: 00000000 00000001 00000020 00000000 ........ .......
0x01d5f1a0: 00000000 00000000 00000000 755d2340 ............@#]u
0x01d5f1b0: 00000000 00000000 00000000 00000000 ................
0x01d5f1c0: 755cf2b0 755cf3a0 00000000 00000000 ..\u..\u........
0x01d5f1d0: 00000000 00000000 00000000 00000000 ................
0x01d5f1e0: 00000000 00000000 00000000 01d5f390 ................
0x01d5f1f0: 01d5f1f0 01d5f1f0 00000068 00000000 ........h.......
0x01d5f200: 01d5f200 01d5f200 00000017 00000000 ................
0x01d5f210: 01d5f210 01d5f210 000001f8 f483e374 ............t...
0x01d5f220: 01d5f530 10a29eb8 755925fc 01d5eeb0 0........%Yu....
0x01d5f230: 01d5eff0 0ce22af4 00000000 00000000 .....*..........
0x01d5f240: 00000000 1236fa30 1236fa34 01d5f2b4 ....0.6.4.6.....
0x01d5f250: 0cd0b260 01d5f3ac 10c6d928 00000000 `.......(.......
0x01d5f260: 75c897e7 75cfbb50 01e52e00 01d5f280 ...uP..u........
0x01d5f270: 75c01c67 0ce22b94 75c01c72 9bfe45f5 g..u.+..r..u.E..
0x01d5f280: 01d5f294 755ce8ee 1236fa34 755ce8f9 ......\u4.6...\u
0x01d5f290: 01d5f370 75cd4d30 00000000 1236fa34 p...0M.u....4.6.
0x01d5f2a0: 12316b78 1236ef90 00000022 00000000 xk1...6.".......
0x01d5f2b0: 12316b88 00000064 0025004f 80004002 .k1.d...O.%..@..
0x01d5f2c0: 01d5f3a4 01d5f3ac 0ce22af4 75c145ea .........*...E.u
0x01d5f2d0: 75db7098 01d5f2e4 75c88a87 75db70ac .p.u.......u.p.u
0x01d5f2e0: 00000000 01d5f338 75c8cd20 75c10300 ....8... ..u...u
0x01d5f2f0: 00001588 9a2bb775 01d5f3a4 0ce22af4 ....u.+......*..
0x01d5f300: 75c8cd30 00000001 1236f990 01d5f3a4 0..u......6.....
0x01d5f310: 01d5f3a8 01d5f3ac 00000000 01d5f3bc ................
0x01d5f320: 1236f988 00000000 00000000 0ce22af4 ..6..........*..
0x01d5f330: 00000000 0ce22af4 00000000 77c302ac .....*.........w
0x01d5f340: 750e9980 122fb6c0 00000010 122fb6c0 ...u../......./.
0x01d5f350: 00000000 01d5f3b0 750e976f 122fb728 ........o..u(./.
0x01d5f360: 00000010 01d5f434 750e977f 00000000 ....4......u....
0x01d5f370: 122fb718 01d5f444 00000011 00000000 ../.D...........
0x01d5f380: 00000000 01d5f3d0 122fb728 00000000 ........(./.....
0x01d5f390: 01d5f398 01d5f39c 01d5f3a4 2f308c32 ............2.0/
0x01d5f3a0: 75c8a41a 1236fa34 75c890d0 10a29e6c ...u4.6....ul...
0x01d5f3b0: 75cfbc50 75c89138 0ce22af0 00000001 P..u8..u.*......
0x01d5f3c0: 10a29e30 01d5f434 00000000 fffffffe 0...4...........
0x01d5f3d0: 00000001 00000002 9bfe44a9 01d5f3f0 .........D......
0x01d5f3e0: 75c0077f 0ce22b94 75c0078a 9bfe4485 ...u.+.....u.D..
0x01d5f3f0: 01d5f404 755ce93e 1236fa34 755ce949 ....>.\u4.6.I.\u
0x01d5f400: 5911a93c 01d5f454 6927414e 5911a910 <..YT...NA'i...Y
0x01d5f410: 01d5ef1c 01d5f540 01d5f4b0 755d4aa0 ....@........J]u
0x01d5f420: 2da7fd18 00000001 01d5f448 75c03a80 ...-....H....:.u
0x01d5f430: 693118d8 69314fe0 01d5f460 01d5f544 ..1i.O1i`...D...
0x01d5f440: 10a29eb8 00000020 01d5f458 75cf2abf .... ...X....*.u
0x01d5f450: 01d5f460 00000003 01d5f4bc 69269653 `...........S.&i
0x01d5f460: 1236fa7c 10a29e5c ffffffff 00000001 |.6.\...........
0x01d5f470: 01d5f544 01d5f4a4 01d5f4a8 902f59d4 D............Y/.
0x01d5f480: 04192b08 015d4bb4 00000000 03b5d610 .+...K].........
0x01d5f490: 01d5f4a8 0092556f 04192b00 04192b00 ....oU...+...+..
0x01d5f4a0: 01830000 00000000 00000000 902f59d4 .............Y/.
0x01d5f4b0: 01d5fb64 69277b58 ffffffff 01d5f534 d...X{'i....4...
0x01d5f4c0: 0093532f 10a29eb8 ffffffff 00000001 /S..............
0x01d5f4d0: 01d5f540 01d5f544 00000010 00000010 @...D...........
0x01d5f4e0: 00000000 0081fc24 041cf1b0 01d5f56c ....$.......l...
0x01d5f4f0: 0000000e 00000018 01d5f56c 0000000a ........l.......
0x01d5f500: 041cf1b0 01d5f56c 01d5f4f4 01d5f56c ....l.......l...
0x01d5f510: 00000018 01d5f534 0082ec14 00000000 ....4...........
0x01d5f520: 00000000 00000000 00000010 10cf3d80 .............=..
0x01d5f530: 10a29eb8 01d5f58c 009355c7 01d5f550 .........U..P...
0x01d5f540: 00000000 00000000 04f22750 00000000 ........P'......
0x01d5f550: 354a5242 46303334 32004242 00004d36 BRJ5430FBB.26M..
0x01d5f560: 0000000a 0000000f 041c0430 041cf1b0 ........0.......
0x01d5f570: 47413045 32473941 00004d36 00000018 E0AGA9G26M......
0x01d5f580: 0000001f 01d5f680 10cf3d80 01d5f680 .........=......
0x01d5f590: 00e134f5 00000010 04f22750 00000000 .4......P'......
0x01d5f5a0: 01d5f5b8 00925185 041c1f90 00000010 .....Q..........
0x01d5f5b0: 00000010 01830000 01d5f5f0 342e3575 ............u5.4
0x01d5f5c0: 3266322e 00000000 0000002f 00000008 .2f2..../.......
0x01d5f5d0: 0000000f 00000000 041c0430 00927292 ........0....r..
0x01d5f5e0: 00000030 00000010 00000020 0000002f 0....... .../...
0x01d5f5f0: 01d5f610 646e6957 5073776f 6579616c ....WindowsPlaye
0x01d5f600: 00000072 0000000d 0000000f 0000004b r...........K...
0x01d5f610: 041c0430 0081f599 00000030 00000010 0.......0.......
0x01d5f620: 00000020 0000002f 015beea8 0000004b  .../.....[.K...
0x01d5f630: 01d5f664 0081fbc6 00000030 00000000 d.......0.......
0x01d5f640: 00000024 04f22760 342e3500 3266322e $...`'...5.4.2f2
0x01d5f650: 04f22700 01d5f640 00000000 0000000f .'..@...........
0x01d5f660: 01d5f680 041c0300 041c1f90 041c0490 ................
0x01d5f670: 00000024 00000000 0000000f 00000000 $...............
0x01d5f680: 01d5f688 00e124ba 01d5f698 00e12f97 .....$......./..
0x01d5f690: 00000001 04f22750 01d5f70c 00e1471b ....P'.......G..
0x01d5f6a0: 01d5f6b0 00000001 04f22750 00000000 ........P'......
0x01d5f6b0: 041c0490 00000760 b17cd425 00000002 ....`...%.|.....
0x01d5f6c0: 00000024 0000002f 00000010 01d5f600 $.../...........
0x01d5f6d0: 00926894 041c0490 b17cd425 00000000 .h......%.|.....
0x01d5f6e0: 0000000f 01d5fb64 774fd800 c7ff1759 ....d.....OwY...
0x01d5f6f0: fffffffe 01d5f730 00000000 0000000f ....0...........
0x01d5f700: 01662e0d 04f22750 01d5f71c 01d5f71c ..f.P'..........
0x01d5f710: 00e147e5 00000000 017e9670 01d5f738 .G......p.~.8...
0x01d5f720: 00e1485f 00000001 3af16ca4 3af16ca4 _H.......l.:.l.:
0x01d5f730: 00000000 00000000 01d5f76c 00e114d5 ........l.......
0x01d5f740: 04f22750 00000001 3af16ca4 3af16ca4 P'.......l.:.l.:
0x01d5f750: 00000000 00000000 01662e0d 04f226f8 ..........f..&..
0x01d5f760: 00000000 017e9670 00000000 01d5f7d4 ....p.~.........
0x01d5f770: 00e12144 00000001 3af16ca4 3af16ca4 D!.......l.:.l.:
0x01d5f780: 00000000 00000000 00000002 00000003 ................
0x01d5f790: 017e6350 041cf100 041cf190 041a63b0 Pc~..........c..
0x01d5f7a0: 01d5f810 00000000 0000000f 00000002 ................
0x01d5f7b0: 041c1f90 01d5f7a4 01d5fb64 00000000 ........d.......
0x01d5f7c0: 00000021 0000002f 01d5f7e4 2284ee60 !.../.......`.."
0x01d5f7d0: 00000000 01d5f7e0 00e1229a 00000001 ........."......
0x01d5f7e0: 01d5f808 00a5efa0 04f226f8 ffffffbc .........&......
0x01d5f7f0: 048f0e20 00000002 048f0e20 041a3a01  ....... ....:..
0x01d5f800: 048f0d90 017e632c 01d5f870 00a5fcaf ....,c~.p.......
0x01d5f810: ffffffbc 048f0e20 00000002 041a3a40 .... .......@:..
0x01d5f820: 048f0d90 041a3a01 041cf030 041cf030 .....:..0...0...
0x01d5f830: 00000000 048f0de4 01d5f84c 041cf050 ........L...P...
0x01d5f840: 00000000 041cf030 00000000 01d5f85c ....0.......\...
0x01d5f850: 009268f0 041cf030 00000008 01d5f894 .h..0...........
0x01d5f860: 00828700 041cf030 048f0d90 048f0d90 ....0...........
0x01d5f870: 01d5f894 00a5fe6f 041a3a40 048f0d90 ....o...@:......
0x01d5f880: 00a5eb9a 00000010 041a3a40 00000001 ........@:......
0x01d5f890: 041a3a40 01d5f8b4 00a5ec2a 00000002 @:......*.......
0x01d5f8a0: 7fffffff 00000010 048f0d90 00000000 ................
0x01d5f8b0: 00000001 01d5f8c4 009081f1 0000000f ................
0x01d5f8c0: 04907c60 01d5f958 00a3adec 01d5f8f0 `|..X...........
0x01d5f8d0: 01d5f90c 01d5f928 01d5f944 00000000 ....(...D.......
0x01d5f8e0: 00000002 75152480 75146760 00000004 .....$.u`g.u....
0x01d5f8f0: 041cf0d0 01d5f92c 00891094 01d5f92c ....,.......,...
0x01d5f900: 00000016 0000001f 017edbcc 6576656c ..........~.leve
0x01d5f910: 0000306c 00000000 00000000 00000006 l0..............
0x01d5f920: 0000000f 00000000 041cf0b0 01d5f948 ............H...
0x01d5f930: 00907286 041cf0d0 00000014 0000001f .r..............
0x01d5f940: 00000000 00000000 00000000 00000000 ................
0x01d5f950: 00000000 75146760 01d5f994 00a3ae92 ....`g.u........
0x01d5f960: 00000000 00ad1852 00ad2079 00000000 ....R...y ......
0x01d5f970: 00000001 000d08e8 000000ff 00000001 ................
0x01d5f980: 6a520551 014dc734 00000287 0000003f Q.Rj4.M.....?...
0x01d5f990: 00000700 01d5facc 00ad40ae 00efdbdb .........@......
0x01d5f9a0: 00000000 01aa9000 0418b5b0 01c0003f ............?...
0x01d5f9b0: 000001ff 00000000 0000002e 0000002f ............/...
0x01d5f9c0: 00000fff 04187910 7fffffff 023f1d00 .....y........?.
0x01d5f9d0: 01703de0 00000033 0000003f 00f1c580 .=p.3...?.......
0x01d5f9e0: 023f1d00 01703de0 00000010 00000010 ..?..=p.........
0x01d5f9f0: 7fffffff 00000000 017bf548 023f1938 ........H.{.8.?.
0x01d5fa00: 00000010 01d5fa00 01d5fa38 00f19240 ........8...@...
0x01d5fa10: 023f1d00 01703de0 04187a10 01d5fa28 ..?..=p..z..(...
0x01d5fa20: 7fffffff 00000000 00000034 0000003f ........4...?...
0x01d5fa30: 023f05a8 0418b670 01d5fa68 00f0a72c ..?.p...h...,...
0x01d5fa40: 023f1d00 00000025 0000002f 01d5f988 ..?.%.../.......
0x01d5fa50: 616e614d 00646567 6c65746e 00000000 Managed.ntel....
0x01d5fa60: 00000007 0000000f 01d5fa74 04187950 ........t...Py..
0x01d5fa70: 04187988 04187988 0000000d 03b5c040 .y...y......@...
0x01d5fa80: 65646900 646e6957 6c00776f 01d5006c .ideWindow.ll...
0x01d5fa90: 00000000 0000000f 00000000 00000000 ................
0x01d5faa0: 65726100 5748746e 0000444e 01e43de5 .arentHWND...=..
0x01d5fab0: 00000000 0000000f 00000000 03b5c040 ............@...
0x01d5fac0: 03b5c080 00000000 00100801 01d5fae4 ................
0x01d5fad0: 00ece478 00810000 00000000 01e43de7 x............=..
0x01d5fae0: 00000001 01d5fb74 00efdb88 00810000 ....t...........
0x01d5faf0: 00000000 01e43de7 00000001 d165e908 .....=........e.
0x01d5fb00: 00efdbdb 00efdbdb 01aa9000 00000044 ............D...
0x01d5fb10: 01e421c0 01e421a0 01e42156 00000000 .!...!..V!......
0x01d5fb20: 00000000 00000000 00000000 00000000 ................
0x01d5fb30: 00000000 00000000 00000401 00000001 ................
0x01d5fb40: 00000000 00000000 00010001 00000000 ................
0x01d5fb50: 01d5fb60 00efdbdb 00000000 01d5fafc `...............
0x01d5fb60: e49e0914 01d5fbc0 00eff500 d1c729c4 .............)..
0x01d5fb70: 00000000 01d5fb88 753c62c4 01aa9000 .........b<u....
0x01d5fb80: 753c62a0 15e06485 01d5fbd0 77c20fd9 .b<u.d.........w
0x01d5fb90: 01aa9000 b305214d 00000000 00000000 ....M!..........
0x01d5fba0: 01aa9000 00000000 00000000 00000000 ................
0x01d5fbb0: 00000000 b305214d 01d5fb94 00000000 ....M!..........
0x01d5fbc0: 01d5fbd8 77c367b0 c51b5d8d 00000000 .....g.w.]......
0x01d5fbd0: 01d5fbe0 77c20fa4 ffffffff 77c42ed1 .......w.......w
0x01d5fbe0: 00000000 00000000 00efdbdb 01aa9000 ................
0x01d5fbf0: 00000000 00000000 00000000 00000000 ................
0x01d5fc00: 00000000 00000000 00000000 00000000 ................
0x01d5fc10: 00000000 00000000 00000000 00000000 ................
0x01d5fc20: 00000000 00000000 00000000 00000000 ................
0x01d5fc30: 00000000 00000000 00000000 00000000 ................
0x01d5fc40: 00000000 00000000 00000000 00000000 ................
0x01d5fc50: 00000000 00000000 00000000 00000000 ................
0x01d5fc60: 00000000 00000000 00000000 00000000 ................
0x01d5fc70: 00000000 00000000 00000000 00000000 ................
0x01d5fc80: 00000000 00000000 00000000 00000000 ................
0x01d5fc90: 00000000 00000000 00000000 00000000 ................
0x01d5fca0: 00000000 00000000 00000000 00000000 ................
0x01d5fcb0: 00000000 00000000 00000000 00000000 ................
0x01d5fcc0: 00000000 00000000 00000000 00000000 ................
0x01d5fcd0: 00000000 00000000 00000000 00000000 ................
0x01d5fce0: 00000000 00000000 00000000 00000000 ................
0x01d5fcf0: 00000000 00000000 00000000 00000000 ................
0x01d5fd00: 00000000 00000000 00000000 00000000 ................
0x01d5fd10: 00000000 00000000 00000000 00000000 ................
0x01d5fd20: 00000000 00000000 00000000 00000000 ................
0x01d5fd30: 00000000 00000000 00000000 00000000 ................
0x01d5fd40: 00000000 00000000 00000000 00000000 ................
0x01d5fd50: 00000000 00000000 00000000 00000000 ................
0x01d5fd60: 00000000 00000000 00000000 00000000 ................
0x01d5fd70: 00000000 00000000 00000000 00000000 ................
0x01d5fd80: 00000000 00000000 00000000 00000000 ................
0x01d5fd90: 00000000 00000000 00000000 00000000 ................
0x01d5fda0: 00000000 00000000 00000000 00000000 ................
0x01d5fdb0: 00000000 00000000 00000000 00000000 ................
0x01d5fdc0: 00000000 00000000 00000000 00000000 ................
0x01d5fdd0: 00000000 00000000 00000000 00000000 ................
0x01d5fde0: 00000000 00000000 00000000 00000000 ................
0x01d5fdf0: 00000000 00000000 00000000 00000000 ................
0x01d5fe00: 00000000 00000000 00000000 00000000 ................
0x01d5fe10: 00000000 00000000 00000000 00000000 ................
0x01d5fe20: 00000000 00000000 00000000 00000000 ................
0x01d5fe30: 00000000 00000000 00000000 00000000 ................
0x01d5fe40: 00000000 00000000 00000000 00000000 ................
0x01d5fe50: 00000000 00000000 00000000 00000000 ................
0x01d5fe60: 00000000 00000000 00000000 00000000 ................
0x01d5fe70: 00000000 00000000 00000000 00000000 ................
0x01d5fe80: 00000000 00000000 00000000 00000000 ................
0x01d5fe90: 00000000 00000000 00000000 00000000 ................
0x01d5fea0: 00000000 00000000 00000000 00000000 ................
0x01d5feb0: 00000000 00000000 00000000 00000000 ................
0x01d5fec0: 00000000 00000000 00000000 00000000 ................
0x01d5fed0: 00000000 00000000 00000000 00000000 ................
0x01d5fee0: 00000000 00000000 00000000 00000000 ................
0x01d5fef0: 00000000 00000000 00000000 00000000 ................
0x01d5ff00: 00000000 00000000 00000000 00000000 ................
0x01d5ff10: 00000000 00000000 00000000 00000000 ................
0x01d5ff20: 00000000 00000000 00000000 00000000 ................
0x01d5ff30: 00000000 00000000 00000000 00000000 ................
0x01d5ff40: 00000000 00000000 00000000 00000000 ................
0x01d5ff50: 00000000 00000000 00000000 00000000 ................
0x01d5ff60: 00000000 00000000 00000000 00000000 ................
0x01d5ff70: 00000000 00000000 00000000 00000000 ................
0x01d5ff80: 00000000 00000000 00000000 00000000 ................
0x01d5ff90: 00000000 00000000 00000000 00000000 ................
0x01d5ffa0: 00000000 00000000 00000000 00000000 ................
0x01d5ffb0: 00000000 00000000 00000000 00000000 ................
0x01d5ffc0: 00000000 00000000 00000000 00000000 ................
0x01d5ffd0: 00000000 00000000 00000000 00000000 ................
0x01d5ffe0: 00000000 00000000 00000000 00000000 ................
0x01d5fff0: 00000000 00000000 00000000 00000000 ................

Module 1
D:\Projects\Unity\DBZ Contra\dbz.exe
Image Base: 0x00810000  Image Size: 0x011b9000
File Size:  17737216    File Time:  2016-10-20_052638
Version:
   Company:    
   Product:    
   FileDesc:   
   FileVer:    5.4.2.57392
   ProdVer:    5.4.2.57392

Module 2
C:\WINDOWS\System32\DriverStore\FileRepository\nvhm.inf_amd64_6e0cf60def1446c6\nvwgf2um.dll
Image Base: 0x07790000  Image Size: 0x0133f000
File Size:  20606952    File Time:  2016-12-02_020832
Version:
   Company:    NVIDIA Corporation
   Product:    NVIDIA D3D10 drivers
   FileDesc:   NVIDIA D3D10 Driver, Version 373.19 
   FileVer:    21.21.13.7319
   ProdVer:    21.21.13.7319

Module 3
D:\Projects\Unity\DBZ Contra\dbz_Data\Mono\mono.dll
Image Base: 0x10000000  Image Size: 0x00230000
File Size:  2113496     File Time:  2016-10-20_053136
Version:
   Company:    Unity Technologies
   Product:    libmono
   FileDesc:   Unity Technologies fork of mono runtime
   FileVer:    1.0.0.1
   ProdVer:    1.0.0.1

Module 4
C:\WINDOWS\system32\nvapi.dll
Image Base: 0x501e0000  Image Size: 0x00383000
File Size:  3535776     File Time:  2016-12-02_020830
Version:
   Company:    NVIDIA Corporation
   Product:    NVIDIA Windows drivers
   FileDesc:   NVIDIA NVAPI Library, Version 373.19 
   FileVer:    21.21.13.7319
   ProdVer:    21.21.13.7319

Module 5
C:\WINDOWS\system32\nvspcap.dll
Image Base: 0x50570000  Image Size: 0x00151000
File Size:  1377800     File Time:  2016-06-14_180128
Version:
   Company:    NVIDIA Corporation
   Product:    NVIDIA GeForce Experience
   FileDesc:   NVIDIA Capture Server Proxy
   FileVer:    2.11.4.0
   ProdVer:    2.11.4.0

Module 6
C:\WINDOWS\SYSTEM32\wdmaud.drv
Image Base: 0x56340000  Image Size: 0x00039000
File Size:  207360      File Time:  2016-07-16_094250
Version:
   Company:    Microsoft Corporation
   Product:    Microsoft® Windows® Operating System
   FileDesc:   Winmm  audio system driver
   FileVer:    10.0.14393.0
   ProdVer:    10.0.14393.0

Module 7
C:\WINDOWS\SYSTEM32\xinput9_1_0.dll
Image Base: 0x56970000  Image Size: 0x00007000
File Size:  9216        File Time:  2016-07-16_094306
Version:
   Company:    Microsoft Corporation
   Product:    Microsoft® Windows® Operating System
   FileDesc:   XNA Common Controller
   FileVer:    10.0.14393.0
   ProdVer:    10.0.14393.0

Module 8
C:\WINDOWS\SYSTEM32\midimap.dll
Image Base: 0x56980000  Image Size: 0x00008000
File Size:  18944       File Time:  2016-07-16_094250
Version:
   Company:    Microsoft Corporation
   Product:    Microsoft® Windows® Operating System
   FileDesc:   Microsoft MIDI Mapper
   FileVer:    10.0.14393.0
   ProdVer:    10.0.14393.0

Module 9
C:\WINDOWS\SYSTEM32\msacm32.drv
Image Base: 0x56990000  Image Size: 0x0000a000
File Size:  24576       File Time:  2016-07-16_094250
Version:
   Company:    Microsoft Corporation
   Product:    Microsoft® Windows® Operating System
   FileDesc:   Microsoft Sound Mapper
   FileVer:    10.0.14393.0
   ProdVer:    10.0.14393.0

Module 10
C:\WINDOWS\SYSTEM32\ig75icd32.dll
Image Base: 0x5e4a0000  Image Size: 0x00865000
File Size:  8732168     File Time:  2016-11-01_230524
Version:
   Company:    Intel Corporation
   Product:    Intel HD Graphics Drivers for Windows(R)
   FileDesc:   OpenGL(R) Driver for Intel(R) Graphics Accelerator
   FileVer:    20.19.15.4531
   ProdVer:    20.19.15.4531

Module 11
C:\WINDOWS\SYSTEM32\DDRAW.dll
Image Base: 0x61ce0000  Image Size: 0x000ed000
File Size:  548352      File Time:  2016-12-06_152028
Version:
   Company:    Microsoft Corporation
   Product:    Microsoft® Windows® Operating System
   FileDesc:   Microsoft DirectDraw
   FileVer:    10.0.14393.447
   ProdVer:    10.0.14393.447

Module 12
C:\WINDOWS\SYSTEM32\GLU32.dll
Image Base: 0x61dd0000  Image Size: 0x00025000
File Size:  141312      File Time:  2016-07-16_094306
Version:
   Company:    Microsoft Corporation
   Product:    Microsoft® Windows® Operating System
   FileDesc:   OpenGL Utility Library DLL
   FileVer:    10.0.14393.0
   ProdVer:    10.0.14393.0

Module 13
C:\WINDOWS\SYSTEM32\OPENGL32.dll
Image Base: 0x61e00000  Image Size: 0x000e0000
File Size:  786944      File Time:  2016-07-16_094306
Version:
   Company:    Microsoft Corporation
   Product:    Microsoft® Windows® Operating System
   FileDesc:   OpenGL Client DLL
   FileVer:    10.0.14393.0
   ProdVer:    10.0.14393.0

Module 14
C:\WINDOWS\system32\wbem\fastprox.dll
Image Base: 0x69240000  Image Size: 0x000c2000
File Size:  779776      File Time:  2016-07-16_094258
Version:
   Company:    Microsoft Corporation
   Product:    Microsoft® Windows® Operating System
   FileDesc:   WMI Custom Marshaller
   FileVer:    10.0.14393.0
   ProdVer:    10.0.14393.0

Module 15
C:\WINDOWS\system32\wbem\wbemsvc.dll
Image Base: 0x69310000  Image Size: 0x00010000
File Size:  48640       File Time:  2016-07-16_094258
Version:
   Company:    Microsoft Corporation
   Product:    Microsoft® Windows® Operating System
   FileDesc:   WMI
   FileVer:    10.0.14393.0
   ProdVer:    10.0.14393.0

Module 16
C:\WINDOWS\SYSTEM32\wbemcomn.dll
Image Base: 0x69800000  Image Size: 0x00067000
File Size:  391168      File Time:  2016-07-16_094258
Version:
   Company:    Microsoft Corporation
   Product:    Microsoft® Windows® Operating System
   FileDesc:   WMI
   FileVer:    10.0.14393.0
   ProdVer:    10.0.14393.0

Module 17
C:\WINDOWS\SYSTEM32\igdusc32.dll
Image Base: 0x69de0000  Image Size: 0x008cb000
File Size:  5140472     File Time:  2016-11-01_230602
Version:
   Company:    Intel Corporation
   Product:    Intel HD Graphics Drivers for Windows(R)
   FileDesc:   Unified Shader Compiler for Intel(R) Graphics Accelerator
   FileVer:    20.19.15.4531
   ProdVer:    20.19.15.4531

Module 18
C:\WINDOWS\system32\wbem\wbemprox.dll
Image Base: 0x6b290000  Image Size: 0x0000d000
File Size:  35328       File Time:  2016-07-16_094258
Version:
   Company:    Microsoft Corporation
   Product:    Microsoft® Windows® Operating System
   FileDesc:   WMI
   FileVer:    10.0.14393.0
   ProdVer:    10.0.14393.0

Module 19
C:\WINDOWS\System32\fwpuclnt.dll
Image Base: 0x6c170000  Image Size: 0x00049000
File Size:  279040      File Time:  2016-07-16_094256
Version:
   Company:    Microsoft Corporation
   Product:    Microsoft® Windows® Operating System
   FileDesc:   FWP/IPsec User-Mode API
   FileVer:    10.0.14393.0
   ProdVer:    10.0.14393.0

Module 20
C:\Windows\System32\rasadhlp.dll
Image Base: 0x6c8e0000  Image Size: 0x00008000
File Size:  13312       File Time:  2016-07-16_094302
Version:
   Company:    Microsoft Corporation
   Product:    Microsoft® Windows® Operating System
   FileDesc:   Remote Access AutoDial Helper
   FileVer:    10.0.14393.0
   ProdVer:    10.0.14393.0

Module 21
C:\WINDOWS\System32\PROPSYS.dll
Image Base: 0x6f730000  Image Size: 0x0014f000
File Size:  1375456     File Time:  2016-07-16_094256
Version:
   Company:    Microsoft Corporation
   Product:    Windows® Search
   FileDesc:   Microsoft Property System
   FileVer:    7.0.14393.0
   ProdVer:    7.0.14393.0

Module 22
C:\WINDOWS\System32\MMDevApi.dll
Image Base: 0x6f880000  Image Size: 0x00058000
File Size:  352768      File Time:  2016-07-16_094250
Version:
   Company:    Microsoft Corporation
   Product:    Microsoft® Windows® Operating System
   FileDesc:   MMDevice API
   FileVer:    10.0.14393.0
   ProdVer:    10.0.14393.0

Module 23
C:\WINDOWS\SYSTEM32\wintypes.dll
Image Base: 0x6f8e0000  Image Size: 0x000cf000
File Size:  846560      File Time:  2016-12-09_075926
Version:
   Company:    Microsoft Corporation
   Product:    Microsoft® Windows® Operating System
   FileDesc:   Windows Base Types DLL
   FileVer:    10.0.14393.576
   ProdVer:    10.0.14393.576

Module 24
C:\WINDOWS\SYSTEM32\AUDIOSES.DLL
Image Base: 0x6f9b0000  Image Size: 0x0007b000
File Size:  484584      File Time:  2016-11-11_063942
Version:
   Company:    Microsoft Corporation
   Product:    Microsoft® Windows® Operating System
   FileDesc:   Audio Session
   FileVer:    10.0.14393.479
   ProdVer:    10.0.14393.479

Module 25
C:\WINDOWS\SYSTEM32\DCIMAN32.dll
Image Base: 0x6faa0000  Image Size: 0x00007000
File Size:  11776       File Time:  2016-07-16_094250
Version:
   Company:    Microsoft Corporation
   Product:    Microsoft® Windows® Operating System
   FileDesc:   DCI Manager
   FileVer:    10.0.14393.0
   ProdVer:    10.0.14393.0

Module 26
C:\WINDOWS\SYSTEM32\d3d11.dll
Image Base: 0x70010000  Image Size: 0x0022f000
File Size:  2277248     File Time:  2016-11-11_054802
Version:
   Company:    Microsoft Corporation
   Product:    Microsoft® Windows® Operating System
   FileDesc:   Direct3D 11 Runtime
   FileVer:    10.0.14393.479
   ProdVer:    10.0.14393.479

Module 27
C:\WINDOWS\SYSTEM32\HID.DLL
Image Base: 0x70290000  Image Size: 0x0000a000
File Size:  25600       File Time:  2016-07-16_094250
Version:
   Company:    Microsoft Corporation
   Product:    Microsoft® Windows® Operating System
   FileDesc:   Hid User Library
   FileVer:    10.0.14393.0
   ProdVer:    10.0.14393.0

Module 28
C:\WINDOWS\SYSTEM32\dbghelp.dll
Image Base: 0x72a70000  Image Size: 0x00145000
File Size:  1220608     File Time:  2016-07-16_094258
Version:
   Company:    Microsoft
   Product:    Microsoft® Windows® Operating System
   FileDesc:   Windows Image Helper
   FileVer:    10.0.14321.1024
   ProdVer:    10.0.14321.1024

Module 29
C:\WINDOWS\SYSTEM32\WINMMBASE.dll
Image Base: 0x72c80000  Image Size: 0x00023000
File Size:  131208      File Time:  2016-07-16_094250
Version:
   Company:    Microsoft Corporation
   Product:    Microsoft® Windows® Operating System
   FileDesc:   Base Multimedia Extension API DLL
   FileVer:    10.0.14393.0
   ProdVer:    10.0.14393.0

Module 30
C:\WINDOWS\SYSTEM32\MSACM32.dll
Image Base: 0x72d40000  Image Size: 0x00018000
File Size:  90912       File Time:  2016-07-16_094250
Version:
   Company:    Microsoft Corporation
   Product:    Microsoft® Windows® Operating System
   FileDesc:   Microsoft ACM Audio Filter
   FileVer:    10.0.14393.0
   ProdVer:    10.0.14393.0

Module 31
C:\WINDOWS\SYSTEM32\WINMM.dll
Image Base: 0x72d80000  Image Size: 0x00024000
File Size:  135376      File Time:  2016-07-16_094250
Version:
   Company:    Microsoft Corporation
   Product:    Microsoft® Windows® Operating System
   FileDesc:   MCI API DLL
   FileVer:    10.0.14393.0
   ProdVer:    10.0.14393.0

Module 32
C:\WINDOWS\SYSTEM32\ksuser.dll
Image Base: 0x73020000  Image Size: 0x00007000
File Size:  20672       File Time:  2016-07-16_094250
Version:
   Company:    Microsoft Corporation
   Product:    Microsoft® Windows® Operating System
   FileDesc:   User CSA Library
   FileVer:    10.0.14393.0
   ProdVer:    10.0.14393.0

Module 33
C:\WINDOWS\SYSTEM32\bcrypt.dll
Image Base: 0x73040000  Image Size: 0x0001b000
File Size:  106896      File Time:  2016-12-09_080100
Version:
   Company:    Microsoft Corporation
   Product:    Microsoft® Windows® Operating System
   FileDesc:   Windows Cryptographic Primitives Library
   FileVer:    10.0.14393.576
   ProdVer:    10.0.14393.576

Module 34
C:\WINDOWS\WinSxS\x86_microsoft.windows.common-controls_6595b64144ccf1df_6.0.14393.447_none_89c64d28dafea4b9\comctl32.dll
Image Base: 0x73400000  Image Size: 0x0020a000
File Size:  2122080     File Time:  2016-12-06_152050
Version:
   Company:    Microsoft Corporation
   Product:    Microsoft® Windows® Operating System
   FileDesc:   User Experience Controls Library
   FileVer:    6.10.14393.447
   ProdVer:    10.0.14393.447

Module 35
C:\WINDOWS\SYSTEM32\DEVOBJ.dll
Image Base: 0x73610000  Image Size: 0x00022000
File Size:  132232      File Time:  2016-07-16_094256
Version:
   Company:    Microsoft Corporation
   Product:    Microsoft® Windows® Operating System
   FileDesc:   Device Information Set DLL
   FileVer:    10.0.14393.0
   ProdVer:    10.0.14393.0

Module 36
C:\WINDOWS\SYSTEM32\dhcpcsvc.DLL
Image Base: 0x73690000  Image Size: 0x00014000
File Size:  63488       File Time:  2016-07-16_094256
Version:
   Company:    Microsoft Corporation
   Product:    Microsoft® Windows® Operating System
   FileDesc:   DHCP Client Service
   FileVer:    10.0.14393.0
   ProdVer:    10.0.14393.0

Module 37
C:\WINDOWS\SYSTEM32\dhcpcsvc6.DLL
Image Base: 0x736b0000  Image Size: 0x00013000
File Size:  57344       File Time:  2016-07-16_094256
Version:
   Company:    Microsoft Corporation
   Product:    Microsoft® Windows® Operating System
   FileDesc:   DHCPv6 Client
   FileVer:    10.0.14393.0
   ProdVer:    10.0.14393.0

Module 38
C:\WINDOWS\system32\rsaenh.dll
Image Base: 0x73750000  Image Size: 0x0002f000
File Size:  184416      File Time:  2016-07-16_094256
Version:
   Company:    Microsoft Corporation
   Product:    Microsoft® Windows® Operating System
   FileDesc:   Microsoft Enhanced Cryptographic Provider
   FileVer:    10.0.14393.0
   ProdVer:    10.0.14393.0

Module 39
C:\WINDOWS\SYSTEM32\CRYPTSP.dll
Image Base: 0x73780000  Image Size: 0x00013000
File Size:  68720       File Time:  2016-07-16_094256
Version:
   Company:    Microsoft Corporation
   Product:    Microsoft® Windows® Operating System
   FileDesc:   Cryptographic Service Provider API
   FileVer:    10.0.14393.0
   ProdVer:    10.0.14393.0

Module 40
C:\WINDOWS\SYSTEM32\dxgi.dll
Image Base: 0x737d0000  Image Size: 0x00084000
File Size:  527880      File Time:  2016-11-11_054746
Version:
   Company:    Microsoft Corporation
   Product:    Microsoft® Windows® Operating System
   FileDesc:   DirectX Graphics Infrastructure
   FileVer:    10.0.14393.479
   ProdVer:    10.0.14393.479

Module 41
C:\WINDOWS\SYSTEM32\AVRT.dll
Image Base: 0x73a90000  Image Size: 0x00009000
File Size:  29448       File Time:  2016-07-16_094250
Version:
   Company:    Microsoft Corporation
   Product:    Microsoft® Windows® Operating System
   FileDesc:   Multimedia Realtime Runtime
   FileVer:    10.0.14393.0
   ProdVer:    10.0.14393.0

Module 42
C:\WINDOWS\SYSTEM32\dwmapi.dll
Image Base: 0x73c30000  Image Size: 0x0001f000
File Size:  113504      File Time:  2016-12-06_152028
Version:
   Company:    Microsoft Corporation
   Product:    Microsoft® Windows® Operating System
   FileDesc:   Microsoft Desktop Window Manager API
   FileVer:    10.0.14393.206
   ProdVer:    10.0.14393.206

Module 43
C:\WINDOWS\SYSTEM32\ntmarta.dll
Image Base: 0x73ce0000  Image Size: 0x00028000
File Size:  154432      File Time:  2016-07-16_094256
Version:
   Company:    Microsoft Corporation
   Product:    Microsoft® Windows® Operating System
   FileDesc:   Windows NT MARTA provider
   FileVer:    10.0.14393.0
   ProdVer:    10.0.14393.0

Module 44
C:\WINDOWS\SYSTEM32\DNSAPI.dll
Image Base: 0x74330000  Image Size: 0x0007c000
File Size:  496872      File Time:  2016-12-06_152034
Version:
   Company:    Microsoft Corporation
   Product:    Microsoft® Windows® Operating System
   FileDesc:   DNS Client API DLL
   FileVer:    10.0.14393.206
   ProdVer:    10.0.14393.206

Module 45
C:\WINDOWS\SYSTEM32\MSWSOCK.dll
Image Base: 0x743b0000  Image Size: 0x0004e000
File Size:  306016      File Time:  2016-07-16_094256
Version:
   Company:    Microsoft Corporation
   Product:    Microsoft® Windows® Operating System
   FileDesc:   Microsoft Windows Sockets 2.0 Service Provider
   FileVer:    10.0.14393.0
   ProdVer:    10.0.14393.0

Module 46
C:\WINDOWS\system32\uxtheme.dll
Image Base: 0x74430000  Image Size: 0x00075000
File Size:  457728      File Time:  2016-07-16_094306
Version:
   Company:    Microsoft Corporation
   Product:    Microsoft® Windows® Operating System
   FileDesc:   Microsoft UxTheme Library
   FileVer:    10.0.14393.0
   ProdVer:    10.0.14393.0

Module 47
C:\Program Files (x86)\Bonjour\mdnsNSP.dll
Image Base: 0x744b0000  Image Size: 0x00021000
File Size:  121704      File Time:  2011-08-31_000502
Version:
   Company:    Apple Inc.
   Product:    Bonjour
   FileDesc:   Bonjour Namespace Provider
   FileVer:    3.0.0.10
   ProdVer:    3.0.0.10

Module 48
C:\WINDOWS\SYSTEM32\WINHTTP.dll
Image Base: 0x744e0000  Image Size: 0x000a0000
File Size:  636928      File Time:  2016-12-06_152028
Version:
   Company:    Microsoft Corporation
   Product:    Microsoft® Windows® Operating System
   FileDesc:   Windows HTTP Services
   FileVer:    10.0.14393.351
   ProdVer:    10.0.14393.351

Module 49
C:\WINDOWS\SYSTEM32\VERSION.dll
Image Base: 0x74580000  Image Size: 0x00008000
File Size:  27360       File Time:  2016-07-16_094306
Version:
   Company:    Microsoft Corporation
   Product:    Microsoft® Windows® Operating System
   FileDesc:   Version Checking and File Installation Libraries
   FileVer:    10.0.14393.0
   ProdVer:    10.0.14393.0

Module 50
C:\WINDOWS\SYSTEM32\IPHLPAPI.DLL
Image Base: 0x74590000  Image Size: 0x0002f000
File Size:  184416      File Time:  2016-07-16_094256
Version:
   Company:    Microsoft Corporation
   Product:    Microsoft® Windows® Operating System
   FileDesc:   IP Helper API
   FileVer:    10.0.14393.0
   ProdVer:    10.0.14393.0

Module 51
C:\WINDOWS\SYSTEM32\WTSAPI32.dll
Image Base: 0x745c0000  Image Size: 0x0000f000
File Size:  53216       File Time:  2016-07-16_094306
Version:
   Company:    Microsoft Corporation
   Product:    Microsoft® Windows® Operating System
   FileDesc:   Windows Remote Desktop Session Host Server SDK APIs
   FileVer:    10.0.14393.0
   ProdVer:    10.0.14393.0

Module 52
C:\WINDOWS\System32\CRYPTBASE.dll
Image Base: 0x74670000  Image Size: 0x0000a000
File Size:  31528       File Time:  2016-07-16_094250
Version:
   Company:    Microsoft Corporation
   Product:    Microsoft® Windows® Operating System
   FileDesc:   Base cryptographic API DLL
   FileVer:    10.0.14393.0
   ProdVer:    10.0.14393.0

Module 53
C:\WINDOWS\System32\SspiCli.dll
Image Base: 0x74680000  Image Size: 0x0001e000
File Size:  117240      File Time:  2016-12-09_075110
Version:
   Company:    Microsoft Corporation
   Product:    Microsoft® Windows® Operating System
   FileDesc:   Security Support Provider Interface
   FileVer:    10.0.14393.576
   ProdVer:    10.0.14393.576

Module 54
C:\WINDOWS\System32\msvcrt.dll
Image Base: 0x746a0000  Image Size: 0x000be000
File Size:  773168      File Time:  2016-07-16_094250
Version:
   Company:    Microsoft Corporation
   Product:    Microsoft® Windows® Operating System
   FileDesc:   Windows NT CRT DLL
   FileVer:    7.0.14393.0
   ProdVer:    10.0.14393.0

Module 55
C:\WINDOWS\System32\windows.storage.dll
Image Base: 0x747c0000  Image Size: 0x0056e000
File Size:  5722832     File Time:  2016-11-11_054716
Version:
   Company:    Microsoft Corporation
   Product:    Microsoft® Windows® Operating System
   FileDesc:   Microsoft WinRT Storage API
   FileVer:    10.0.14393.479
   ProdVer:    10.0.14393.479

Module 56
C:\WINDOWS\System32\gdi32full.dll
Image Base: 0x74d30000  Image Size: 0x0015b000
File Size:  1415752     File Time:  2016-12-09_075222
Version:
   Company:    Microsoft Corporation
   Product:    Microsoft® Windows® Operating System
   FileDesc:   GDI Client DLL
   FileVer:    10.0.14393.576
   ProdVer:    10.0.14393.576

Module 57
C:\WINDOWS\System32\MSCTF.dll
Image Base: 0x74f90000  Image Size: 0x00135000
File Size:  1263856     File Time:  2016-11-11_053820
Version:
   Company:    Microsoft Corporation
   Product:    Microsoft® Windows® Operating System
   FileDesc:   MSCTF Server DLL
   FileVer:    10.0.14393.479
   ProdVer:    10.0.14393.479

Module 58
C:\WINDOWS\System32\bcryptPrimitives.dll
Image Base: 0x750d0000  Image Size: 0x0005a000
File Size:  367208      File Time:  2016-07-16_094228
Version:
   Company:    Microsoft Corporation
   Product:    Microsoft® Windows® Operating System
   FileDesc:   Windows Cryptographic Primitives Library
   FileVer:    10.0.14393.0
   ProdVer:    10.0.14393.0

Module 59
C:\WINDOWS\System32\USER32.dll
Image Base: 0x75130000  Image Size: 0x0015f000
File Size:  1435896     File Time:  2016-12-09_075222
Version:
   Company:    Microsoft Corporation
   Product:    Microsoft® Windows® Operating System
   FileDesc:   Multi-User Windows USER API Client DLL
   FileVer:    10.0.14393.576
   ProdVer:    10.0.14393.576

Module 60
C:\WINDOWS\System32\ADVAPI32.dll
Image Base: 0x752b0000  Image Size: 0x00077000
File Size:  482392      File Time:  2016-07-16_094250
Version:
   Company:    Microsoft Corporation
   Product:    Microsoft® Windows® Operating System
   FileDesc:   Advanced Windows 32 Base API
   FileVer:    10.0.14393.0
   ProdVer:    10.0.14393.0

Module 61
C:\WINDOWS\System32\msvcp_win.dll
Image Base: 0x75330000  Image Size: 0x0007b000
File Size:  498408      File Time:  2016-07-16_094256
Version:
   Company:    Microsoft Corporation
   Product:    Microsoft® Windows® Operating System
   FileDesc:   Microsoft® C Runtime Library
   FileVer:    10.0.14393.0
   ProdVer:    10.0.14393.0

Module 62
C:\WINDOWS\System32\KERNEL32.DLL
Image Base: 0x753b0000  Image Size: 0x000e0000
File Size:  616048      File Time:  2016-07-16_094246
Version:
   Company:    Microsoft Corporation
   Product:    Microsoft® Windows® Operating System
   FileDesc:   Windows NT BASE API Client DLL
   FileVer:    10.0.14393.0
   ProdVer:    10.0.14393.0

Module 63
C:\WINDOWS\System32\cfgmgr32.dll
Image Base: 0x75490000  Image Size: 0x00036000
File Size:  213848      File Time:  2016-07-16_094256
Version:
   Company:    Microsoft Corporation
   Product:    Microsoft® Windows® Operating System
   FileDesc:   Configuration Manager DLL
   FileVer:    10.0.14393.0
   ProdVer:    10.0.14393.0

Module 64
C:\WINDOWS\System32\profapi.dll
Image Base: 0x754d0000  Image Size: 0x0000f000
File Size:  54752       File Time:  2016-07-16_094250
Version:
   Company:    Microsoft Corporation
   Product:    Microsoft® Windows® Operating System
   FileDesc:   User Profile Basic API
   FileVer:    10.0.14393.0
   ProdVer:    10.0.14393.0

Module 65
C:\WINDOWS\System32\PSAPI.DLL
Image Base: 0x75580000  Image Size: 0x00006000
File Size:  17048       File Time:  2016-07-16_094246
Version:
   Company:    Microsoft Corporation
   Product:    Microsoft® Windows® Operating System
   FileDesc:   Process Status Helper
   FileVer:    10.0.14393.0
   ProdVer:    10.0.14393.0

Module 66
C:\WINDOWS\System32\RPCRT4.dll
Image Base: 0x75590000  Image Size: 0x000c1000
File Size:  790760      File Time:  2016-12-06_152046
Version:
   Company:    Microsoft Corporation
   Product:    Microsoft® Windows® Operating System
   FileDesc:   Remote Procedure Call Runtime
   FileVer:    10.0.14393.82
   ProdVer:    10.0.14393.82

Module 67
C:\WINDOWS\System32\MSASN1.dll
Image Base: 0x75660000  Image Size: 0x0000e000
File Size:  49080       File Time:  2016-07-16_094256
Version:
   Company:    Microsoft Corporation
   Product:    Microsoft® Windows® Operating System
   FileDesc:   ASN.1 Runtime APIs
   FileVer:    10.0.14393.0
   ProdVer:    10.0.14393.0

Module 68
C:\WINDOWS\System32\WINTRUST.dll
Image Base: 0x75670000  Image Size: 0x00044000
File Size:  272720      File Time:  2016-12-06_152028
Version:
   Company:    Microsoft Corporation
   Product:    Microsoft® Windows® Operating System
   FileDesc:   Microsoft Trust Verification APIs
   FileVer:    10.0.14393.351
   ProdVer:    10.0.14393.351

Module 69
C:\WINDOWS\System32\sechost.dll
Image Base: 0x756c0000  Image Size: 0x00041000
File Size:  255168      File Time:  2016-07-16_094250
Version:
   Company:    Microsoft Corporation
   Product:    Microsoft® Windows® Operating System
   FileDesc:   Host for SCM/SDDL/LSA Lookup APIs
   FileVer:    10.0.14393.0
   ProdVer:    10.0.14393.0

Module 70
C:\WINDOWS\System32\SETUPAPI.dll
Image Base: 0x75710000  Image Size: 0x0040b000
File Size:  4268368     File Time:  2016-07-16_094246
Version:
   Company:    Microsoft Corporation
   Product:    Microsoft® Windows® Operating System
   FileDesc:   Windows Setup API
   FileVer:    10.0.14393.0
   ProdVer:    10.0.14393.0

Module 71
C:\WINDOWS\System32\WS2_32.dll
Image Base: 0x75b20000  Image Size: 0x00063000
File Size:  402352      File Time:  2016-12-06_152046
Version:
   Company:    Microsoft Corporation
   Product:    Microsoft® Windows® Operating System
   FileDesc:   Windows Socket 2.0 32-Bit DLL
   FileVer:    10.0.14393.206
   ProdVer:    10.0.14393.206

Module 72
C:\WINDOWS\System32\powrprof.dll
Image Base: 0x75b90000  Image Size: 0x00045000
File Size:  275832      File Time:  2016-07-16_094256
Version:
   Company:    Microsoft Corporation
   Product:    Microsoft® Windows® Operating System
   FileDesc:   Power Profile Helper DLL
   FileVer:    10.0.14393.0
   ProdVer:    10.0.14393.0

Module 73
C:\WINDOWS\System32\combase.dll
Image Base: 0x75be0000  Image Size: 0x00211000
File Size:  2166752     File Time:  2016-12-09_075926
Version:
   Company:    Microsoft Corporation
   Product:    Microsoft® Windows® Operating System
   FileDesc:   Microsoft COM for Windows
   FileVer:    10.0.14393.576
   ProdVer:    10.0.14393.576

Module 74
C:\WINDOWS\System32\SHELL32.dll
Image Base: 0x75e00000  Image Size: 0x013d9000
File Size:  20969928    File Time:  2016-11-11_054300
Version:
   Company:    Microsoft Corporation
   Product:    Microsoft® Windows® Operating System
   FileDesc:   Windows Shell Common Dll
   FileVer:    10.0.14393.479
   ProdVer:    10.0.14393.479

Module 75
C:\WINDOWS\System32\clbcatq.dll
Image Base: 0x771e0000  Image Size: 0x00084000
File Size:  528360      File Time:  2016-07-16_094248
Version:
   Company:    Microsoft Corporation
   Product:    Microsoft® Windows® Operating System
   FileDesc:   COM+ Configuration Catalog
   FileVer:    2001.12.10941.16384
   ProdVer:    10.0.14393.0

Module 76
C:\WINDOWS\System32\shcore.dll
Image Base: 0x77270000  Image Size: 0x00088000
File Size:  549088      File Time:  2016-07-16_094244
Version:
   Company:    Microsoft Corporation
   Product:    Microsoft® Windows® Operating System
   FileDesc:   SHCORE
   FileVer:    10.0.14393.0
   ProdVer:    10.0.14393.0

Module 77
C:\WINDOWS\System32\IMM32.dll
Image Base: 0x77300000  Image Size: 0x00025000
File Size:  144632      File Time:  2016-07-16_094250
Version:
   Company:    Microsoft Corporation
   Product:    Microsoft® Windows® Operating System
   FileDesc:   Multi-User Windows IMM32 API Client DLL
   FileVer:    10.0.14393.0
   ProdVer:    10.0.14393.0

Module 78
C:\WINDOWS\System32\win32u.dll
Image Base: 0x77330000  Image Size: 0x00015000
File Size:  79536       File Time:  2016-12-06_152032
Version:
   Company:    Microsoft Corporation
   Product:    Microsoft® Windows® Operating System
   FileDesc:   Win32u
   FileVer:    10.0.14393.51
   ProdVer:    10.0.14393.51

Module 79
C:\WINDOWS\System32\NSI.dll
Image Base: 0x77350000  Image Size: 0x00007000
File Size:  20152       File Time:  2016-07-16_094228
Version:
   Company:    Microsoft Corporation
   Product:    Microsoft® Windows® Operating System
   FileDesc:   NSI User-mode interface DLL
   FileVer:    10.0.14393.0
   ProdVer:    10.0.14393.0

Module 80
C:\WINDOWS\System32\GDI32.dll
Image Base: 0x773c0000  Image Size: 0x0002b000
File Size:  170960      File Time:  2016-12-06_152034
Version:
   Company:    Microsoft Corporation
   Product:    Microsoft® Windows® Operating System
   FileDesc:   GDI Client DLL
   FileVer:    10.0.14393.206
   ProdVer:    10.0.14393.206

Module 81
C:\WINDOWS\System32\kernel.appcore.dll
Image Base: 0x773f0000  Image Size: 0x0000d000
File Size:  43416       File Time:  2016-07-16_094256
Version:
   Company:    Microsoft Corporation
   Product:    Microsoft® Windows® Operating System
   FileDesc:   AppModel API Host
   FileVer:    10.0.14393.0
   ProdVer:    10.0.14393.0

Module 82
C:\WINDOWS\System32\KERNELBASE.dll
Image Base: 0x77400000  Image Size: 0x001a1000
File Size:  1706488     File Time:  2016-11-11_060002
Version:
   Company:    Microsoft Corporation
   Product:    Microsoft® Windows® Operating System
   FileDesc:   Windows NT BASE API Client DLL
   FileVer:    10.0.14393.479
   ProdVer:    10.0.14393.479

Module 83
C:\WINDOWS\System32\CRYPT32.dll
Image Base: 0x775b0000  Image Size: 0x0017d000
File Size:  1556712     File Time:  2016-12-06_152028
Version:
   Company:    Microsoft Corporation
   Product:    Microsoft® Windows® Operating System
   FileDesc:   Crypto API32
   FileVer:    10.0.14393.351
   ProdVer:    10.0.14393.351

Module 84
C:\WINDOWS\System32\OLEAUT32.dll
Image Base: 0x77730000  Image Size: 0x00094000
File Size:  601712      File Time:  2016-12-06_152028
Version:
   Company:    Microsoft Corporation
   Product:    Microsoft® Windows® Operating System
   FileDesc:   OLEAUT32.DLL
   FileVer:    10.0.14393.447
   ProdVer:    10.0.14393.447

Module 85
C:\WINDOWS\System32\SHLWAPI.dll
Image Base: 0x777d0000  Image Size: 0x00046000
File Size:  284056      File Time:  2016-07-16_094304
Version:
   Company:    Microsoft Corporation
   Product:    Microsoft® Windows® Operating System
   FileDesc:   Shell Light-weight Utility Library
   FileVer:    10.0.14393.0
   ProdVer:    10.0.14393.0

Module 86
C:\WINDOWS\System32\ucrtbase.dll
Image Base: 0x779f0000  Image Size: 0x000e0000
File Size:  918304      File Time:  2016-07-16_094256
Version:
   Company:    Microsoft Corporation
   Product:    Microsoft® Windows® Operating System
   FileDesc:   Microsoft® C Runtime Library
   FileVer:    10.0.14393.0
   ProdVer:    10.0.14393.0

Module 87
C:\WINDOWS\System32\ole32.dll
Image Base: 0x77ad0000  Image Size: 0x000ea000
File Size:  959112      File Time:  2016-12-09_075616
Version:
   Company:    Microsoft Corporation
   Product:    Microsoft® Windows® Operating System
   FileDesc:   Microsoft OLE for Windows
   FileVer:    10.0.14393.576
   ProdVer:    10.0.14393.576

Module 88
C:\WINDOWS\SYSTEM32\ntdll.dll
Image Base: 0x77bc0000  Image Size: 0x00183000
File Size:  1572768     File Time:  2016-11-11_060000
Version:
   Company:    Microsoft Corporation
   Product:    Microsoft® Windows® Operating System
   FileDesc:   NT Layer DLL
   FileVer:    10.0.14393.479
   ProdVer:    10.0.14393.479


== [end of error.log] ==
